[2022-08-30 14:13:06.1921] | Info | 正在读取配置信息... 
[2022-08-30 14:13:06.5116] | Info | 读取配置信息完成... 
[2022-08-30 14:13:06.5462] | Info | 正在加载物品数据库... 
[2022-08-30 14:13:06.9324] | Info | 物品数据库加载成功(1000)... 
[2022-08-30 14:13:06.9324] | Info | 正在加载数据图文件... 
[2022-08-30 14:13:06.9490] | Info | 小地图数据加载成功... 
[2022-08-30 14:13:06.9491] | Info | 正在加载地图数据... 
[2022-08-30 14:13:13.0469] | Info | 地图数据加载成功(322)... 
[2022-08-30 14:13:13.0611] | Info | 正在加载怪物数据库... 
[2022-08-30 14:13:13.2341] | Info | 加载怪物数据库成功(705)... 
[2022-08-30 14:13:13.2343] | Info | 正在加载技能数据库... 
[2022-08-30 14:13:13.2387] | Info | 加载技能数据库成功(206)... 
[2022-08-30 14:13:13.2387] | Info | 正在加载怪物刷新配置信息... 
[2022-08-30 14:13:13.2733] | Info | 加载怪物刷新配置信息成功(2828)... 
[2022-08-30 14:13:13.2733] | Info | 正加载怪物说话配置信息... 
[2022-08-30 14:13:13.2741] | Info | 加载怪物说话配置信息成功(0)... 
[2022-08-30 14:13:13.2756] | Info | 正在加载捆装物品信息... 
[2022-08-30 14:13:13.2763] | Info | 加载捆装物品信息成功... 
[2022-08-30 14:13:13.2763] | Info | 加载物品寄售系统... 
[2022-08-30 14:13:13.3030] | Info | 正在加载任务地图信息... 
[2022-08-30 14:13:13.3130] | Info | 加载任务地图信息成功... 
[2022-08-30 14:13:13.3132] | Info | 正在加载任务说明信息... 
[2022-08-30 14:13:13.3143] | Info | 加载任务说明信息成功... 
[2022-08-30 14:13:13.3143] | Info | 正在加载公告提示信息... 
[2022-08-30 14:13:13.3329] | Info | 加载公告提示信息成功... 
[2022-08-30 14:13:13.3385] | Info | 管理员列表加载成功... 
[2022-08-30 14:13:13.3515] | Info | 行会列表加载成功... 
[2022-08-30 14:13:13.3811] | Info | 城堡列表加载成功... 
[2022-08-30 14:13:13.3958] | Info | 城堡城初始完成... 
[2022-08-30 14:13:13.3985] | Info | 当前服务器运行主节点模式... 
[2022-08-30 14:13:13.4000] | Info | 登录服务器连接初始化完成... 
[2022-08-30 14:13:13.4014] | Info | 地图环境加载成功... 
[2022-08-30 14:13:13.4239] | Info | 矿物数据初始成功... 
[2022-08-30 14:13:13.4256] | Info | 交易NPC列表加载成功... 
[2022-08-30 14:13:13.4340] | Info | 守卫列表加载成功... 
[2022-08-30 14:13:13.4358] | Info | 管理NPC列表加载成功... 
[2022-08-30 14:13:13.4366] | Info | 炼制物品信息加载成功... 
[2022-08-30 14:13:13.4375] | Info | 回城点配置加载成功... 
[2022-08-30 14:13:13.4375] | Info | 正在初始安全区光圈... 
[2022-08-30 14:13:13.4375] | Info | 安全区光圈初始化成功... 
[2022-08-30 14:13:13.4381] | Info | 人物数据引擎启动成功... 
[2022-08-30 14:13:13.5616] | Info | 游戏处理引擎初始化成功... 
[2022-08-30 14:13:13.5616] | Info | 引擎版本: 1.00 Build 20161001 
[2022-08-30 14:13:13.5616] | Info | 更新日期: 2016/10/01 
[2022-08-30 14:14:07.5713] | Info | 正在读取配置信息... 
[2022-08-30 14:14:07.8823] | Info | 读取配置信息完成... 
[2022-08-30 14:14:07.8861] | Info | 正在加载物品数据库... 
[2022-08-30 14:14:08.1156] | Info | 物品数据库加载成功(1000)... 
[2022-08-30 14:14:08.1156] | Info | 正在加载数据图文件... 
[2022-08-30 14:14:08.1169] | Info | 小地图数据加载成功... 
[2022-08-30 14:14:08.1169] | Info | 正在加载地图数据... 
[2022-08-30 17:27:09.2115] | Info | 正在读取配置信息... 
[2022-08-30 17:27:09.4926] | Info | 读取配置信息完成... 
[2022-08-30 17:27:09.5286] | Info | 正在加载物品数据库... 
[2022-08-30 17:27:09.7725] | Info | 物品数据库加载成功(1000)... 
[2022-08-30 17:27:09.7725] | Info | 正在加载数据图文件... 
[2022-08-30 17:27:09.7866] | Info | 小地图数据加载成功... 
[2022-08-30 17:27:09.7866] | Info | 正在加载地图数据... 
[2022-08-30 17:27:13.6957] | Info | 地图数据加载成功(322)... 
[2022-08-30 17:27:13.6957] | Info | 正在加载怪物数据库... 
[2022-08-30 17:27:13.7847] | Info | 加载怪物数据库成功(705)... 
[2022-08-30 17:27:13.7847] | Info | 正在加载技能数据库... 
[2022-08-30 17:27:13.7897] | Info | 加载技能数据库成功(206)... 
[2022-08-30 17:27:13.7897] | Info | 正在加载怪物刷新配置信息... 
[2022-08-30 17:27:13.8134] | Info | 加载怪物刷新配置信息成功(2828)... 
[2022-08-30 17:27:13.8134] | Info | 正加载怪物说话配置信息... 
[2022-08-30 17:27:13.8144] | Info | 加载怪物说话配置信息成功(0)... 
[2022-08-30 17:27:13.8241] | Info | 正在加载捆装物品信息... 
[2022-08-30 17:27:13.8325] | Info | 加载捆装物品信息成功... 
[2022-08-30 17:27:13.8325] | Info | 加载物品寄售系统... 
[2022-08-30 17:27:13.8355] | Info | 正在加载任务地图信息... 
[2022-08-30 17:27:13.8377] | Info | 加载任务地图信息成功... 
[2022-08-30 17:27:13.8377] | Info | 正在加载任务说明信息... 
[2022-08-30 17:27:13.8386] | Info | 加载任务说明信息成功... 
[2022-08-30 17:27:13.8386] | Info | 正在加载公告提示信息... 
[2022-08-30 17:27:13.8732] | Info | 加载公告提示信息成功... 
[2022-08-30 17:27:13.8988] | Info | 管理员列表加载成功... 
[2022-08-30 17:27:13.9116] | Info | 行会列表加载成功... 
[2022-08-30 17:27:13.9314] | Info | 城堡列表加载成功... 
[2022-08-30 17:27:13.9374] | Info | 城堡城初始完成... 
[2022-08-30 17:27:13.9400] | Info | 当前服务器运行主节点模式... 
[2022-08-30 17:27:13.9415] | Info | 登录服务器连接初始化完成... 
[2022-08-30 17:27:13.9435] | Info | 地图环境加载成功... 
[2022-08-30 17:27:13.9711] | Info | 矿物数据初始成功... 
[2022-08-30 17:27:13.9732] | Info | 交易NPC列表加载成功... 
[2022-08-30 17:27:13.9765] | Info | 守卫列表加载成功... 
[2022-08-30 17:27:13.9774] | Info | 管理NPC列表加载成功... 
[2022-08-30 17:27:13.9774] | Info | 炼制物品信息加载成功... 
[2022-08-30 17:27:13.9788] | Info | 回城点配置加载成功... 
[2022-08-30 17:27:13.9788] | Info | 正在初始安全区光圈... 
[2022-08-30 17:27:13.9788] | Info | 安全区光圈初始化成功... 
[2022-08-30 17:27:13.9793] | Info | 人物数据引擎启动成功... 
[2022-08-30 17:27:14.1007] | Info | 游戏处理引擎初始化成功... 
[2022-08-30 17:27:14.1007] | Info | 引擎版本: 1.00 Build 20161001 
[2022-08-30 17:27:14.1007] | Info | 更新日期: 2016/10/01 
[2022-08-30 18:07:57.5860] | Info | 正在读取配置信息... 
[2022-08-30 18:07:57.8384] | Info | 读取配置信息完成... 
[2022-08-30 18:07:57.8421] | Info | 正在加载物品数据库... 
[2022-08-30 18:07:58.0707] | Info | 物品数据库加载成功(1000)... 
[2022-08-30 18:07:58.0707] | Info | 正在加载数据图文件... 
[2022-08-30 18:07:58.0920] | Info | 小地图数据加载成功... 
[2022-08-30 18:07:58.0920] | Info | 正在加载地图数据... 
[2022-08-30 18:08:02.7465] | Info | 地图数据加载成功(322)... 
[2022-08-30 18:08:02.7465] | Info | 正在加载怪物数据库... 
[2022-08-30 18:08:02.8606] | Info | 加载怪物数据库成功(705)... 
[2022-08-30 18:08:02.8606] | Info | 正在加载技能数据库... 
[2022-08-30 18:08:02.8677] | Info | 加载技能数据库成功(206)... 
[2022-08-30 18:08:02.8677] | Info | 正在加载怪物刷新配置信息... 
[2022-08-30 18:08:02.8869] | Info | 加载怪物刷新配置信息成功(2828)... 
[2022-08-30 18:08:02.8869] | Info | 正加载怪物说话配置信息... 
[2022-08-30 18:08:02.8877] | Info | 加载怪物说话配置信息成功(0)... 
[2022-08-30 18:08:02.8912] | Info | 正在加载捆装物品信息... 
[2022-08-30 18:08:02.8918] | Info | 加载捆装物品信息成功... 
[2022-08-30 18:08:02.8918] | Info | 加载物品寄售系统... 
[2022-08-30 18:08:02.8950] | Info | 正在加载任务地图信息... 
[2022-08-30 18:08:02.8972] | Info | 加载任务地图信息成功... 
[2022-08-30 18:08:02.8972] | Info | 正在加载任务说明信息... 
[2022-08-30 18:08:02.8981] | Info | 加载任务说明信息成功... 
[2022-08-30 18:08:02.9090] | Info | 正在加载公告提示信息... 
[2022-08-30 18:08:02.9135] | Info | 加载公告提示信息成功... 
[2022-08-30 18:08:02.9465] | Info | 管理员列表加载成功... 
[2022-08-30 18:08:02.9692] | Info | 行会列表加载成功... 
[2022-08-30 18:08:02.9701] | Info | 城堡列表加载成功... 
[2022-08-30 18:08:02.9762] | Info | 城堡城初始完成... 
[2022-08-30 18:08:02.9790] | Info | 当前服务器运行主节点模式... 
[2022-08-30 18:08:03.0078] | Info | 登录服务器连接初始化完成... 
[2022-08-30 18:08:03.0098] | Info | 地图环境加载成功... 
[2022-08-30 18:08:03.0288] | Info | 矿物数据初始成功... 
[2022-08-30 18:08:03.0323] | Info | 交易NPC列表加载成功... 
[2022-08-30 18:08:03.0362] | Info | 守卫列表加载成功... 
[2022-08-30 18:08:03.0374] | Info | 管理NPC列表加载成功... 
[2022-08-30 18:08:03.0374] | Info | 炼制物品信息加载成功... 
[2022-08-30 18:08:03.0390] | Info | 回城点配置加载成功... 
[2022-08-30 18:08:03.0390] | Info | 正在初始安全区光圈... 
[2022-08-30 18:08:03.0390] | Info | 安全区光圈初始化成功... 
[2022-08-30 18:08:03.0395] | Info | 人物数据引擎启动成功... 
[2022-08-30 18:08:03.1500] | Info | 游戏处理引擎初始化成功... 
[2022-08-30 18:08:03.1500] | Info | 引擎版本: 1.00 Build 20161001 
[2022-08-30 18:08:03.1500] | Info | 更新日期: 2016/10/01 
[2022-08-30 18:12:59.5090] | Info | 正在读取配置信息... 
[2022-08-30 18:12:59.7663] | Info | 读取配置信息完成... 
[2022-08-30 18:12:59.7698] | Info | 正在加载物品数据库... 
[2022-08-30 18:13:00.0224] | Info | 物品数据库加载成功(1000)... 
[2022-08-30 18:13:00.0224] | Info | 正在加载数据图文件... 
[2022-08-30 18:13:00.0451] | Info | 小地图数据加载成功... 
[2022-08-30 18:13:00.0451] | Info | 正在加载地图数据... 
[2022-08-30 18:13:04.4740] | Info | 地图数据加载成功(322)... 
[2022-08-30 18:13:04.4740] | Info | 正在加载怪物数据库... 
[2022-08-30 18:13:04.6074] | Info | 加载怪物数据库成功(705)... 
[2022-08-30 18:13:04.6074] | Info | 正在加载技能数据库... 
[2022-08-30 18:13:04.6120] | Info | 加载技能数据库成功(206)... 
[2022-08-30 18:13:04.6120] | Info | 正在加载怪物刷新配置信息... 
[2022-08-30 18:13:04.6476] | Info | 加载怪物刷新配置信息成功(2828)... 
[2022-08-30 18:13:04.6476] | Info | 正加载怪物说话配置信息... 
[2022-08-30 18:13:04.6486] | Info | 加载怪物说话配置信息成功(0)... 
[2022-08-30 18:13:04.6537] | Info | 正在加载捆装物品信息... 
[2022-08-30 18:13:04.6545] | Info | 加载捆装物品信息成功... 
[2022-08-30 18:13:04.6545] | Info | 加载物品寄售系统... 
[2022-08-30 18:13:04.6578] | Info | 正在加载任务地图信息... 
[2022-08-30 18:13:04.6600] | Info | 加载任务地图信息成功... 
[2022-08-30 18:13:04.6600] | Info | 正在加载任务说明信息... 
[2022-08-30 18:13:04.6609] | Info | 加载任务说明信息成功... 
[2022-08-30 18:13:04.6609] | Info | 正在加载公告提示信息... 
[2022-08-30 18:13:04.6618] | Info | 加载公告提示信息成功... 
[2022-08-30 18:13:04.6688] | Info | 管理员列表加载成功... 
[2022-08-30 18:13:04.6703] | Info | 行会列表加载成功... 
[2022-08-30 18:13:04.6714] | Info | 城堡列表加载成功... 
[2022-08-30 18:13:04.6804] | Info | 城堡城初始完成... 
[2022-08-30 18:13:04.6832] | Info | 当前服务器运行主节点模式... 
[2022-08-30 18:13:04.6846] | Info | 登录服务器连接初始化完成... 
[2022-08-30 18:13:04.6859] | Info | 地图环境加载成功... 
[2022-08-30 18:13:04.7062] | Info | 矿物数据初始成功... 
[2022-08-30 18:13:04.7080] | Info | 交易NPC列表加载成功... 
[2022-08-30 18:13:04.7149] | Info | 守卫列表加载成功... 
[2022-08-30 18:13:04.7161] | Info | 管理NPC列表加载成功... 
[2022-08-30 18:13:04.7169] | Info | 炼制物品信息加载成功... 
[2022-08-30 18:13:04.7176] | Info | 回城点配置加载成功... 
[2022-08-30 18:13:04.7176] | Info | 正在初始安全区光圈... 
[2022-08-30 18:13:04.7176] | Info | 安全区光圈初始化成功... 
[2022-08-30 18:13:04.7176] | Info | 人物数据引擎启动成功... 
[2022-08-30 18:13:04.8044] | Info | 游戏处理引擎初始化成功... 
[2022-08-30 18:13:04.8044] | Info | 引擎版本: 1.00 Build 20161001 
[2022-08-30 18:13:04.8044] | Info | 更新日期: 2016/10/01 
[2022-08-30 18:16:18.2514] | Info | 正在读取配置信息... 
[2022-08-30 18:16:18.4326] | Info | 读取配置信息完成... 
[2022-08-30 18:16:18.4358] | Info | 正在加载物品数据库... 
[2022-08-30 18:16:18.6591] | Info | 物品数据库加载成功(1000)... 
[2022-08-30 18:16:18.6591] | Info | 正在加载数据图文件... 
[2022-08-30 18:16:18.6599] | Info | 小地图数据加载成功... 
[2022-08-30 18:16:18.6599] | Info | 正在加载地图数据... 
[2022-08-30 18:16:21.3117] | Info | 地图数据加载成功(322)... 
[2022-08-30 18:16:21.3117] | Info | 正在加载怪物数据库... 
[2022-08-30 18:16:21.3670] | Info | 加载怪物数据库成功(705)... 
[2022-08-30 18:16:21.3670] | Info | 正在加载技能数据库... 
[2022-08-30 18:16:21.3715] | Info | 加载技能数据库成功(206)... 
[2022-08-30 18:16:21.3715] | Info | 正在加载怪物刷新配置信息... 
[2022-08-30 18:16:21.4079] | Info | 加载怪物刷新配置信息成功(2828)... 
[2022-08-30 18:16:21.4079] | Info | 正加载怪物说话配置信息... 
[2022-08-30 18:16:21.4087] | Info | 加载怪物说话配置信息成功(0)... 
[2022-08-30 18:16:21.4100] | Info | 正在加载捆装物品信息... 
[2022-08-30 18:16:21.4105] | Info | 加载捆装物品信息成功... 
[2022-08-30 18:16:21.4105] | Info | 加载物品寄售系统... 
[2022-08-30 18:16:21.4133] | Info | 正在加载任务地图信息... 
[2022-08-30 18:16:21.4173] | Info | 加载任务地图信息成功... 
[2022-08-30 18:16:21.4173] | Info | 正在加载任务说明信息... 
[2022-08-30 18:16:21.4184] | Info | 加载任务说明信息成功... 
[2022-08-30 18:16:21.4184] | Info | 正在加载公告提示信息... 
[2022-08-30 18:16:21.4184] | Info | 加载公告提示信息成功... 
[2022-08-30 18:16:21.4197] | Info | 管理员列表加载成功... 
[2022-08-30 18:16:21.4203] | Info | 行会列表加载成功... 
[2022-08-30 18:16:21.4203] | Info | 城堡列表加载成功... 
[2022-08-30 18:16:21.4274] | Info | 城堡城初始完成... 
[2022-08-30 18:16:21.4300] | Info | 当前服务器运行主节点模式... 
[2022-08-30 18:16:21.4313] | Info | 登录服务器连接初始化完成... 
[2022-08-30 18:16:21.4349] | Info | 地图环境加载成功... 
[2022-08-30 18:16:21.4824] | Info | 矿物数据初始成功... 
[2022-08-30 18:16:21.4888] | Info | 交易NPC列表加载成功... 
[2022-08-30 18:16:21.4922] | Info | 守卫列表加载成功... 
[2022-08-30 18:16:21.4931] | Info | 管理NPC列表加载成功... 
[2022-08-30 18:16:21.4937] | Info | 炼制物品信息加载成功... 
[2022-08-30 18:16:21.4945] | Info | 回城点配置加载成功... 
[2022-08-30 18:16:21.4970] | Info | 正在初始安全区光圈... 
[2022-08-30 18:16:21.4970] | Info | 安全区光圈初始化成功... 
[2022-08-30 18:16:21.4975] | Info | 人物数据引擎启动成功... 
[2022-08-30 18:16:21.5907] | Info | 游戏处理引擎初始化成功... 
[2022-08-30 18:16:21.5907] | Info | 引擎版本: 1.00 Build 20161001 
[2022-08-30 18:16:21.5907] | Info | 更新日期: 2016/10/01 
[2022-08-30 18:18:07.1899] | Info | 正在读取配置信息... 
[2022-08-30 18:18:07.3710] | Info | 读取配置信息完成... 
[2022-08-30 18:18:07.3743] | Info | 正在加载物品数据库... 
[2022-08-30 18:18:07.6060] | Info | 物品数据库加载成功(1000)... 
[2022-08-30 18:18:07.6060] | Info | 正在加载数据图文件... 
[2022-08-30 18:18:07.6069] | Info | 小地图数据加载成功... 
[2022-08-30 18:18:07.6069] | Info | 正在加载地图数据... 
[2022-08-30 18:18:10.1586] | Info | 地图数据加载成功(322)... 
[2022-08-30 18:18:10.1586] | Info | 正在加载怪物数据库... 
[2022-08-30 18:18:10.1896] | Info | 加载怪物数据库成功(705)... 
[2022-08-30 18:18:10.1896] | Info | 正在加载技能数据库... 
[2022-08-30 18:18:10.1937] | Info | 加载技能数据库成功(206)... 
[2022-08-30 18:18:10.1937] | Info | 正在加载怪物刷新配置信息... 
[2022-08-30 18:18:10.2104] | Info | 加载怪物刷新配置信息成功(2828)... 
[2022-08-30 18:18:10.2104] | Info | 正加载怪物说话配置信息... 
[2022-08-30 18:18:10.2104] | Info | 加载怪物说话配置信息成功(0)... 
[2022-08-30 18:18:10.2126] | Info | 正在加载捆装物品信息... 
[2022-08-30 18:18:10.2126] | Info | 加载捆装物品信息成功... 
[2022-08-30 18:18:10.2126] | Info | 加载物品寄售系统... 
[2022-08-30 18:18:10.2157] | Info | 正在加载任务地图信息... 
[2022-08-30 18:18:10.2176] | Info | 加载任务地图信息成功... 
[2022-08-30 18:18:10.2176] | Info | 正在加载任务说明信息... 
[2022-08-30 18:18:10.2185] | Info | 加载任务说明信息成功... 
[2022-08-30 18:18:10.2185] | Info | 正在加载公告提示信息... 
[2022-08-30 18:18:10.2185] | Info | 加载公告提示信息成功... 
[2022-08-30 18:18:10.2196] | Info | 管理员列表加载成功... 
[2022-08-30 18:18:10.2196] | Info | 行会列表加载成功... 
[2022-08-30 18:18:10.2208] | Info | 城堡列表加载成功... 
[2022-08-30 18:18:10.2264] | Info | 城堡城初始完成... 
[2022-08-30 18:18:10.2289] | Info | 当前服务器运行主节点模式... 
[2022-08-30 18:18:10.2303] | Info | 登录服务器连接初始化完成... 
[2022-08-30 18:18:10.2322] | Info | 地图环境加载成功... 
[2022-08-30 18:18:10.2555] | Info | 矿物数据初始成功... 
[2022-08-30 18:18:10.2569] | Info | 交易NPC列表加载成功... 
[2022-08-30 18:18:10.2598] | Info | 守卫列表加载成功... 
[2022-08-30 18:18:10.2605] | Info | 管理NPC列表加载成功... 
[2022-08-30 18:18:10.2605] | Info | 炼制物品信息加载成功... 
[2022-08-30 18:18:10.2616] | Info | 回城点配置加载成功... 
[2022-08-30 18:18:10.2616] | Info | 正在初始安全区光圈... 
[2022-08-30 18:18:10.2616] | Info | 安全区光圈初始化成功... 
[2022-08-30 18:18:10.2616] | Info | 人物数据引擎启动成功... 
[2022-08-30 18:18:10.3250] | Info | 游戏处理引擎初始化成功... 
[2022-08-30 18:18:10.3250] | Info | 引擎版本: 1.00 Build 20161001 
[2022-08-30 18:18:10.3250] | Info | 更新日期: 2016/10/01 
[2022-08-30 18:28:51.0728] | Info | 正在读取配置信息... 
[2022-08-30 18:28:51.2714] | Info | 读取配置信息完成... 
[2022-08-30 18:28:51.2752] | Info | 正在加载物品数据库... 
[2022-08-30 18:28:51.5351] | Info | 物品数据库加载成功(1000)... 
[2022-08-30 18:28:51.5351] | Info | 正在加载数据图文件... 
[2022-08-30 18:28:51.5360] | Info | 小地图数据加载成功... 
[2022-08-30 18:28:51.5360] | Info | 正在加载地图数据... 
[2022-08-30 18:28:55.0326] | Info | 地图数据加载成功(322)... 
[2022-08-30 18:28:55.0326] | Info | 正在加载怪物数据库... 
[2022-08-30 18:28:55.1043] | Info | 加载怪物数据库成功(705)... 
[2022-08-30 18:28:55.1045] | Info | 正在加载技能数据库... 
[2022-08-30 18:28:55.1166] | Info | 加载技能数据库成功(206)... 
[2022-08-30 18:28:55.1166] | Info | 正在加载怪物刷新配置信息... 
[2022-08-30 18:28:55.1302] | Info | 加载怪物刷新配置信息成功(2828)... 
[2022-08-30 18:28:55.1304] | Info | 正加载怪物说话配置信息... 
[2022-08-30 18:28:55.1314] | Info | 加载怪物说话配置信息成功(0)... 
[2022-08-30 18:28:55.1331] | Info | 正在加载捆装物品信息... 
[2022-08-30 18:28:55.1336] | Info | 加载捆装物品信息成功... 
[2022-08-30 18:28:55.1336] | Info | 加载物品寄售系统... 
[2022-08-30 18:28:55.1364] | Info | 正在加载任务地图信息... 
[2022-08-30 18:28:55.1384] | Info | 加载任务地图信息成功... 
[2022-08-30 18:28:55.1384] | Info | 正在加载任务说明信息... 
[2022-08-30 18:28:55.1384] | Info | 加载任务说明信息成功... 
[2022-08-30 18:28:55.1395] | Info | 正在加载公告提示信息... 
[2022-08-30 18:28:55.1561] | Info | 加载公告提示信息成功... 
[2022-08-30 18:28:55.1688] | Info | 管理员列表加载成功... 
[2022-08-30 18:28:55.1820] | Info | 行会列表加载成功... 
[2022-08-30 18:28:55.1856] | Info | 城堡列表加载成功... 
[2022-08-30 18:28:55.1915] | Info | 城堡城初始完成... 
[2022-08-30 18:28:55.1939] | Info | 当前服务器运行主节点模式... 
[2022-08-30 18:28:55.1952] | Info | 登录服务器连接初始化完成... 
[2022-08-30 18:28:55.1996] | Info | 地图环境加载成功... 
[2022-08-30 18:28:55.2436] | Info | 矿物数据初始成功... 
[2022-08-30 18:28:55.2480] | Info | 交易NPC列表加载成功... 
[2022-08-30 18:28:55.2515] | Info | 守卫列表加载成功... 
[2022-08-30 18:28:55.2515] | Info | 管理NPC列表加载成功... 
[2022-08-30 18:28:55.2529] | Info | 炼制物品信息加载成功... 
[2022-08-30 18:28:55.2535] | Info | 回城点配置加载成功... 
[2022-08-30 18:28:55.2535] | Info | 正在初始安全区光圈... 
[2022-08-30 18:28:55.2535] | Info | 安全区光圈初始化成功... 
[2022-08-30 18:28:55.2535] | Info | 人物数据引擎启动成功... 
[2022-08-30 18:28:55.8256] | Info | 游戏处理引擎初始化成功... 
[2022-08-30 18:28:55.8256] | Info | 引擎版本: 1.00 Build 20161001 
[2022-08-30 18:28:55.8256] | Info | 更新日期: 2016/10/01 
[2022-08-30 18:48:14.7475] | Info | 正在读取配置信息... 
[2022-08-30 18:48:14.9269] | Info | 读取配置信息完成... 
[2022-08-30 18:48:14.9303] | Info | 正在加载物品数据库... 
[2022-08-30 18:48:15.1535] | Info | 物品数据库加载成功(1000)... 
[2022-08-30 18:48:15.1535] | Info | 正在加载数据图文件... 
[2022-08-30 18:48:15.1544] | Info | 小地图数据加载成功... 
[2022-08-30 18:48:15.1544] | Info | 正在加载地图数据... 
[2022-08-30 18:48:18.5093] | Info | 地图数据加载成功(322)... 
[2022-08-30 18:48:18.5095] | Info | 正在加载怪物数据库... 
[2022-08-30 18:48:18.5433] | Info | 加载怪物数据库成功(705)... 
[2022-08-30 18:48:18.5435] | Info | 正在加载技能数据库... 
[2022-08-30 18:48:18.5487] | Info | 加载技能数据库成功(206)... 
[2022-08-30 18:48:18.5487] | Info | 正在加载怪物刷新配置信息... 
[2022-08-30 18:48:18.5762] | Info | 加载怪物刷新配置信息成功(2828)... 
[2022-08-30 18:48:18.5764] | Info | 正加载怪物说话配置信息... 
[2022-08-30 18:48:18.5764] | Info | 加载怪物说话配置信息成功(0)... 
[2022-08-30 18:48:18.5785] | Info | 正在加载捆装物品信息... 
[2022-08-30 18:48:18.5785] | Info | 加载捆装物品信息成功... 
[2022-08-30 18:48:18.5785] | Info | 加载物品寄售系统... 
[2022-08-30 18:48:18.5819] | Info | 正在加载任务地图信息... 
[2022-08-30 18:48:18.5840] | Info | 加载任务地图信息成功... 
[2022-08-30 18:48:18.5840] | Info | 正在加载任务说明信息... 
[2022-08-30 18:48:18.5848] | Info | 加载任务说明信息成功... 
[2022-08-30 18:48:18.5848] | Info | 正在加载公告提示信息... 
[2022-08-30 18:48:18.5854] | Info | 加载公告提示信息成功... 
[2022-08-30 18:48:18.5854] | Info | 管理员列表加载成功... 
[2022-08-30 18:48:18.5866] | Info | 行会列表加载成功... 
[2022-08-30 18:48:18.5866] | Info | 城堡列表加载成功... 
[2022-08-30 18:48:18.5930] | Info | 城堡城初始完成... 
[2022-08-30 18:48:18.5952] | Info | 当前服务器运行主节点模式... 
[2022-08-30 18:48:18.5969] | Info | 登录服务器连接初始化完成... 
[2022-08-30 18:48:18.5984] | Info | 地图环境加载成功... 
[2022-08-30 18:48:18.6206] | Info | 矿物数据初始成功... 
[2022-08-30 18:48:18.6248] | Info | 交易NPC列表加载成功... 
[2022-08-30 18:48:18.6294] | Info | 守卫列表加载成功... 
[2022-08-30 18:48:18.6309] | Info | 管理NPC列表加载成功... 
[2022-08-30 18:48:18.6320] | Info | 炼制物品信息加载成功... 
[2022-08-30 18:48:18.6331] | Info | 回城点配置加载成功... 
[2022-08-30 18:48:18.6331] | Info | 正在初始安全区光圈... 
[2022-08-30 18:48:18.6337] | Info | 安全区光圈初始化成功... 
[2022-08-30 18:48:18.6337] | Info | 人物数据引擎启动成功... 
[2022-08-30 18:48:18.6945] | Info | 游戏处理引擎初始化成功... 
[2022-08-30 18:48:18.6945] | Info | 引擎版本: 1.00 Build 20161001 
[2022-08-30 18:48:18.6945] | Info | 更新日期: 2016/10/01 
[2022-08-30 19:02:32.6895] | Info | 正在读取配置信息... 
[2022-08-30 19:02:32.9379] | Info | 读取配置信息完成... 
[2022-08-30 19:02:32.9416] | Info | 正在加载物品数据库... 
[2022-08-30 19:02:33.3675] | Info | 物品数据库加载成功(1000)... 
[2022-08-30 19:02:33.3675] | Info | 正在加载数据图文件... 
[2022-08-30 19:02:33.3684] | Info | 小地图数据加载成功... 
[2022-08-30 19:02:33.3684] | Info | 正在加载地图数据... 
[2022-08-30 19:02:41.5127] | Info | 地图数据加载成功(322)... 
[2022-08-30 19:02:41.5127] | Info | 正在加载怪物数据库... 
[2022-08-30 19:02:41.5865] | Info | 加载怪物数据库成功(705)... 
[2022-08-30 19:02:41.5865] | Info | 正在加载技能数据库... 
[2022-08-30 19:02:41.5942] | Info | 加载技能数据库成功(206)... 
[2022-08-30 19:02:41.5944] | Info | 正在加载怪物刷新配置信息... 
[2022-08-30 19:02:41.6244] | Info | 加载怪物刷新配置信息成功(2828)... 
[2022-08-30 19:02:41.6244] | Info | 正加载怪物说话配置信息... 
[2022-08-30 19:02:41.6254] | Info | 加载怪物说话配置信息成功(0)... 
[2022-08-30 19:02:41.6266] | Info | 正在加载捆装物品信息... 
[2022-08-30 19:02:41.6266] | Info | 加载捆装物品信息成功... 
[2022-08-30 19:02:41.6266] | Info | 加载物品寄售系统... 
[2022-08-30 19:02:41.6377] | Info | 正在加载任务地图信息... 
[2022-08-30 19:02:41.6397] | Info | 加载任务地图信息成功... 
[2022-08-30 19:02:41.6397] | Info | 正在加载任务说明信息... 
[2022-08-30 19:02:41.6406] | Info | 加载任务说明信息成功... 
[2022-08-30 19:02:41.6406] | Info | 正在加载公告提示信息... 
[2022-08-30 19:02:41.6406] | Info | 加载公告提示信息成功... 
[2022-08-30 19:02:41.6649] | Info | 管理员列表加载成功... 
[2022-08-30 19:02:41.6780] | Info | 行会列表加载成功... 
[2022-08-30 19:02:41.6791] | Info | 城堡列表加载成功... 
[2022-08-30 19:02:41.6851] | Info | 城堡城初始完成... 
[2022-08-30 19:02:41.6905] | Info | 当前服务器运行主节点模式... 
[2022-08-30 19:02:41.6918] | Info | 登录服务器连接初始化完成... 
[2022-08-30 19:02:41.6957] | Info | 地图环境加载成功... 
[2022-08-30 19:02:41.7245] | Info | 矿物数据初始成功... 
[2022-08-30 19:02:41.7276] | Info | 交易NPC列表加载成功... 
[2022-08-30 19:02:41.7308] | Info | 守卫列表加载成功... 
[2022-08-30 19:02:41.7318] | Info | 管理NPC列表加载成功... 
[2022-08-30 19:02:41.7325] | Info | 炼制物品信息加载成功... 
[2022-08-30 19:02:41.7325] | Info | 回城点配置加载成功... 
[2022-08-30 19:02:41.7325] | Info | 正在初始安全区光圈... 
[2022-08-30 19:02:41.7334] | Info | 安全区光圈初始化成功... 
[2022-08-30 19:02:41.7334] | Info | 人物数据引擎启动成功... 
[2022-08-30 19:02:41.7962] | Info | 游戏处理引擎初始化成功... 
[2022-08-30 19:02:41.7965] | Info | 引擎版本: 1.00 Build 20161001 
[2022-08-30 19:02:41.7965] | Info | 更新日期: 2016/10/01 
