[2022-08-24 15:35:54.6510] | Info | 正在启动服务... 
[2022-08-24 15:35:54.6836] | Info | 欢迎使用翎风系列游戏软件... 
[2022-08-24 15:35:54.6843] | Info | 网站:http://www.gameofmir.com 
[2022-08-24 15:35:54.6843] | Info | 论坛:http://bbs.gameofmir.com 
[2022-08-24 15:35:54.7231] | Info | 登录网关[10.10.0.102:7000]已启动... 
[2022-08-24 15:35:56.7370] | Info | 账号服务器[:0]链接成功. 
[2022-08-24 18:22:21.9465] | Info | 正在启动服务... 
[2022-08-24 18:22:21.9743] | Info | 欢迎使用翎风系列游戏软件... 
[2022-08-24 18:22:21.9743] | Info | 网站:http://www.gameofmir.com 
[2022-08-24 18:22:21.9751] | Info | 论坛:http://bbs.gameofmir.com 
[2022-08-24 18:22:22.0161] | Info | 登录网关[10.10.0.102:7000]已启动... 
[2022-08-24 18:22:46.6866] | Info | 正在启动服务... 
[2022-08-24 18:22:46.7121] | Info | 欢迎使用翎风系列游戏软件... 
[2022-08-24 18:22:46.7121] | Info | 网站:http://www.gameofmir.com 
[2022-08-24 18:22:46.7121] | Info | 论坛:http://bbs.gameofmir.com 
[2022-08-24 18:22:46.7586] | Info | 登录网关[10.10.0.102:7000]已启动... 
[2022-08-24 18:24:28.2554] | Info | 正在启动服务... 
[2022-08-24 18:24:28.2757] | Info | 欢迎使用翎风系列游戏软件... 
[2022-08-24 18:24:28.2761] | Info | 网站:http://www.gameofmir.com 
[2022-08-24 18:24:28.2761] | Info | 论坛:http://bbs.gameofmir.com 
[2022-08-24 18:24:28.3113] | Info | 登录网关[10.10.0.102:7000]已启动... 
[2022-08-24 18:25:41.5046] | Info | 正在启动服务... 
[2022-08-24 18:25:41.5354] | Info | 欢迎使用翎风系列游戏软件... 
[2022-08-24 18:25:41.5354] | Info | 网站:http://www.gameofmir.com 
[2022-08-24 18:25:41.5360] | Info | 论坛:http://bbs.gameofmir.com 
[2022-08-24 18:25:41.5724] | Info | 登录网关[10.10.0.102:7000]已启动... 
[2022-08-24 19:24:53.9730] | Info | 正在启动服务... 
[2022-08-24 19:24:53.9992] | Info | 欢迎使用翎风系列游戏软件... 
[2022-08-24 19:24:53.9997] | Info | 网站:http://www.gameofmir.com 
[2022-08-24 19:24:53.9997] | Info | 论坛:http://bbs.gameofmir.com 
[2022-08-24 19:24:54.0306] | Info | 登录网关[10.10.0.102:7000]已启动... 
