[2022-08-23 13:34:55.5893] | Info | 正在启动服务... 
[2022-08-23 13:34:55.6153] | Info | 欢迎使用翎风系列游戏软件... 
[2022-08-23 13:34:55.6153] | Info | 网站:http://www.gameofmir.com 
[2022-08-23 13:34:55.6153] | Info | 论坛:http://bbs.gameofmir.com 
[2022-08-23 13:34:55.6561] | Info | 登录网关[127.0.0.1:7000]已启动... 
[2022-08-23 13:34:55.6615] | Info | 账号服务器[10.10.0.102:5500]断开链接. 
[2022-08-23 14:25:46.8405] | Info | 正在启动服务... 
[2022-08-23 14:25:46.8679] | Info | 欢迎使用翎风系列游戏软件... 
[2022-08-23 14:25:46.8685] | Info | 网站:http://www.gameofmir.com 
[2022-08-23 14:25:46.8685] | Info | 论坛:http://bbs.gameofmir.com 
[2022-08-23 14:25:46.9118] | Info | 登录网关[127.0.0.1:7000]已启动... 
[2022-08-23 14:25:46.9165] | Info | 账号服务器[10.10.0.102:5500]断开链接. 
[2022-08-23 14:26:15.0530] | Info | 正在启动服务... 
[2022-08-23 14:26:15.0752] | Info | 欢迎使用翎风系列游戏软件... 
[2022-08-23 14:26:15.0758] | Info | 网站:http://www.gameofmir.com 
[2022-08-23 14:26:15.0758] | Info | 论坛:http://bbs.gameofmir.com 
[2022-08-23 14:26:15.1204] | Info | 登录网关[127.0.0.1:7000]已启动... 
[2022-08-23 14:27:58.9747] | Info | 正在启动服务... 
[2022-08-23 14:27:58.9963] | Info | 欢迎使用翎风系列游戏软件... 
[2022-08-23 14:27:58.9967] | Info | 网站:http://www.gameofmir.com 
[2022-08-23 14:27:58.9967] | Info | 论坛:http://bbs.gameofmir.com 
[2022-08-23 14:27:59.0403] | Info | 登录网关[127.0.0.1:7000]已启动... 
[2022-08-23 14:29:32.5051] | Info | 正在启动服务... 
[2022-08-23 14:29:32.5369] | Info | 欢迎使用翎风系列游戏软件... 
[2022-08-23 14:29:32.5376] | Info | 网站:http://www.gameofmir.com 
[2022-08-23 14:29:32.5376] | Info | 论坛:http://bbs.gameofmir.com 
[2022-08-23 14:29:32.5837] | Info | 登录网关[127.0.0.1:7000]已启动... 
[2022-08-23 14:29:37.9528] | Info | 账号服务器[:0]链接成功. 
[2022-08-23 14:29:38.4543] | Info | 账号服务器[:0]断开链接. 
[2022-08-23 14:30:50.1414] | Info | 正在启动服务... 
[2022-08-23 14:30:50.1643] | Info | 欢迎使用翎风系列游戏软件... 
[2022-08-23 14:30:50.1647] | Info | 网站:http://www.gameofmir.com 
[2022-08-23 14:30:50.1647] | Info | 论坛:http://bbs.gameofmir.com 
[2022-08-23 14:30:50.2176] | Info | 登录网关[127.0.0.1:7000]已启动... 
[2022-08-23 14:30:52.0508] | Info | 账号服务器[:0]链接成功. 
[2022-08-23 14:44:29.0410] | Info | 正在启动服务... 
[2022-08-23 14:44:29.0612] | Info | 欢迎使用翎风系列游戏软件... 
[2022-08-23 14:44:29.0616] | Info | 网站:http://www.gameofmir.com 
[2022-08-23 14:44:29.0616] | Info | 论坛:http://bbs.gameofmir.com 
[2022-08-23 14:44:29.1034] | Info | 登录网关[127.0.0.1:7000]已启动... 
[2022-08-23 14:44:29.1088] | Info | 账号服务器[:0]链接成功. 
[2022-08-23 14:45:53.7366] | Info | 账号服务器[:0]断开链接. 
[2022-08-23 14:46:10.7536] | Info | 正在启动服务... 
[2022-08-23 14:46:10.7812] | Info | 欢迎使用翎风系列游戏软件... 
[2022-08-23 14:46:10.7817] | Info | 网站:http://www.gameofmir.com 
[2022-08-23 14:46:10.7817] | Info | 论坛:http://bbs.gameofmir.com 
[2022-08-23 14:46:10.8307] | Info | 登录网关[127.0.0.1:7000]已启动... 
[2022-08-23 14:46:10.8360] | Info | 账号服务器[:0]链接成功. 
[2022-08-23 14:47:29.9116] | Info | 正在启动服务... 
[2022-08-23 14:47:29.9307] | Info | 欢迎使用翎风系列游戏软件... 
[2022-08-23 14:47:29.9307] | Info | 网站:http://www.gameofmir.com 
[2022-08-23 14:47:29.9307] | Info | 论坛:http://bbs.gameofmir.com 
[2022-08-23 14:47:29.9778] | Info | 登录网关[10.10.0.102:7000]已启动... 
[2022-08-23 14:47:29.9829] | Info | 账号服务器[:0]链接成功. 
[2022-08-23 14:47:56.9769] | Info | 账号服务器[:0]断开链接. 
[2022-08-23 14:48:34.0556] | Info | 正在启动服务... 
[2022-08-23 14:48:34.0772] | Info | 欢迎使用翎风系列游戏软件... 
[2022-08-23 14:48:34.0776] | Info | 网站:http://www.gameofmir.com 
[2022-08-23 14:48:34.0776] | Info | 论坛:http://bbs.gameofmir.com 
[2022-08-23 14:48:34.1230] | Info | 登录网关[10.10.0.102:7000]已启动... 
[2022-08-23 14:48:34.1280] | Info | 账号服务器[:0]链接成功. 
[2022-08-23 14:49:42.4347] | Info | 账号服务器[:0]断开链接. 
[2022-08-23 14:49:48.0542] | Info | 正在启动服务... 
[2022-08-23 14:49:48.0737] | Info | 欢迎使用翎风系列游戏软件... 
[2022-08-23 14:49:48.0737] | Info | 网站:http://www.gameofmir.com 
[2022-08-23 14:49:48.0737] | Info | 论坛:http://bbs.gameofmir.com 
[2022-08-23 14:49:48.1189] | Info | 登录网关[10.10.0.102:7000]已启动... 
[2022-08-23 14:49:48.1239] | Info | 账号服务器[:0]链接成功. 
[2022-08-23 14:50:45.3911] | Info | 账号服务器[:0]断开链接. 
[2022-08-23 14:51:26.4373] | Info | 正在启动服务... 
[2022-08-23 14:51:26.4591] | Info | 欢迎使用翎风系列游戏软件... 
[2022-08-23 14:51:26.4597] | Info | 网站:http://www.gameofmir.com 
[2022-08-23 14:51:26.4597] | Info | 论坛:http://bbs.gameofmir.com 
[2022-08-23 14:51:26.5076] | Info | 登录网关[10.10.0.102:7000]已启动... 
[2022-08-23 14:51:28.7370] | Info | 账号服务器[:0]链接成功. 
[2022-08-23 14:52:44.9317] | Info | 正在启动服务... 
[2022-08-23 14:52:44.9509] | Info | 欢迎使用翎风系列游戏软件... 
[2022-08-23 14:52:44.9509] | Info | 网站:http://www.gameofmir.com 
[2022-08-23 14:52:44.9513] | Info | 论坛:http://bbs.gameofmir.com 
[2022-08-23 14:52:44.9911] | Info | 登录网关[10.10.0.102:7000]已启动... 
[2022-08-23 14:52:44.9963] | Info | 账号服务器[:0]链接成功. 
[2022-08-23 15:01:59.5427] | Info | 账号服务器[:0]断开链接. 
[2022-08-23 15:02:14.0482] | Info | 正在启动服务... 
[2022-08-23 15:02:14.0703] | Info | 欢迎使用翎风系列游戏软件... 
[2022-08-23 15:02:14.0707] | Info | 网站:http://www.gameofmir.com 
[2022-08-23 15:02:14.0707] | Info | 论坛:http://bbs.gameofmir.com 
[2022-08-23 15:02:14.1132] | Info | 登录网关[10.10.0.102:7000]已启动... 
[2022-08-23 15:02:14.1874] | Info | 账号服务器[:0]链接成功. 
[2022-08-23 15:03:31.5895] | Info | 正在启动服务... 
[2022-08-23 15:03:31.6100] | Info | 欢迎使用翎风系列游戏软件... 
[2022-08-23 15:03:31.6104] | Info | 网站:http://www.gameofmir.com 
[2022-08-23 15:03:31.6104] | Info | 论坛:http://bbs.gameofmir.com 
[2022-08-23 15:03:31.6485] | Info | 登录网关[10.10.0.102:7000]已启动... 
[2022-08-23 15:03:31.7079] | Info | 账号服务器[:0]链接成功. 
[2022-08-23 15:17:07.2206] | Info | 正在启动服务... 
[2022-08-23 15:17:07.2582] | Info | 欢迎使用翎风系列游戏软件... 
[2022-08-23 15:17:07.2588] | Info | 网站:http://www.gameofmir.com 
[2022-08-23 15:17:07.2588] | Info | 论坛:http://bbs.gameofmir.com 
[2022-08-23 15:17:07.3149] | Info | 登录网关[10.10.0.102:7000]已启动... 
[2022-08-23 15:17:07.4450] | Info | 账号服务器[:0]链接成功. 
[2022-08-23 15:17:47.6927] | Info | 正在启动服务... 
[2022-08-23 15:17:47.7158] | Info | 欢迎使用翎风系列游戏软件... 
[2022-08-23 15:17:47.7164] | Info | 网站:http://www.gameofmir.com 
[2022-08-23 15:17:47.7164] | Info | 论坛:http://bbs.gameofmir.com 
[2022-08-23 15:17:47.7740] | Info | 登录网关[10.10.0.102:7000]已启动... 
[2022-08-23 15:17:47.7819] | Info | 账号服务器[:0]链接成功. 
[2022-08-23 15:17:51.4277] | Info | 正在启动服务... 
[2022-08-23 15:17:51.4487] | Info | 欢迎使用翎风系列游戏软件... 
[2022-08-23 15:17:51.4487] | Info | 网站:http://www.gameofmir.com 
[2022-08-23 15:17:51.4487] | Info | 论坛:http://bbs.gameofmir.com 
[2022-08-23 15:18:05.0650] | Info | 正在启动服务... 
[2022-08-23 15:18:05.0861] | Info | 欢迎使用翎风系列游戏软件... 
[2022-08-23 15:18:05.0865] | Info | 网站:http://www.gameofmir.com 
[2022-08-23 15:18:05.0865] | Info | 论坛:http://bbs.gameofmir.com 
[2022-08-23 15:18:05.1264] | Info | 登录网关[10.10.0.102:7000]已启动... 
[2022-08-23 15:18:05.2050] | Info | 账号服务器[:0]链接成功. 
[2022-08-23 16:19:56.4323] | Info | 正在启动服务... 
[2022-08-23 16:19:56.4665] | Info | 欢迎使用翎风系列游戏软件... 
[2022-08-23 16:19:56.4665] | Info | 网站:http://www.gameofmir.com 
[2022-08-23 16:19:56.4665] | Info | 论坛:http://bbs.gameofmir.com 
[2022-08-23 16:19:56.5027] | Info | 登录网关[10.10.0.102:7000]已启动... 
[2022-08-23 16:19:56.5099] | Info | 账号服务器[:0]链接成功. 
[2022-08-23 17:51:18.8669] | Info | 正在启动服务... 
[2022-08-23 17:51:18.8877] | Info | 欢迎使用翎风系列游戏软件... 
[2022-08-23 17:51:18.8877] | Info | 网站:http://www.gameofmir.com 
[2022-08-23 17:51:18.8877] | Info | 论坛:http://bbs.gameofmir.com 
[2022-08-23 17:51:18.9292] | Info | 登录网关[10.10.0.102:7000]已启动... 
[2022-08-23 17:51:18.9347] | Info | 账号服务器[:0]链接成功. 
[2022-08-23 18:07:20.2140] | Info | 账号服务器[:0]断开链接. 
[2022-08-23 18:07:26.5535] | Info | 正在启动服务... 
[2022-08-23 18:07:26.5725] | Info | 欢迎使用翎风系列游戏软件... 
[2022-08-23 18:07:26.5730] | Info | 网站:http://www.gameofmir.com 
[2022-08-23 18:07:26.5730] | Info | 论坛:http://bbs.gameofmir.com 
[2022-08-23 18:07:26.6123] | Info | 登录网关[10.10.0.102:7000]已启动... 
[2022-08-23 18:07:26.6172] | Info | 账号服务器[:0]链接成功. 
[2022-08-23 18:10:49.4040] | Info | 账号服务器[:0]断开链接. 
