2022-08-16 21:33:12.9357 | Debug | Hosting starting 
2022-08-16 21:33:13.1204 | Info | [2022/8/16 21:33:13]: 正在启动服务... 
2022-08-16 21:33:13.1204 | Info | [2022/8/16 21:33:13]: 欢迎使用翎风系列游戏软件... 
2022-08-16 21:33:13.1211 | Info | [2022/8/16 21:33:13]: 网站:http://www.gameofmir.com 
2022-08-16 21:33:13.1211 | Info | [2022/8/16 21:33:13]: 论坛:http://bbs.gameofmir.com 
2022-08-16 21:33:13.1211 | Info | [2022/8/16 21:33:13]: 数据库服务器[10.10.0.102:5100]链接成功. 
2022-08-16 21:33:13.1211 | Debug | [2022/8/16 21:33:13]: 线程[9a51416db675465d80c9c813ecc72f77]连接 10.10.0.102:5100 成功... 
2022-08-16 21:33:13.1237 | Info | Application started. Press Ctrl+C to shut down. 
2022-08-16 21:33:13.1248 | Debug | [2022/8/16 21:33:13]: 清理超时会话开始工作... 
2022-08-16 21:33:13.1248 | Debug | [2022/8/16 21:33:13]: 清理超时会话工作完成... 
2022-08-16 21:33:13.1248 | Debug | [2022/8/16 21:33:13]: 发送数据库服务器心跳包 
2022-08-16 21:33:13.1252 | Debug | [2022/8/16 21:33:13]: 数据库服务器心跳包响应 
2022-08-16 21:33:13.1283 | Info | Hosting environment: Production 
2022-08-16 21:33:13.1294 | Info | Content root path: /Volumes/Data/Mirserver/SelGate/ 
2022-08-16 21:33:13.1294 | Debug | Hosting started 
2022-08-16 21:33:23.1236 | Debug | [2022/8/16 21:33:23]: 发送数据库服务器心跳包 
2022-08-16 21:33:23.1236 | Debug | [2022/8/16 21:33:23]: 数据库服务器心跳包响应 
2022-08-16 21:33:33.1238 | Debug | [2022/8/16 21:33:33]: 清理超时会话开始工作... 
2022-08-16 21:33:33.1238 | Debug | [2022/8/16 21:33:33]: 清理超时会话工作完成... 
2022-08-16 21:33:33.1251 | Debug | [2022/8/16 21:33:33]: 发送数据库服务器心跳包 
2022-08-16 21:33:33.1252 | Debug | [2022/8/16 21:33:33]: 数据库服务器心跳包响应 
2022-08-16 21:33:35.3136 | Info | Application is shutting down... 
2022-08-16 21:33:43.6458 | Debug | Hosting starting 
2022-08-16 21:33:44.6423 | Info | [2022/8/16 21:33:43]: 正在启动服务... 
2022-08-16 21:33:45.9845 | Info | [2022/8/16 21:33:43]: 欢迎使用翎风系列游戏软件... 
2022-08-16 21:33:45.9845 | Info | [2022/8/16 21:33:43]: 网站:http://www.gameofmir.com 
2022-08-16 21:33:45.9845 | Info | [2022/8/16 21:33:43]: 论坛:http://bbs.gameofmir.com 
2022-08-16 21:33:45.9845 | Info | [2022/8/16 21:33:43]: 数据库服务器[10.10.0.102:5100]链接成功. 
2022-08-16 21:33:48.2341 | Debug | [2022/8/16 21:33:43]: 线程[4ab6f27596a44b068c0bb37b6d3db3b6]连接 10.10.0.102:5100 成功... 
2022-08-16 21:33:49.8634 | Info | Application started. Press Ctrl+C to shut down. 
2022-08-16 21:33:50.8459 | Debug | [2022/8/16 21:33:49]: 清理超时会话开始工作... 
2022-08-16 21:33:51.2556 | Debug | [2022/8/16 21:33:49]: 清理超时会话工作完成... 
2022-08-16 21:33:51.2556 | Debug | [2022/8/16 21:33:49]: 发送数据库服务器心跳包 
2022-08-16 21:33:51.2561 | Debug | [2022/8/16 21:33:49]: 数据库服务器心跳包响应 
2022-08-16 21:33:51.2586 | Info | Hosting environment: Production 
2022-08-16 21:33:51.2599 | Info | Content root path: /Volumes/Data/Mirserver/SelGate/ 
2022-08-16 21:33:51.2603 | Debug | Hosting started 
2022-08-16 21:34:14.3358 | Debug | Hosting starting 
2022-08-16 21:34:14.5014 | Info | [2022/8/16 21:34:14]: 正在启动服务... 
2022-08-16 21:34:14.5014 | Info | [2022/8/16 21:34:14]: 欢迎使用翎风系列游戏软件... 
2022-08-16 21:34:14.5022 | Info | [2022/8/16 21:34:14]: 网站:http://www.gameofmir.com 
2022-08-16 21:34:14.5022 | Info | [2022/8/16 21:34:14]: 论坛:http://bbs.gameofmir.com 
2022-08-16 21:34:14.5022 | Info | [2022/8/16 21:34:14]: 数据库服务器[10.10.0.102:5100]链接成功. 
2022-08-16 21:34:14.5022 | Debug | [2022/8/16 21:34:14]: 线程[92e6f241c01e4369b1c2dda220f0fdda]连接 10.10.0.102:5100 成功... 
2022-08-16 21:34:14.5050 | Info | Application started. Press Ctrl+C to shut down. 
2022-08-16 21:34:14.5060 | Debug | [2022/8/16 21:34:14]: 清理超时会话开始工作... 
2022-08-16 21:34:14.5062 | Debug | [2022/8/16 21:34:14]: 清理超时会话工作完成... 
2022-08-16 21:34:14.5062 | Debug | [2022/8/16 21:34:14]: 发送数据库服务器心跳包 
2022-08-16 21:34:14.5062 | Debug | [2022/8/16 21:34:14]: 数据库服务器心跳包响应 
2022-08-16 21:34:14.5108 | Info | Hosting environment: Production 
2022-08-16 21:34:14.5123 | Info | Content root path: /Volumes/Data/Mirserver/SelGate/ 
2022-08-16 21:34:14.5123 | Debug | Hosting started 
2022-08-16 21:34:24.5057 | Debug | [2022/8/16 21:34:24]: 发送数据库服务器心跳包 
2022-08-16 21:34:24.5061 | Debug | [2022/8/16 21:34:24]: 数据库服务器心跳包响应 
2022-08-16 21:34:34.5051 | Debug | [2022/8/16 21:34:34]: 清理超时会话开始工作... 
2022-08-16 21:34:34.5053 | Debug | [2022/8/16 21:34:34]: 清理超时会话工作完成... 
2022-08-16 21:34:34.5066 | Debug | [2022/8/16 21:34:34]: 发送数据库服务器心跳包 
2022-08-16 21:34:34.5066 | Debug | [2022/8/16 21:34:34]: 数据库服务器心跳包响应 
2022-08-16 21:34:44.5082 | Debug | [2022/8/16 21:34:44]: 发送数据库服务器心跳包 
2022-08-16 21:34:44.5082 | Debug | [2022/8/16 21:34:44]: 数据库服务器心跳包响应 
2022-08-16 21:34:54.5066 | Debug | [2022/8/16 21:34:54]: 清理超时会话开始工作... 
2022-08-16 21:34:54.5066 | Debug | [2022/8/16 21:34:54]: 清理超时会话工作完成... 
2022-08-16 21:34:54.5095 | Debug | [2022/8/16 21:34:54]: 发送数据库服务器心跳包 
2022-08-16 21:34:54.5095 | Debug | [2022/8/16 21:34:54]: 数据库服务器心跳包响应 
2022-08-16 21:35:04.5109 | Debug | [2022/8/16 21:35:04]: 发送数据库服务器心跳包 
2022-08-16 21:35:04.5109 | Debug | [2022/8/16 21:35:04]: 数据库服务器心跳包响应 
2022-08-16 21:35:14.5075 | Debug | [2022/8/16 21:35:14]: 清理超时会话开始工作... 
2022-08-16 21:35:14.5075 | Debug | [2022/8/16 21:35:14]: 清理超时会话工作完成... 
2022-08-16 21:35:14.5115 | Debug | [2022/8/16 21:35:14]: 发送数据库服务器心跳包 
2022-08-16 21:35:14.5115 | Debug | [2022/8/16 21:35:14]: 数据库服务器心跳包响应 
2022-08-16 21:35:24.5128 | Debug | [2022/8/16 21:35:24]: 发送数据库服务器心跳包 
2022-08-16 21:35:24.5128 | Debug | [2022/8/16 21:35:24]: 数据库服务器心跳包响应 
2022-08-16 21:35:34.5092 | Debug | [2022/8/16 21:35:34]: 清理超时会话开始工作... 
2022-08-16 21:35:34.5092 | Debug | [2022/8/16 21:35:34]: 清理超时会话工作完成... 
2022-08-16 21:35:34.5146 | Debug | [2022/8/16 21:35:34]: 发送数据库服务器心跳包 
2022-08-16 21:35:34.5146 | Debug | [2022/8/16 21:35:34]: 数据库服务器心跳包响应 
2022-08-16 21:35:44.5160 | Debug | [2022/8/16 21:35:44]: 发送数据库服务器心跳包 
2022-08-16 21:35:44.5164 | Debug | [2022/8/16 21:35:44]: 数据库服务器心跳包响应 
2022-08-16 21:35:54.5097 | Debug | [2022/8/16 21:35:54]: 清理超时会话开始工作... 
2022-08-16 21:35:54.5097 | Debug | [2022/8/16 21:35:54]: 清理超时会话工作完成... 
2022-08-16 21:35:54.5177 | Debug | [2022/8/16 21:35:54]: 发送数据库服务器心跳包 
2022-08-16 21:35:54.5177 | Debug | [2022/8/16 21:35:54]: 数据库服务器心跳包响应 
2022-08-16 21:36:04.5190 | Debug | [2022/8/16 21:36:04]: 发送数据库服务器心跳包 
2022-08-16 21:36:04.5192 | Debug | [2022/8/16 21:36:04]: 数据库服务器心跳包响应 
2022-08-16 21:36:14.5111 | Debug | [2022/8/16 21:36:14]: 清理超时会话开始工作... 
2022-08-16 21:36:14.5113 | Debug | [2022/8/16 21:36:14]: 清理超时会话工作完成... 
2022-08-16 21:36:14.5202 | Debug | [2022/8/16 21:36:14]: 发送数据库服务器心跳包 
2022-08-16 21:36:14.5202 | Debug | [2022/8/16 21:36:14]: 数据库服务器心跳包响应 
2022-08-16 21:36:24.5215 | Debug | [2022/8/16 21:36:24]: 发送数据库服务器心跳包 
2022-08-16 21:36:24.5215 | Debug | [2022/8/16 21:36:24]: 数据库服务器心跳包响应 
2022-08-16 21:36:34.5115 | Debug | [2022/8/16 21:36:34]: 清理超时会话开始工作... 
2022-08-16 21:36:34.5115 | Debug | [2022/8/16 21:36:34]: 清理超时会话工作完成... 
2022-08-16 21:36:34.5219 | Debug | [2022/8/16 21:36:34]: 发送数据库服务器心跳包 
2022-08-16 21:36:34.5219 | Debug | [2022/8/16 21:36:34]: 数据库服务器心跳包响应 
2022-08-16 21:36:44.5230 | Debug | [2022/8/16 21:36:44]: 发送数据库服务器心跳包 
2022-08-16 21:36:44.5230 | Debug | [2022/8/16 21:36:44]: 数据库服务器心跳包响应 
2022-08-16 21:36:54.5126 | Debug | [2022/8/16 21:36:54]: 清理超时会话开始工作... 
2022-08-16 21:36:54.5126 | Debug | [2022/8/16 21:36:54]: 清理超时会话工作完成... 
2022-08-16 21:36:54.5249 | Debug | [2022/8/16 21:36:54]: 发送数据库服务器心跳包 
2022-08-16 21:36:54.5249 | Debug | [2022/8/16 21:36:54]: 数据库服务器心跳包响应 
2022-08-16 21:37:04.5269 | Debug | [2022/8/16 21:37:04]: 发送数据库服务器心跳包 
2022-08-16 21:37:04.5269 | Debug | [2022/8/16 21:37:04]: 数据库服务器心跳包响应 
2022-08-16 21:37:14.5137 | Debug | [2022/8/16 21:37:14]: 清理超时会话开始工作... 
2022-08-16 21:37:14.5137 | Debug | [2022/8/16 21:37:14]: 清理超时会话工作完成... 
2022-08-16 21:37:14.5278 | Debug | [2022/8/16 21:37:14]: 发送数据库服务器心跳包 
2022-08-16 21:37:14.5278 | Debug | [2022/8/16 21:37:14]: 数据库服务器心跳包响应 
2022-08-16 21:37:24.5294 | Debug | [2022/8/16 21:37:24]: 发送数据库服务器心跳包 
2022-08-16 21:37:24.5294 | Debug | [2022/8/16 21:37:24]: 数据库服务器心跳包响应 
2022-08-16 21:37:34.5150 | Debug | [2022/8/16 21:37:34]: 清理超时会话开始工作... 
2022-08-16 21:37:34.5150 | Debug | [2022/8/16 21:37:34]: 清理超时会话工作完成... 
2022-08-16 21:37:34.5306 | Debug | [2022/8/16 21:37:34]: 发送数据库服务器心跳包 
2022-08-16 21:37:34.5306 | Debug | [2022/8/16 21:37:34]: 数据库服务器心跳包响应 
2022-08-16 21:37:44.5325 | Debug | [2022/8/16 21:37:44]: 发送数据库服务器心跳包 
2022-08-16 21:37:44.5325 | Debug | [2022/8/16 21:37:44]: 数据库服务器心跳包响应 
2022-08-16 21:37:54.5166 | Debug | [2022/8/16 21:37:54]: 清理超时会话开始工作... 
2022-08-16 21:37:54.5166 | Debug | [2022/8/16 21:37:54]: 清理超时会话工作完成... 
2022-08-16 21:37:54.5334 | Debug | [2022/8/16 21:37:54]: 发送数据库服务器心跳包 
2022-08-16 21:37:54.5334 | Debug | [2022/8/16 21:37:54]: 数据库服务器心跳包响应 
2022-08-16 21:38:04.5342 | Debug | [2022/8/16 21:38:04]: 发送数据库服务器心跳包 
2022-08-16 21:38:04.5342 | Debug | [2022/8/16 21:38:04]: 数据库服务器心跳包响应 
2022-08-16 21:38:14.5188 | Debug | [2022/8/16 21:38:14]: 清理超时会话开始工作... 
2022-08-16 21:38:14.5188 | Debug | [2022/8/16 21:38:14]: 清理超时会话工作完成... 
2022-08-16 21:38:14.5351 | Debug | [2022/8/16 21:38:14]: 发送数据库服务器心跳包 
2022-08-16 21:38:14.5352 | Debug | [2022/8/16 21:38:14]: 数据库服务器心跳包响应 
2022-08-16 21:38:24.5358 | Debug | [2022/8/16 21:38:24]: 发送数据库服务器心跳包 
2022-08-16 21:38:24.5358 | Debug | [2022/8/16 21:38:24]: 数据库服务器心跳包响应 
2022-08-16 21:38:34.5203 | Debug | [2022/8/16 21:38:34]: 清理超时会话开始工作... 
2022-08-16 21:38:34.5203 | Debug | [2022/8/16 21:38:34]: 清理超时会话工作完成... 
2022-08-16 21:38:34.5367 | Debug | [2022/8/16 21:38:34]: 发送数据库服务器心跳包 
2022-08-16 21:38:34.5367 | Debug | [2022/8/16 21:38:34]: 数据库服务器心跳包响应 
2022-08-16 21:38:44.5377 | Debug | [2022/8/16 21:38:44]: 发送数据库服务器心跳包 
2022-08-16 21:38:44.5377 | Debug | [2022/8/16 21:38:44]: 数据库服务器心跳包响应 
2022-08-16 21:38:54.5208 | Debug | [2022/8/16 21:38:54]: 清理超时会话开始工作... 
2022-08-16 21:38:54.5208 | Debug | [2022/8/16 21:38:54]: 清理超时会话工作完成... 
2022-08-16 21:38:54.5392 | Debug | [2022/8/16 21:38:54]: 发送数据库服务器心跳包 
2022-08-16 21:38:54.5392 | Debug | [2022/8/16 21:38:54]: 数据库服务器心跳包响应 
2022-08-16 21:39:04.5405 | Debug | [2022/8/16 21:39:04]: 发送数据库服务器心跳包 
2022-08-16 21:39:04.5405 | Debug | [2022/8/16 21:39:04]: 数据库服务器心跳包响应 
2022-08-16 21:39:14.5231 | Debug | [2022/8/16 21:39:14]: 清理超时会话开始工作... 
2022-08-16 21:39:14.5233 | Debug | [2022/8/16 21:39:14]: 清理超时会话工作完成... 
2022-08-16 21:39:14.5415 | Debug | [2022/8/16 21:39:14]: 发送数据库服务器心跳包 
2022-08-16 21:39:14.5415 | Debug | [2022/8/16 21:39:14]: 数据库服务器心跳包响应 
2022-08-16 21:39:24.5415 | Debug | [2022/8/16 21:39:24]: 发送数据库服务器心跳包 
2022-08-16 21:39:24.5415 | Debug | [2022/8/16 21:39:24]: 数据库服务器心跳包响应 
2022-08-16 21:39:34.5244 | Debug | [2022/8/16 21:39:34]: 清理超时会话开始工作... 
2022-08-16 21:39:34.5244 | Debug | [2022/8/16 21:39:34]: 清理超时会话工作完成... 
2022-08-16 21:39:34.5436 | Debug | [2022/8/16 21:39:34]: 发送数据库服务器心跳包 
2022-08-16 21:39:34.5436 | Debug | [2022/8/16 21:39:34]: 数据库服务器心跳包响应 
2022-08-16 21:39:44.5445 | Debug | [2022/8/16 21:39:44]: 发送数据库服务器心跳包 
2022-08-16 21:39:44.5445 | Debug | [2022/8/16 21:39:44]: 数据库服务器心跳包响应 
2022-08-16 21:39:54.5251 | Debug | [2022/8/16 21:39:54]: 清理超时会话开始工作... 
2022-08-16 21:39:54.5253 | Debug | [2022/8/16 21:39:54]: 清理超时会话工作完成... 
2022-08-16 21:39:54.5460 | Debug | [2022/8/16 21:39:54]: 发送数据库服务器心跳包 
2022-08-16 21:39:54.5460 | Debug | [2022/8/16 21:39:54]: 数据库服务器心跳包响应 
2022-08-16 21:40:04.5478 | Debug | [2022/8/16 21:40:04]: 发送数据库服务器心跳包 
2022-08-16 21:40:04.5478 | Debug | [2022/8/16 21:40:04]: 数据库服务器心跳包响应 
2022-08-16 21:40:14.5266 | Debug | [2022/8/16 21:40:14]: 清理超时会话开始工作... 
2022-08-16 21:40:14.5266 | Debug | [2022/8/16 21:40:14]: 清理超时会话工作完成... 
2022-08-16 21:40:14.5489 | Debug | [2022/8/16 21:40:14]: 发送数据库服务器心跳包 
2022-08-16 21:40:14.5489 | Debug | [2022/8/16 21:40:14]: 数据库服务器心跳包响应 
2022-08-16 21:40:24.5500 | Debug | [2022/8/16 21:40:24]: 发送数据库服务器心跳包 
2022-08-16 21:40:24.5500 | Debug | [2022/8/16 21:40:24]: 数据库服务器心跳包响应 
2022-08-16 21:40:34.5276 | Debug | [2022/8/16 21:40:34]: 清理超时会话开始工作... 
2022-08-16 21:40:34.5276 | Debug | [2022/8/16 21:40:34]: 清理超时会话工作完成... 
2022-08-16 21:40:34.5510 | Debug | [2022/8/16 21:40:34]: 发送数据库服务器心跳包 
2022-08-16 21:40:34.5510 | Debug | [2022/8/16 21:40:34]: 数据库服务器心跳包响应 
2022-08-16 21:40:44.5520 | Debug | [2022/8/16 21:40:44]: 发送数据库服务器心跳包 
2022-08-16 21:40:44.5522 | Debug | [2022/8/16 21:40:44]: 数据库服务器心跳包响应 
2022-08-16 21:40:54.5282 | Debug | [2022/8/16 21:40:54]: 清理超时会话开始工作... 
2022-08-16 21:40:54.5282 | Debug | [2022/8/16 21:40:54]: 清理超时会话工作完成... 
2022-08-16 21:40:54.5538 | Debug | [2022/8/16 21:40:54]: 发送数据库服务器心跳包 
2022-08-16 21:40:54.5538 | Debug | [2022/8/16 21:40:54]: 数据库服务器心跳包响应 
2022-08-16 21:41:04.5551 | Debug | [2022/8/16 21:41:04]: 发送数据库服务器心跳包 
2022-08-16 21:41:04.5553 | Debug | [2022/8/16 21:41:04]: 数据库服务器心跳包响应 
2022-08-16 21:41:14.5290 | Debug | [2022/8/16 21:41:14]: 清理超时会话开始工作... 
2022-08-16 21:41:14.5290 | Debug | [2022/8/16 21:41:14]: 清理超时会话工作完成... 
2022-08-16 21:41:14.5569 | Debug | [2022/8/16 21:41:14]: 发送数据库服务器心跳包 
2022-08-16 21:41:14.5569 | Debug | [2022/8/16 21:41:14]: 数据库服务器心跳包响应 
2022-08-16 21:41:19.3689 | Info | Application is shutting down... 
2022-08-16 21:41:44.3952 | Debug | Hosting starting 
2022-08-16 21:41:44.5528 | Info | [2022/8/16 21:41:44]: 正在启动服务... 
2022-08-16 21:41:44.5534 | Info | [2022/8/16 21:41:44]: 欢迎使用翎风系列游戏软件... 
2022-08-16 21:41:44.5534 | Info | [2022/8/16 21:41:44]: 网站:http://www.gameofmir.com 
2022-08-16 21:41:44.5534 | Info | [2022/8/16 21:41:44]: 论坛:http://bbs.gameofmir.com 
2022-08-16 21:41:44.5534 | Info | [2022/8/16 21:41:44]: 数据库服务器[10.10.0.102:5100]链接成功. 
2022-08-16 21:41:44.5534 | Debug | [2022/8/16 21:41:44]: 线程[461ce1051c694074b532deb0119b984c]连接 10.10.0.102:5100 成功... 
2022-08-16 21:41:44.5564 | Info | Application started. Press Ctrl+C to shut down. 
2022-08-16 21:41:44.5576 | Debug | [2022/8/16 21:41:44]: 清理超时会话开始工作... 
2022-08-16 21:41:44.5576 | Debug | [2022/8/16 21:41:44]: 清理超时会话工作完成... 
2022-08-16 21:41:44.5576 | Debug | [2022/8/16 21:41:44]: 发送数据库服务器心跳包 
2022-08-16 21:41:44.5576 | Debug | [2022/8/16 21:41:44]: 数据库服务器心跳包响应 
2022-08-16 21:41:44.5607 | Info | Hosting environment: Production 
2022-08-16 21:41:44.5617 | Info | Content root path: /Volumes/Data/Mirserver/SelGate/ 
2022-08-16 21:41:44.5617 | Debug | Hosting started 
2022-08-16 21:41:54.5568 | Debug | [2022/8/16 21:41:54]: 发送数据库服务器心跳包 
2022-08-16 21:41:54.5568 | Debug | [2022/8/16 21:41:54]: 数据库服务器心跳包响应 
2022-08-16 21:42:04.5577 | Debug | [2022/8/16 21:42:04]: 清理超时会话开始工作... 
2022-08-16 21:42:04.5577 | Debug | [2022/8/16 21:42:04]: 清理超时会话工作完成... 
2022-08-16 21:42:04.5577 | Debug | [2022/8/16 21:42:04]: 发送数据库服务器心跳包 
2022-08-16 21:42:04.5577 | Debug | [2022/8/16 21:42:04]: 数据库服务器心跳包响应 
2022-08-16 21:42:14.5590 | Debug | [2022/8/16 21:42:14]: 发送数据库服务器心跳包 
2022-08-16 21:42:14.5592 | Debug | [2022/8/16 21:42:14]: 数据库服务器心跳包响应 
2022-08-16 21:42:24.5591 | Debug | [2022/8/16 21:42:24]: 清理超时会话开始工作... 
2022-08-16 21:42:24.5592 | Debug | [2022/8/16 21:42:24]: 清理超时会话工作完成... 
2022-08-16 21:42:24.5606 | Debug | [2022/8/16 21:42:24]: 发送数据库服务器心跳包 
2022-08-16 21:42:24.5606 | Debug | [2022/8/16 21:42:24]: 数据库服务器心跳包响应 
2022-08-16 21:42:34.5630 | Debug | [2022/8/16 21:42:34]: 发送数据库服务器心跳包 
2022-08-16 21:42:34.5632 | Debug | [2022/8/16 21:42:34]: 数据库服务器心跳包响应 
2022-08-16 21:42:44.5596 | Debug | [2022/8/16 21:42:44]: 清理超时会话开始工作... 
2022-08-16 21:42:44.5596 | Debug | [2022/8/16 21:42:44]: 清理超时会话工作完成... 
2022-08-16 21:42:44.5635 | Debug | [2022/8/16 21:42:44]: 发送数据库服务器心跳包 
2022-08-16 21:42:44.5635 | Debug | [2022/8/16 21:42:44]: 数据库服务器心跳包响应 
2022-08-16 21:42:54.5655 | Debug | [2022/8/16 21:42:54]: 发送数据库服务器心跳包 
2022-08-16 21:42:54.5655 | Debug | [2022/8/16 21:42:54]: 数据库服务器心跳包响应 
2022-08-16 21:43:04.5615 | Debug | [2022/8/16 21:43:04]: 清理超时会话开始工作... 
2022-08-16 21:43:04.5615 | Debug | [2022/8/16 21:43:04]: 清理超时会话工作完成... 
2022-08-16 21:43:04.5666 | Debug | [2022/8/16 21:43:04]: 发送数据库服务器心跳包 
2022-08-16 21:43:04.5666 | Debug | [2022/8/16 21:43:04]: 数据库服务器心跳包响应 
2022-08-16 21:43:07.8673 | Info | Application is shutting down... 
2022-08-16 21:43:11.6641 | Debug | Hosting starting 
2022-08-16 21:43:11.8362 | Info | [2022/8/16 21:43:11]: 正在启动服务... 
2022-08-16 21:43:11.8362 | Info | [2022/8/16 21:43:11]: 欢迎使用翎风系列游戏软件... 
2022-08-16 21:43:11.8362 | Info | [2022/8/16 21:43:11]: 网站:http://www.gameofmir.com 
2022-08-16 21:43:11.8362 | Info | [2022/8/16 21:43:11]: 论坛:http://bbs.gameofmir.com 
2022-08-16 21:43:11.8362 | Info | [2022/8/16 21:43:11]: 数据库服务器[10.10.0.102:5100]链接成功. 
2022-08-16 21:43:11.8372 | Debug | [2022/8/16 21:43:11]: 线程[35e9a406a1da41da9522de3e28919868]连接 10.10.0.102:5100 成功... 
2022-08-16 21:43:11.8396 | Info | Application started. Press Ctrl+C to shut down. 
2022-08-16 21:43:11.8407 | Debug | [2022/8/16 21:43:11]: 清理超时会话开始工作... 
2022-08-16 21:43:11.8407 | Debug | [2022/8/16 21:43:11]: 清理超时会话工作完成... 
2022-08-16 21:43:11.8407 | Debug | [2022/8/16 21:43:11]: 发送数据库服务器心跳包 
2022-08-16 21:43:11.8407 | Debug | [2022/8/16 21:43:11]: 数据库服务器心跳包响应 
2022-08-16 21:43:11.8440 | Info | Hosting environment: Production 
2022-08-16 21:43:11.8451 | Info | Content root path: /Volumes/Data/Mirserver/SelGate/ 
2022-08-16 21:43:11.8452 | Debug | Hosting started 
2022-08-16 21:43:21.8398 | Debug | [2022/8/16 21:43:21]: 发送数据库服务器心跳包 
2022-08-16 21:43:21.8398 | Debug | [2022/8/16 21:43:21]: 数据库服务器心跳包响应 
2022-08-16 21:43:31.8404 | Debug | [2022/8/16 21:43:31]: 清理超时会话开始工作... 
2022-08-16 21:43:31.8404 | Debug | [2022/8/16 21:43:31]: 清理超时会话工作完成... 
2022-08-16 21:43:31.8404 | Debug | [2022/8/16 21:43:31]: 发送数据库服务器心跳包 
2022-08-16 21:43:31.8404 | Debug | [2022/8/16 21:43:31]: 数据库服务器心跳包响应 
2022-08-16 21:43:34.7674 | Debug | Hosting starting 
2022-08-16 21:43:34.9188 | Info | [2022/8/16 21:43:34]: 正在启动服务... 
2022-08-16 21:43:34.9193 | Info | [2022/8/16 21:43:34]: 欢迎使用翎风系列游戏软件... 
2022-08-16 21:43:34.9193 | Info | [2022/8/16 21:43:34]: 网站:http://www.gameofmir.com 
2022-08-16 21:43:34.9193 | Info | [2022/8/16 21:43:34]: 论坛:http://bbs.gameofmir.com 
2022-08-16 21:43:34.9193 | Info | [2022/8/16 21:43:34]: 数据库服务器[10.10.0.102:5100]链接成功. 
2022-08-16 21:43:34.9193 | Debug | [2022/8/16 21:43:34]: 线程[b906d9690a564e85bda21254f1e9c775]连接 10.10.0.102:5100 成功... 
2022-08-16 21:43:34.9223 | Info | Application started. Press Ctrl+C to shut down. 
2022-08-16 21:43:34.9233 | Debug | [2022/8/16 21:43:34]: 清理超时会话开始工作... 
2022-08-16 21:43:34.9233 | Debug | [2022/8/16 21:43:34]: 清理超时会话工作完成... 
2022-08-16 21:43:34.9233 | Debug | [2022/8/16 21:43:34]: 发送数据库服务器心跳包 
2022-08-16 21:43:34.9233 | Debug | [2022/8/16 21:43:34]: 数据库服务器心跳包响应 
2022-08-16 21:43:34.9267 | Info | Hosting environment: Production 
2022-08-16 21:43:34.9278 | Info | Content root path: /Volumes/Data/Mirserver/SelGate/ 
2022-08-16 21:43:34.9278 | Debug | Hosting started 
2022-08-16 21:43:44.9230 | Debug | [2022/8/16 21:43:44]: 发送数据库服务器心跳包 
2022-08-16 21:43:44.9233 | Debug | [2022/8/16 21:43:44]: 数据库服务器心跳包响应 
2022-08-16 21:43:54.9225 | Debug | [2022/8/16 21:43:54]: 清理超时会话开始工作... 
2022-08-16 21:43:54.9225 | Debug | [2022/8/16 21:43:54]: 清理超时会话工作完成... 
2022-08-16 21:43:54.9242 | Debug | [2022/8/16 21:43:54]: 发送数据库服务器心跳包 
2022-08-16 21:43:54.9242 | Debug | [2022/8/16 21:43:54]: 数据库服务器心跳包响应 
2022-08-16 21:44:04.9256 | Debug | [2022/8/16 21:44:04]: 发送数据库服务器心跳包 
2022-08-16 21:44:04.9256 | Debug | [2022/8/16 21:44:04]: 数据库服务器心跳包响应 
2022-08-16 21:44:14.9242 | Debug | [2022/8/16 21:44:14]: 清理超时会话开始工作... 
2022-08-16 21:44:14.9242 | Debug | [2022/8/16 21:44:14]: 清理超时会话工作完成... 
2022-08-16 21:44:14.9268 | Debug | [2022/8/16 21:44:14]: 发送数据库服务器心跳包 
2022-08-16 21:44:14.9268 | Debug | [2022/8/16 21:44:14]: 数据库服务器心跳包响应 
2022-08-16 21:44:24.9284 | Debug | [2022/8/16 21:44:24]: 发送数据库服务器心跳包 
2022-08-16 21:44:24.9284 | Debug | [2022/8/16 21:44:24]: 数据库服务器心跳包响应 
2022-08-16 21:44:34.9257 | Debug | [2022/8/16 21:44:34]: 清理超时会话开始工作... 
2022-08-16 21:44:34.9257 | Debug | [2022/8/16 21:44:34]: 清理超时会话工作完成... 
2022-08-16 21:44:34.9293 | Debug | [2022/8/16 21:44:34]: 发送数据库服务器心跳包 
2022-08-16 21:44:34.9293 | Debug | [2022/8/16 21:44:34]: 数据库服务器心跳包响应 
2022-08-16 21:44:44.4700 | Info | Application is shutting down... 
2022-08-16 21:44:44.9307 | Debug | [2022/8/16 21:44:44]: 发送数据库服务器心跳包 
2022-08-16 21:44:44.9307 | Debug | [2022/8/16 21:44:44]: 数据库服务器心跳包响应 
2022-08-16 21:44:47.6758 | Debug | Hosting starting 
2022-08-16 21:44:47.8453 | Info | [2022/8/16 21:44:47]: 正在启动服务... 
2022-08-16 21:44:47.8453 | Info | [2022/8/16 21:44:47]: 欢迎使用翎风系列游戏软件... 
2022-08-16 21:44:47.8453 | Info | [2022/8/16 21:44:47]: 网站:http://www.gameofmir.com 
2022-08-16 21:44:47.8453 | Info | [2022/8/16 21:44:47]: 论坛:http://bbs.gameofmir.com 
2022-08-16 21:44:47.8453 | Info | [2022/8/16 21:44:47]: 数据库服务器[10.10.0.102:5100]链接成功. 
2022-08-16 21:44:47.8462 | Debug | [2022/8/16 21:44:47]: 线程[cec4710687e94b02913917ccbf56f9a0]连接 10.10.0.102:5100 成功... 
2022-08-16 21:44:47.8486 | Info | Application started. Press Ctrl+C to shut down. 
2022-08-16 21:44:47.8496 | Debug | [2022/8/16 21:44:47]: 清理超时会话开始工作... 
2022-08-16 21:44:47.8496 | Debug | [2022/8/16 21:44:47]: 清理超时会话工作完成... 
2022-08-16 21:44:47.8496 | Debug | [2022/8/16 21:44:47]: 发送数据库服务器心跳包 
2022-08-16 21:44:47.8496 | Debug | [2022/8/16 21:44:47]: 数据库服务器心跳包响应 
2022-08-16 21:44:47.8528 | Info | Hosting environment: Production 
2022-08-16 21:44:47.8538 | Info | Content root path: /Volumes/Data/Mirserver/SelGate/ 
2022-08-16 21:44:47.8538 | Debug | Hosting started 
2022-08-16 21:44:57.8488 | Debug | [2022/8/16 21:44:57]: 发送数据库服务器心跳包 
2022-08-16 21:44:57.8493 | Debug | [2022/8/16 21:44:57]: 数据库服务器心跳包响应 
2022-08-16 21:45:07.8484 | Debug | [2022/8/16 21:45:07]: 清理超时会话开始工作... 
2022-08-16 21:45:07.8484 | Debug | [2022/8/16 21:45:07]: 清理超时会话工作完成... 
2022-08-16 21:45:07.8499 | Debug | [2022/8/16 21:45:07]: 发送数据库服务器心跳包 
2022-08-16 21:45:07.8499 | Debug | [2022/8/16 21:45:07]: 数据库服务器心跳包响应 
2022-08-16 21:45:07.9473 | Info | Application is shutting down... 
2022-08-16 21:45:11.2260 | Debug | Hosting starting 
2022-08-16 21:45:11.3812 | Info | [2022/8/16 21:45:11]: 正在启动服务... 
2022-08-16 21:45:11.3812 | Info | [2022/8/16 21:45:11]: 欢迎使用翎风系列游戏软件... 
2022-08-16 21:45:11.3812 | Info | [2022/8/16 21:45:11]: 网站:http://www.gameofmir.com 
2022-08-16 21:45:11.3812 | Info | [2022/8/16 21:45:11]: 论坛:http://bbs.gameofmir.com 
2022-08-16 21:45:11.3812 | Info | [2022/8/16 21:45:11]: 数据库服务器[10.10.0.102:5100]链接成功. 
2022-08-16 21:45:11.3812 | Debug | [2022/8/16 21:45:11]: 线程[72024d49260b4f08a16440c59e026d09]连接 10.10.0.102:5100 成功... 
2022-08-16 21:45:11.3844 | Info | Application started. Press Ctrl+C to shut down. 
2022-08-16 21:45:11.3855 | Debug | [2022/8/16 21:45:11]: 清理超时会话开始工作... 
2022-08-16 21:45:11.3855 | Debug | [2022/8/16 21:45:11]: 清理超时会话工作完成... 
2022-08-16 21:45:11.3855 | Debug | [2022/8/16 21:45:11]: 发送数据库服务器心跳包 
2022-08-16 21:45:11.3855 | Debug | [2022/8/16 21:45:11]: 数据库服务器心跳包响应 
2022-08-16 21:45:11.3886 | Info | Hosting environment: Production 
2022-08-16 21:45:11.3896 | Info | Content root path: /Volumes/Data/Mirserver/SelGate/ 
2022-08-16 21:45:11.3896 | Debug | Hosting started 
2022-08-16 21:45:21.3851 | Debug | [2022/8/16 21:45:21]: 发送数据库服务器心跳包 
2022-08-16 21:45:21.3853 | Debug | [2022/8/16 21:45:21]: 数据库服务器心跳包响应 
2022-08-16 21:45:31.3846 | Debug | [2022/8/16 21:45:31]: 清理超时会话开始工作... 
2022-08-16 21:45:31.3846 | Debug | [2022/8/16 21:45:31]: 清理超时会话工作完成... 
2022-08-16 21:45:31.3861 | Debug | [2022/8/16 21:45:31]: 发送数据库服务器心跳包 
2022-08-16 21:45:31.3862 | Debug | [2022/8/16 21:45:31]: 数据库服务器心跳包响应 
2022-08-16 21:45:41.3874 | Debug | [2022/8/16 21:45:41]: 发送数据库服务器心跳包 
2022-08-16 21:45:41.3874 | Debug | [2022/8/16 21:45:41]: 数据库服务器心跳包响应 
2022-08-16 21:45:51.3859 | Debug | [2022/8/16 21:45:51]: 清理超时会话开始工作... 
2022-08-16 21:45:51.3859 | Debug | [2022/8/16 21:45:51]: 清理超时会话工作完成... 
2022-08-16 21:45:51.3886 | Debug | [2022/8/16 21:45:51]: 发送数据库服务器心跳包 
2022-08-16 21:45:51.3886 | Debug | [2022/8/16 21:45:51]: 数据库服务器心跳包响应 
2022-08-16 21:46:01.3900 | Debug | [2022/8/16 21:46:01]: 发送数据库服务器心跳包 
2022-08-16 21:46:01.3900 | Debug | [2022/8/16 21:46:01]: 数据库服务器心跳包响应 
2022-08-16 21:46:11.3874 | Debug | [2022/8/16 21:46:11]: 清理超时会话开始工作... 
2022-08-16 21:46:11.3874 | Debug | [2022/8/16 21:46:11]: 清理超时会话工作完成... 
2022-08-16 21:46:11.3916 | Debug | [2022/8/16 21:46:11]: 发送数据库服务器心跳包 
2022-08-16 21:46:11.3916 | Debug | [2022/8/16 21:46:11]: 数据库服务器心跳包响应 
2022-08-16 21:46:21.3937 | Debug | [2022/8/16 21:46:21]: 发送数据库服务器心跳包 
2022-08-16 21:46:21.3937 | Debug | [2022/8/16 21:46:21]: 数据库服务器心跳包响应 
2022-08-16 21:46:31.3880 | Debug | [2022/8/16 21:46:31]: 清理超时会话开始工作... 
2022-08-16 21:46:31.3882 | Debug | [2022/8/16 21:46:31]: 清理超时会话工作完成... 
2022-08-16 21:46:31.3953 | Debug | [2022/8/16 21:46:31]: 发送数据库服务器心跳包 
2022-08-16 21:46:31.3953 | Debug | [2022/8/16 21:46:31]: 数据库服务器心跳包响应 
2022-08-16 21:46:41.3963 | Debug | [2022/8/16 21:46:41]: 发送数据库服务器心跳包 
2022-08-16 21:46:41.3963 | Debug | [2022/8/16 21:46:41]: 数据库服务器心跳包响应 
2022-08-16 21:46:51.3892 | Debug | [2022/8/16 21:46:51]: 清理超时会话开始工作... 
2022-08-16 21:46:51.3893 | Debug | [2022/8/16 21:46:51]: 清理超时会话工作完成... 
2022-08-16 21:46:51.3967 | Debug | [2022/8/16 21:46:51]: 发送数据库服务器心跳包 
2022-08-16 21:46:51.3967 | Debug | [2022/8/16 21:46:51]: 数据库服务器心跳包响应 
2022-08-16 21:47:01.3981 | Debug | [2022/8/16 21:47:01]: 发送数据库服务器心跳包 
2022-08-16 21:47:01.3983 | Debug | [2022/8/16 21:47:01]: 数据库服务器心跳包响应 
2022-08-16 21:47:11.3907 | Debug | [2022/8/16 21:47:11]: 清理超时会话开始工作... 
2022-08-16 21:47:11.3907 | Debug | [2022/8/16 21:47:11]: 清理超时会话工作完成... 
2022-08-16 21:47:11.3990 | Debug | [2022/8/16 21:47:11]: 发送数据库服务器心跳包 
2022-08-16 21:47:11.3990 | Debug | [2022/8/16 21:47:11]: 数据库服务器心跳包响应 
2022-08-16 21:47:21.3998 | Debug | [2022/8/16 21:47:21]: 发送数据库服务器心跳包 
2022-08-16 21:47:21.3998 | Debug | [2022/8/16 21:47:21]: 数据库服务器心跳包响应 
2022-08-16 21:47:31.3923 | Debug | [2022/8/16 21:47:31]: 清理超时会话开始工作... 
2022-08-16 21:47:31.3923 | Debug | [2022/8/16 21:47:31]: 清理超时会话工作完成... 
2022-08-16 21:47:31.4013 | Debug | [2022/8/16 21:47:31]: 发送数据库服务器心跳包 
2022-08-16 21:47:31.4013 | Debug | [2022/8/16 21:47:31]: 数据库服务器心跳包响应 
2022-08-16 21:47:41.4014 | Debug | [2022/8/16 21:47:41]: 发送数据库服务器心跳包 
2022-08-16 21:47:41.4014 | Debug | [2022/8/16 21:47:41]: 数据库服务器心跳包响应 
2022-08-16 21:47:51.3938 | Debug | [2022/8/16 21:47:51]: 清理超时会话开始工作... 
2022-08-16 21:47:51.3938 | Debug | [2022/8/16 21:47:51]: 清理超时会话工作完成... 
2022-08-16 21:47:51.4029 | Debug | [2022/8/16 21:47:51]: 发送数据库服务器心跳包 
2022-08-16 21:47:51.4029 | Debug | [2022/8/16 21:47:51]: 数据库服务器心跳包响应 
2022-08-16 21:48:01.4045 | Debug | [2022/8/16 21:48:01]: 发送数据库服务器心跳包 
2022-08-16 21:48:01.4045 | Debug | [2022/8/16 21:48:01]: 数据库服务器心跳包响应 
2022-08-16 21:48:11.3954 | Debug | [2022/8/16 21:48:11]: 清理超时会话开始工作... 
2022-08-16 21:48:11.3954 | Debug | [2022/8/16 21:48:11]: 清理超时会话工作完成... 
2022-08-16 21:48:11.4048 | Debug | [2022/8/16 21:48:11]: 发送数据库服务器心跳包 
2022-08-16 21:48:11.4048 | Debug | [2022/8/16 21:48:11]: 数据库服务器心跳包响应 
2022-08-16 21:48:21.4064 | Debug | [2022/8/16 21:48:21]: 发送数据库服务器心跳包 
2022-08-16 21:48:21.4064 | Debug | [2022/8/16 21:48:21]: 数据库服务器心跳包响应 
2022-08-16 21:48:31.3954 | Debug | [2022/8/16 21:48:31]: 清理超时会话开始工作... 
2022-08-16 21:48:31.3954 | Debug | [2022/8/16 21:48:31]: 清理超时会话工作完成... 
2022-08-16 21:48:31.4065 | Debug | [2022/8/16 21:48:31]: 发送数据库服务器心跳包 
2022-08-16 21:48:31.4065 | Debug | [2022/8/16 21:48:31]: 数据库服务器心跳包响应 
2022-08-16 21:48:41.4080 | Debug | [2022/8/16 21:48:41]: 发送数据库服务器心跳包 
2022-08-16 21:48:41.4082 | Debug | [2022/8/16 21:48:41]: 数据库服务器心跳包响应 
2022-08-16 21:48:51.3966 | Debug | [2022/8/16 21:48:51]: 清理超时会话开始工作... 
2022-08-16 21:48:51.3966 | Debug | [2022/8/16 21:48:51]: 清理超时会话工作完成... 
2022-08-16 21:48:51.4094 | Debug | [2022/8/16 21:48:51]: 发送数据库服务器心跳包 
2022-08-16 21:48:51.4094 | Debug | [2022/8/16 21:48:51]: 数据库服务器心跳包响应 
2022-08-16 21:49:01.4095 | Debug | [2022/8/16 21:49:01]: 发送数据库服务器心跳包 
2022-08-16 21:49:01.4095 | Debug | [2022/8/16 21:49:01]: 数据库服务器心跳包响应 
2022-08-16 21:49:11.3985 | Debug | [2022/8/16 21:49:11]: 清理超时会话开始工作... 
2022-08-16 21:49:11.3985 | Debug | [2022/8/16 21:49:11]: 清理超时会话工作完成... 
2022-08-16 21:49:11.4116 | Debug | [2022/8/16 21:49:11]: 发送数据库服务器心跳包 
2022-08-16 21:49:11.4116 | Debug | [2022/8/16 21:49:11]: 数据库服务器心跳包响应 
2022-08-16 21:49:21.4117 | Debug | [2022/8/16 21:49:21]: 发送数据库服务器心跳包 
2022-08-16 21:49:21.4117 | Debug | [2022/8/16 21:49:21]: 数据库服务器心跳包响应 
2022-08-16 21:49:31.3986 | Debug | [2022/8/16 21:49:31]: 清理超时会话开始工作... 
2022-08-16 21:49:31.3986 | Debug | [2022/8/16 21:49:31]: 清理超时会话工作完成... 
2022-08-16 21:49:31.4128 | Debug | [2022/8/16 21:49:31]: 发送数据库服务器心跳包 
2022-08-16 21:49:31.4128 | Debug | [2022/8/16 21:49:31]: 数据库服务器心跳包响应 
2022-08-16 21:49:41.4149 | Debug | [2022/8/16 21:49:41]: 发送数据库服务器心跳包 
2022-08-16 21:49:41.4149 | Debug | [2022/8/16 21:49:41]: 数据库服务器心跳包响应 
2022-08-16 21:49:51.4004 | Debug | [2022/8/16 21:49:51]: 清理超时会话开始工作... 
2022-08-16 21:49:51.4004 | Debug | [2022/8/16 21:49:51]: 清理超时会话工作完成... 
2022-08-16 21:49:51.4157 | Debug | [2022/8/16 21:49:51]: 发送数据库服务器心跳包 
2022-08-16 21:49:51.4157 | Debug | [2022/8/16 21:49:51]: 数据库服务器心跳包响应 
2022-08-16 21:50:01.4166 | Debug | [2022/8/16 21:50:01]: 发送数据库服务器心跳包 
2022-08-16 21:50:01.4166 | Debug | [2022/8/16 21:50:01]: 数据库服务器心跳包响应 
2022-08-16 21:50:11.4012 | Debug | [2022/8/16 21:50:11]: 清理超时会话开始工作... 
2022-08-16 21:50:11.4012 | Debug | [2022/8/16 21:50:11]: 清理超时会话工作完成... 
2022-08-16 21:50:11.4188 | Debug | [2022/8/16 21:50:11]: 发送数据库服务器心跳包 
2022-08-16 21:50:11.4188 | Debug | [2022/8/16 21:50:11]: 数据库服务器心跳包响应 
2022-08-16 21:50:21.4205 | Debug | [2022/8/16 21:50:21]: 发送数据库服务器心跳包 
2022-08-16 21:50:21.4205 | Debug | [2022/8/16 21:50:21]: 数据库服务器心跳包响应 
2022-08-16 21:50:31.4024 | Debug | [2022/8/16 21:50:31]: 清理超时会话开始工作... 
2022-08-16 21:50:31.4024 | Debug | [2022/8/16 21:50:31]: 清理超时会话工作完成... 
2022-08-16 21:50:31.4212 | Debug | [2022/8/16 21:50:31]: 发送数据库服务器心跳包 
2022-08-16 21:50:31.4212 | Debug | [2022/8/16 21:50:31]: 数据库服务器心跳包响应 
2022-08-16 21:50:41.4219 | Debug | [2022/8/16 21:50:41]: 发送数据库服务器心跳包 
2022-08-16 21:50:41.4219 | Debug | [2022/8/16 21:50:41]: 数据库服务器心跳包响应 
2022-08-16 21:50:51.4039 | Debug | [2022/8/16 21:50:51]: 清理超时会话开始工作... 
2022-08-16 21:50:51.4039 | Debug | [2022/8/16 21:50:51]: 清理超时会话工作完成... 
2022-08-16 21:50:51.4226 | Debug | [2022/8/16 21:50:51]: 发送数据库服务器心跳包 
2022-08-16 21:50:51.4226 | Debug | [2022/8/16 21:50:51]: 数据库服务器心跳包响应 
2022-08-16 21:51:01.4239 | Debug | [2022/8/16 21:51:01]: 发送数据库服务器心跳包 
2022-08-16 21:51:01.4239 | Debug | [2022/8/16 21:51:01]: 数据库服务器心跳包响应 
2022-08-16 21:51:11.4048 | Debug | [2022/8/16 21:51:11]: 清理超时会话开始工作... 
2022-08-16 21:51:11.4048 | Debug | [2022/8/16 21:51:11]: 清理超时会话工作完成... 
2022-08-16 21:51:11.4253 | Debug | [2022/8/16 21:51:11]: 发送数据库服务器心跳包 
2022-08-16 21:51:11.4253 | Debug | [2022/8/16 21:51:11]: 数据库服务器心跳包响应 
2022-08-16 21:51:21.4267 | Debug | [2022/8/16 21:51:21]: 发送数据库服务器心跳包 
2022-08-16 21:51:21.4267 | Debug | [2022/8/16 21:51:21]: 数据库服务器心跳包响应 
2022-08-16 21:51:31.4062 | Debug | [2022/8/16 21:51:31]: 清理超时会话开始工作... 
2022-08-16 21:51:31.4062 | Debug | [2022/8/16 21:51:31]: 清理超时会话工作完成... 
2022-08-16 21:51:31.4276 | Debug | [2022/8/16 21:51:31]: 发送数据库服务器心跳包 
2022-08-16 21:51:31.4276 | Debug | [2022/8/16 21:51:31]: 数据库服务器心跳包响应 
2022-08-16 21:51:41.4285 | Debug | [2022/8/16 21:51:41]: 发送数据库服务器心跳包 
2022-08-16 21:51:41.4285 | Debug | [2022/8/16 21:51:41]: 数据库服务器心跳包响应 
2022-08-16 21:51:51.4069 | Debug | [2022/8/16 21:51:51]: 清理超时会话开始工作... 
2022-08-16 21:51:51.4069 | Debug | [2022/8/16 21:51:51]: 清理超时会话工作完成... 
2022-08-16 21:51:51.4300 | Debug | [2022/8/16 21:51:51]: 发送数据库服务器心跳包 
2022-08-16 21:51:51.4300 | Debug | [2022/8/16 21:51:51]: 数据库服务器心跳包响应 
2022-08-16 21:52:01.4310 | Debug | [2022/8/16 21:52:01]: 发送数据库服务器心跳包 
2022-08-16 21:52:01.4310 | Debug | [2022/8/16 21:52:01]: 数据库服务器心跳包响应 
2022-08-16 21:52:06.6083 | Info | Application is shutting down... 
2022-08-16 21:52:13.1669 | Debug | Hosting starting 
2022-08-16 21:52:13.3438 | Info | [2022/8/16 21:52:13]: 正在启动服务... 
2022-08-16 21:52:13.3448 | Info | [2022/8/16 21:52:13]: 欢迎使用翎风系列游戏软件... 
2022-08-16 21:52:13.3448 | Info | [2022/8/16 21:52:13]: 网站:http://www.gameofmir.com 
2022-08-16 21:52:13.3448 | Info | [2022/8/16 21:52:13]: 论坛:http://bbs.gameofmir.com 
2022-08-16 21:52:13.3457 | Debug | 清理超时会话开始工作... 
2022-08-16 21:52:13.3457 | Debug | 清理超时会话工作完成... 
2022-08-16 21:52:13.3487 | Info | 数据库服务器[10.10.0.102:5100]链接成功. 
2022-08-16 21:52:13.3487 | Debug | 线程[ce577d59a4e64b2fb057059d318807d4]连接 10.10.0.102:5100 成功... 
2022-08-16 21:52:13.3496 | Debug | 发送数据库服务器心跳包 
2022-08-16 21:52:13.3504 | Info | Application started. Press Ctrl+C to shut down. 
2022-08-16 21:52:13.3504 | Debug | 数据库服务器心跳包响应 
2022-08-16 21:52:13.3530 | Info | Hosting environment: Production 
2022-08-16 21:52:13.3550 | Info | Content root path: /Volumes/Data/Mirserver/SelGate/ 
2022-08-16 21:52:13.3554 | Debug | Hosting started 
2022-08-16 21:52:23.3476 | Debug | 发送数据库服务器心跳包 
2022-08-16 21:52:23.3476 | Debug | 数据库服务器心跳包响应 
2022-08-16 21:52:33.3462 | Debug | 清理超时会话开始工作... 
2022-08-16 21:52:33.3462 | Debug | 清理超时会话工作完成... 
2022-08-16 21:52:33.3488 | Debug | 发送数据库服务器心跳包 
2022-08-16 21:52:33.3488 | Debug | 数据库服务器心跳包响应 
2022-08-16 21:52:39.6092 | Info | Application is shutting down... 
2022-08-16 21:57:19.0897 | Debug | Hosting starting 
2022-08-16 21:57:50.3563 | Debug | Hosting starting 
2022-08-16 21:58:29.2787 | Debug | Hosting starting 
2022-08-16 21:58:54.3944 | Debug | Hosting starting 
2022-08-16 21:58:54.5612 | Info | [2022/8/16 21:58:54]: 正在启动服务... 
2022-08-16 21:58:54.5618 | Info | [2022/8/16 21:58:54]: 欢迎使用翎风系列游戏软件... 
2022-08-16 21:58:54.5618 | Info | [2022/8/16 21:58:54]: 网站:http://www.gameofmir.com 
2022-08-16 21:58:54.5618 | Info | [2022/8/16 21:58:54]: 论坛:http://bbs.gameofmir.com 
2022-08-16 21:58:54.5645 | Info | Application started. Press Ctrl+C to shut down. 
2022-08-16 21:58:54.5656 | Debug | [2022/8/16 21:58:54]: 清理超时会话开始工作... 
2022-08-16 21:58:54.5656 | Debug | [2022/8/16 21:58:54]: 清理超时会话工作完成... 
2022-08-16 21:58:54.5688 | Info | Hosting environment: Production 
2022-08-16 21:58:54.5698 | Info | Content root path: /Volumes/Data/Mirserver/SelGate/ 
2022-08-16 21:58:54.5698 | Debug | Hosting started 
2022-08-16 21:59:14.5647 | Debug | [2022/8/16 21:59:14]: 清理超时会话开始工作... 
2022-08-16 21:59:14.5647 | Debug | [2022/8/16 21:59:14]: 清理超时会话工作完成... 
2022-08-16 21:59:22.6985 | Debug | Hosting starting 
2022-08-16 21:59:30.4186 | Info | [2022/8/16 21:59:26]: 正在启动服务... 
2022-08-16 21:59:30.4196 | Info | [2022/8/16 21:59:26]: 欢迎使用翎风系列游戏软件... 
2022-08-16 21:59:30.4196 | Info | [2022/8/16 21:59:26]: 网站:http://www.gameofmir.com 
2022-08-16 21:59:30.4196 | Info | [2022/8/16 21:59:26]: 论坛:http://bbs.gameofmir.com 
2022-08-16 21:59:34.8547 | Info | Application started. Press Ctrl+C to shut down. 
2022-08-16 21:59:35.3814 | Debug | [2022/8/16 21:59:32]: 清理超时会话开始工作... 
2022-08-16 21:59:35.3814 | Debug | [2022/8/16 21:59:34]: 清理超时会话工作完成... 
2022-08-16 21:59:35.3842 | Info | Hosting environment: Production 
2022-08-16 21:59:35.3860 | Info | Content root path: /Volumes/Data/Mirserver/SelGate/ 
2022-08-16 21:59:35.3863 | Debug | Hosting started 
2022-08-16 22:00:26.6726 | Debug | Hosting starting 
2022-08-16 22:00:26.9955 | Info | [2022/8/16 22:00:26]: 正在启动服务... 
2022-08-16 22:00:26.9962 | Info | [2022/8/16 22:00:26]: 欢迎使用翎风系列游戏软件... 
2022-08-16 22:00:26.9962 | Info | [2022/8/16 22:00:26]: 网站:http://www.gameofmir.com 
2022-08-16 22:00:26.9962 | Info | [2022/8/16 22:00:26]: 论坛:http://bbs.gameofmir.com 
2022-08-16 22:00:26.9999 | Info | Application started. Press Ctrl+C to shut down. 
2022-08-16 22:00:28.8948 | Debug | [2022/8/16 22:00:26]: 清理超时会话开始工作... 
2022-08-16 22:00:30.4946 | Debug | [2022/8/16 22:00:26]: 清理超时会话工作完成... 
2022-08-16 22:00:30.4955 | Info | Hosting environment: Production 
2022-08-16 22:00:30.4977 | Info | Content root path: /Volumes/Data/Mirserver/SelGate/ 
2022-08-16 22:00:30.4977 | Debug | Hosting started 
2022-08-16 22:01:24.5721 | Debug | Hosting starting 
2022-08-16 22:01:24.7269 | Info | [2022/8/16 22:01:24]: 正在启动服务... 
2022-08-16 22:01:24.7275 | Info | [2022/8/16 22:01:24]: 欢迎使用翎风系列游戏软件... 
2022-08-16 22:01:24.7275 | Info | [2022/8/16 22:01:24]: 网站:http://www.gameofmir.com 
2022-08-16 22:01:24.7275 | Info | [2022/8/16 22:01:24]: 论坛:http://bbs.gameofmir.com 
2022-08-16 22:01:24.7301 | Info | Application started. Press Ctrl+C to shut down. 
2022-08-16 22:01:24.7313 | Debug | [2022/8/16 22:01:24]: 清理超时会话开始工作... 
2022-08-16 22:01:24.7313 | Debug | [2022/8/16 22:01:24]: 清理超时会话工作完成... 
2022-08-16 22:01:24.7344 | Info | Hosting environment: Production 
2022-08-16 22:01:24.7355 | Info | Content root path: /Volumes/Data/Mirserver/SelGate/ 
2022-08-16 22:01:24.7355 | Debug | Hosting started 
2022-08-16 22:01:34.1973 | Info | Application is shutting down... 
2022-08-16 22:02:51.3287 | Debug | Hosting starting 
2022-08-16 22:02:51.4880 | Info | [2022/8/16 22:02:51]: 正在启动服务... 
2022-08-16 22:02:51.4886 | Info | [2022/8/16 22:02:51]: 欢迎使用翎风系列游戏软件... 
2022-08-16 22:02:51.4886 | Info | [2022/8/16 22:02:51]: 网站:http://www.gameofmir.com 
2022-08-16 22:02:51.4886 | Info | [2022/8/16 22:02:51]: 论坛:http://bbs.gameofmir.com 
2022-08-16 22:02:51.4910 | Info | Application started. Press Ctrl+C to shut down. 
2022-08-16 22:02:51.4922 | Debug | [2022/8/16 22:02:51]: 清理超时会话开始工作... 
2022-08-16 22:02:51.4924 | Debug | [2022/8/16 22:02:51]: 清理超时会话工作完成... 
2022-08-16 22:02:51.4954 | Info | Hosting environment: Production 
2022-08-16 22:02:51.4965 | Info | Content root path: /Volumes/Data/Mirserver/SelGate/ 
2022-08-16 22:02:51.4965 | Debug | Hosting started 
2022-08-16 22:03:02.8578 | Info | Application is shutting down... 
2022-08-16 22:06:58.8784 | Info | [2022/8/16 22:06:58]: 正在启动服务... 
2022-08-16 22:06:58.8940 | Info | [2022/8/16 22:06:58]: 欢迎使用翎风系列游戏软件... 
2022-08-16 22:06:58.8944 | Info | [2022/8/16 22:06:58]: 网站:http://www.gameofmir.com 
2022-08-16 22:06:58.8944 | Info | [2022/8/16 22:06:58]: 论坛:http://bbs.gameofmir.com 
2022-08-16 22:06:58.8981 | Debug | [2022/8/16 22:06:58]: 清理超时会话开始工作... 
2022-08-16 22:06:58.8983 | Debug | [2022/8/16 22:06:58]: 清理超时会话工作完成... 
2022-08-16 22:07:18.8978 | Debug | [2022/8/16 22:07:18]: 清理超时会话开始工作... 
2022-08-16 22:07:18.8978 | Debug | [2022/8/16 22:07:18]: 清理超时会话工作完成... 
2022-08-16 22:07:38.8978 | Debug | [2022/8/16 22:07:38]: 清理超时会话开始工作... 
2022-08-16 22:07:38.8978 | Debug | [2022/8/16 22:07:38]: 清理超时会话工作完成... 
2022-08-16 22:07:58.9000 | Debug | [2022/8/16 22:07:58]: 清理超时会话开始工作... 
2022-08-16 22:07:58.9003 | Debug | [2022/8/16 22:07:58]: 清理超时会话工作完成... 
2022-08-16 22:08:18.9018 | Debug | [2022/8/16 22:08:18]: 清理超时会话开始工作... 
2022-08-16 22:08:18.9018 | Debug | [2022/8/16 22:08:18]: 清理超时会话工作完成... 
2022-08-16 22:08:38.9034 | Debug | [2022/8/16 22:08:38]: 清理超时会话开始工作... 
2022-08-16 22:08:38.9034 | Debug | [2022/8/16 22:08:38]: 清理超时会话工作完成... 
2022-08-16 22:08:58.9044 | Debug | [2022/8/16 22:08:58]: 清理超时会话开始工作... 
2022-08-16 22:08:58.9044 | Debug | [2022/8/16 22:08:58]: 清理超时会话工作完成... 
2022-08-16 22:09:18.9050 | Debug | [2022/8/16 22:09:18]: 清理超时会话开始工作... 
2022-08-16 22:09:18.9053 | Debug | [2022/8/16 22:09:18]: 清理超时会话工作完成... 
2022-08-16 22:09:38.9059 | Debug | [2022/8/16 22:09:38]: 清理超时会话开始工作... 
2022-08-16 22:09:38.9059 | Debug | [2022/8/16 22:09:38]: 清理超时会话工作完成... 
2022-08-16 22:09:58.9072 | Debug | [2022/8/16 22:09:58]: 清理超时会话开始工作... 
2022-08-16 22:09:58.9077 | Debug | [2022/8/16 22:09:58]: 清理超时会话工作完成... 
2022-08-16 22:10:18.9078 | Debug | [2022/8/16 22:10:18]: 清理超时会话开始工作... 
2022-08-16 22:10:18.9078 | Debug | [2022/8/16 22:10:18]: 清理超时会话工作完成... 
2022-08-16 22:10:38.9086 | Debug | [2022/8/16 22:10:38]: 清理超时会话开始工作... 
2022-08-16 22:10:38.9086 | Debug | [2022/8/16 22:10:38]: 清理超时会话工作完成... 
2022-08-16 22:10:58.9098 | Debug | [2022/8/16 22:10:58]: 清理超时会话开始工作... 
2022-08-16 22:10:58.9098 | Debug | [2022/8/16 22:10:58]: 清理超时会话工作完成... 
2022-08-16 22:11:18.9121 | Debug | [2022/8/16 22:11:18]: 清理超时会话开始工作... 
2022-08-16 22:11:18.9123 | Debug | [2022/8/16 22:11:18]: 清理超时会话工作完成... 
2022-08-16 22:11:38.9130 | Debug | [2022/8/16 22:11:38]: 清理超时会话开始工作... 
2022-08-16 22:11:38.9130 | Debug | [2022/8/16 22:11:38]: 清理超时会话工作完成... 
2022-08-16 22:11:58.9145 | Debug | [2022/8/16 22:11:58]: 清理超时会话开始工作... 
2022-08-16 22:11:58.9145 | Debug | [2022/8/16 22:11:58]: 清理超时会话工作完成... 
2022-08-16 22:12:18.9149 | Debug | [2022/8/16 22:12:18]: 清理超时会话开始工作... 
2022-08-16 22:12:18.9149 | Debug | [2022/8/16 22:12:18]: 清理超时会话工作完成... 
2022-08-16 22:12:38.9171 | Debug | [2022/8/16 22:12:38]: 清理超时会话开始工作... 
2022-08-16 22:12:38.9171 | Debug | [2022/8/16 22:12:38]: 清理超时会话工作完成... 
[2022-08-16] | Info | [2022/8/16 22:12:57]: 正在启动服务... 
[2022-08-16] | Info | [2022/8/16 22:12:57]: 欢迎使用翎风系列游戏软件... 
[2022-08-16] | Info | [2022/8/16 22:12:57]: 网站:http://www.gameofmir.com 
[2022-08-16] | Info | [2022/8/16 22:12:57]: 论坛:http://bbs.gameofmir.com 
[2022-08-16] | Debug | [2022/8/16 22:12:57]: 清理超时会话开始工作... 
[2022-08-16] | Debug | [2022/8/16 22:12:57]: 清理超时会话工作完成... 
[2022-08-16] | Info | [2022/8/16 22:13:12]: 正在启动服务... 
[2022-08-16] | Info | [2022/8/16 22:13:13]: 欢迎使用翎风系列游戏软件... 
[2022-08-16] | Info | [2022/8/16 22:13:13]: 网站:http://www.gameofmir.com 
[2022-08-16] | Info | [2022/8/16 22:13:13]: 论坛:http://bbs.gameofmir.com 
[2022-08-16] | Debug | [2022/8/16 22:13:13]: 清理超时会话开始工作... 
[2022-08-16] | Debug | [2022/8/16 22:13:13]: 清理超时会话工作完成... 
[2022-08-16] | Debug | [2022/8/16 22:13:33]: 清理超时会话开始工作... 
[2022-08-16] | Debug | [2022/8/16 22:13:33]: 清理超时会话工作完成... 
[2022-08-16] | Debug | [2022/8/16 22:13:53]: 清理超时会话开始工作... 
[2022-08-16] | Debug | [2022/8/16 22:13:53]: 清理超时会话工作完成... 
[2022-08-16 22:14:03.6926] | Info | [2022/8/16 22:14:03]: 正在启动服务... 
[2022-08-16 22:14:03.7074] | Info | [2022/8/16 22:14:03]: 欢迎使用翎风系列游戏软件... 
[2022-08-16 22:14:03.7074] | Info | [2022/8/16 22:14:03]: 网站:http://www.gameofmir.com 
[2022-08-16 22:14:03.7074] | Info | [2022/8/16 22:14:03]: 论坛:http://bbs.gameofmir.com 
[2022-08-16 22:14:03.7113] | Debug | [2022/8/16 22:14:03]: 清理超时会话开始工作... 
[2022-08-16 22:14:03.7115] | Debug | [2022/8/16 22:14:03]: 清理超时会话工作完成... 
[2022-08-16 22:14:23.7109] | Debug | [2022/8/16 22:14:23]: 清理超时会话开始工作... 
[2022-08-16 22:14:23.7109] | Debug | [2022/8/16 22:14:23]: 清理超时会话工作完成... 
[2022-08-16 22:36:26.7607] | Info | [2022/8/16 22:36:26]: 正在启动服务... 
[2022-08-16 22:36:26.7941] | Info | [2022/8/16 22:36:26]: 欢迎使用翎风系列游戏软件... 
[2022-08-16 22:36:26.7946] | Info | [2022/8/16 22:36:26]: 网站:http://www.gameofmir.com 
[2022-08-16 22:36:26.7946] | Info | [2022/8/16 22:36:26]: 论坛:http://bbs.gameofmir.com 
[2022-08-16 22:36:26.7946] | Info | [2022/8/16 22:36:26]: 数据库服务器[10.10.0.102:5100]链接成功. 
[2022-08-16 22:36:26.7946] | Debug | [2022/8/16 22:36:26]: 线程[67ff66ae4dbd4bf2b4f1c564f2f36aaa]连接 10.10.0.102:5100 成功... 
[2022-08-16 22:36:26.7984] | Debug | [2022/8/16 22:36:26]: 清理超时会话开始工作... 
[2022-08-16 22:36:26.7984] | Debug | [2022/8/16 22:36:26]: 清理超时会话工作完成... 
[2022-08-16 22:36:26.7984] | Debug | [2022/8/16 22:36:26]: 发送数据库服务器心跳包 
[2022-08-16 22:36:26.7984] | Debug | [2022/8/16 22:36:26]: 数据库服务器心跳包响应 
[2022-08-16 22:36:36.7979] | Debug | [2022/8/16 22:36:36]: 发送数据库服务器心跳包 
[2022-08-16 22:36:36.7979] | Debug | [2022/8/16 22:36:36]: 数据库服务器心跳包响应 
[2022-08-16 22:36:54.4958] | Info | [2022/8/16 22:36:54]: 正在启动服务... 
[2022-08-16 22:36:54.5116] | Info | [2022/8/16 22:36:54]: 欢迎使用翎风系列游戏软件... 
[2022-08-16 22:36:54.5116] | Info | [2022/8/16 22:36:54]: 网站:http://www.gameofmir.com 
[2022-08-16 22:36:54.5116] | Info | [2022/8/16 22:36:54]: 论坛:http://bbs.gameofmir.com 
[2022-08-16 22:36:54.5116] | Info | [2022/8/16 22:36:54]: 数据库服务器[10.10.0.102:5100]链接成功. 
[2022-08-16 22:36:54.5116] | Debug | [2022/8/16 22:36:54]: 线程[b2604d3b49a347429f2844a24d212df8]连接 10.10.0.102:5100 成功... 
[2022-08-16 22:36:54.5158] | Debug | [2022/8/16 22:36:54]: 清理超时会话开始工作... 
[2022-08-16 22:36:54.5158] | Debug | [2022/8/16 22:36:54]: 清理超时会话工作完成... 
[2022-08-16 22:36:54.5158] | Debug | [2022/8/16 22:36:54]: 发送数据库服务器心跳包 
[2022-08-16 22:36:54.5158] | Debug | [2022/8/16 22:36:54]: 数据库服务器心跳包响应 
[2022-08-16 22:37:21.6124] | Info | 正在启动服务... 
[2022-08-16 22:37:21.6281] | Info | 欢迎使用翎风系列游戏软件... 
[2022-08-16 22:37:21.6286] | Info | 网站:http://www.gameofmir.com 
[2022-08-16 22:37:21.6286] | Info | 论坛:http://bbs.gameofmir.com 
[2022-08-16 22:37:21.6286] | Info | 数据库服务器[10.10.0.102:5100]链接成功. 
[2022-08-16 22:37:21.6286] | Debug | 线程[dae4d205891b46ed869da35b5174a099]连接 10.10.0.102:5100 成功... 
[2022-08-16 22:37:21.6324] | Debug | 清理超时会话开始工作... 
[2022-08-16 22:37:21.6324] | Debug | 清理超时会话工作完成... 
[2022-08-16 22:37:21.6324] | Debug | 发送数据库服务器心跳包 
[2022-08-16 22:37:21.6324] | Debug | 数据库服务器心跳包响应 
[2022-08-16 22:37:38.5561] | Info | 正在启动服务... 
[2022-08-16 22:37:38.5712] | Info | 欢迎使用翎风系列游戏软件... 
[2022-08-16 22:37:38.5716] | Info | 网站:http://www.gameofmir.com 
[2022-08-16 22:37:38.5716] | Info | 论坛:http://bbs.gameofmir.com 
[2022-08-16 22:37:38.5716] | Info | 数据库服务器[10.10.0.102:5100]链接成功. 
[2022-08-16 22:37:38.5716] | Debug | 线程[ac3a7078d05f492583d6eb57cf80b286]连接 10.10.0.102:5100 成功... 
[2022-08-16 22:37:38.5752] | Debug | 清理超时会话开始工作... 
[2022-08-16 22:37:38.5754] | Debug | 清理超时会话工作完成... 
[2022-08-16 22:37:38.5754] | Debug | 发送数据库服务器心跳包 
[2022-08-16 22:37:38.5754] | Debug | 数据库服务器心跳包响应 
[2022-08-16 22:37:48.5745] | Debug | 发送数据库服务器心跳包 
[2022-08-16 22:37:48.5745] | Debug | 数据库服务器心跳包响应 
[2022-08-16 22:39:52.9642] | Info | 正在启动服务... 
[2022-08-16 22:39:52.9798] | Info | 欢迎使用翎风系列游戏软件... 
[2022-08-16 22:39:52.9798] | Info | 网站:http://www.gameofmir.com 
[2022-08-16 22:39:52.9804] | Info | 论坛:http://bbs.gameofmir.com 
[2022-08-16 22:39:52.9804] | Info | 数据库服务器[10.10.0.102:5100]链接成功. 
[2022-08-16 22:39:52.9804] | Debug | 线程[716b75672295492f98dcfcb4e3e29567]连接 10.10.0.102:5100 成功... 
[2022-08-16 22:39:52.9844] | Debug | 清理超时会话开始工作... 
[2022-08-16 22:39:52.9846] | Debug | 清理超时会话工作完成... 
[2022-08-16 22:39:52.9846] | Debug | 发送数据库服务器心跳包 
[2022-08-16 22:39:52.9846] | Debug | 数据库服务器心跳包响应 
[2022-08-16 22:40:02.9843] | Debug | 发送数据库服务器心跳包 
[2022-08-16 22:40:02.9848] | Debug | 数据库服务器心跳包响应 
[2022-08-16 22:40:12.9838] | Debug | 清理超时会话开始工作... 
[2022-08-16 22:40:12.9838] | Debug | 清理超时会话工作完成... 
[2022-08-16 22:40:12.9854] | Debug | 发送数据库服务器心跳包 
[2022-08-16 22:40:12.9855] | Debug | 数据库服务器心跳包响应 
[2022-08-16 22:40:22.9860] | Debug | 发送数据库服务器心跳包 
[2022-08-16 22:40:22.9864] | Debug | 数据库服务器心跳包响应 
[2022-08-16 23:13:45.0150] | Info | 正在启动服务... 
[2022-08-16 23:13:45.0449] | Info | 欢迎使用翎风系列游戏软件... 
[2022-08-16 23:13:45.0449] | Info | 网站:http://www.gameofmir.com 
[2022-08-16 23:13:45.0449] | Info | 论坛:http://bbs.gameofmir.com 
[2022-08-16 23:13:45.0449] | Info | 数据库服务器[10.10.0.102:5100]链接成功. 
[2022-08-16 23:13:45.0449] | Debug | 线程[e0cc23391cf540dd8e0b8e1bcdd2a43c]连接 10.10.0.102:5100 成功... 
[2022-08-16 23:13:45.0493] | Debug | 清理超时会话开始工作... 
[2022-08-16 23:13:45.0493] | Debug | 清理超时会话工作完成... 
[2022-08-16 23:13:45.0493] | Debug | 发送数据库服务器心跳包 
[2022-08-16 23:13:45.0493] | Debug | 数据库服务器心跳包响应 
[2022-08-16 23:13:55.0489] | Debug | 发送数据库服务器心跳包 
[2022-08-16 23:13:55.0489] | Debug | 数据库服务器心跳包响应 
[2022-08-16 23:14:05.0485] | Debug | 清理超时会话开始工作... 
[2022-08-16 23:14:05.0485] | Debug | 清理超时会话工作完成... 
[2022-08-16 23:14:05.0499] | Debug | 发送数据库服务器心跳包 
[2022-08-16 23:14:05.0499] | Debug | 数据库服务器心跳包响应 
[2022-08-16 23:14:15.0518] | Debug | 发送数据库服务器心跳包 
[2022-08-16 23:14:15.0518] | Debug | 数据库服务器心跳包响应 
[2022-08-16 23:14:25.0504] | Debug | 清理超时会话开始工作... 
[2022-08-16 23:14:25.0504] | Debug | 清理超时会话工作完成... 
[2022-08-16 23:14:25.0521] | Debug | 发送数据库服务器心跳包 
[2022-08-16 23:14:25.0521] | Debug | 数据库服务器心跳包响应 
[2022-08-16 23:14:35.0535] | Debug | 发送数据库服务器心跳包 
[2022-08-16 23:14:35.0537] | Debug | 数据库服务器心跳包响应 
[2022-08-16 23:14:45.0521] | Debug | 清理超时会话开始工作... 
[2022-08-16 23:14:45.0528] | Debug | 清理超时会话工作完成... 
[2022-08-16 23:14:45.0540] | Debug | 发送数据库服务器心跳包 
[2022-08-16 23:14:45.0540] | Debug | 数据库服务器心跳包响应 
[2022-08-16 23:14:55.0549] | Debug | 发送数据库服务器心跳包 
[2022-08-16 23:14:55.0549] | Debug | 数据库服务器心跳包响应 
[2022-08-16 23:15:05.0529] | Debug | 清理超时会话开始工作... 
[2022-08-16 23:15:05.0529] | Debug | 清理超时会话工作完成... 
[2022-08-16 23:15:05.0570] | Debug | 发送数据库服务器心跳包 
[2022-08-16 23:15:05.0570] | Debug | 数据库服务器心跳包响应 
[2022-08-16 23:15:15.0574] | Debug | 发送数据库服务器心跳包 
[2022-08-16 23:15:15.0574] | Debug | 数据库服务器心跳包响应 
[2022-08-16 23:15:25.0536] | Debug | 清理超时会话开始工作... 
[2022-08-16 23:15:25.0538] | Debug | 清理超时会话工作完成... 
[2022-08-16 23:15:25.0592] | Debug | 发送数据库服务器心跳包 
[2022-08-16 23:15:25.0592] | Debug | 数据库服务器心跳包响应 
[2022-08-16 23:15:35.0606] | Debug | 发送数据库服务器心跳包 
[2022-08-16 23:15:35.0610] | Debug | 数据库服务器心跳包响应 
[2022-08-16 23:15:45.0542] | Debug | 清理超时会话开始工作... 
[2022-08-16 23:15:45.0542] | Debug | 清理超时会话工作完成... 
[2022-08-16 23:15:45.0615] | Debug | 发送数据库服务器心跳包 
[2022-08-16 23:15:45.0617] | Debug | 数据库服务器心跳包响应 
[2022-08-16 23:15:55.0630] | Debug | 发送数据库服务器心跳包 
[2022-08-16 23:15:55.0630] | Debug | 数据库服务器心跳包响应 
[2022-08-16 23:16:05.0550] | Debug | 清理超时会话开始工作... 
[2022-08-16 23:16:05.0550] | Debug | 清理超时会话工作完成... 
[2022-08-16 23:16:05.0637] | Debug | 发送数据库服务器心跳包 
[2022-08-16 23:16:05.0637] | Debug | 数据库服务器心跳包响应 
[2022-08-16 23:16:15.0645] | Debug | 发送数据库服务器心跳包 
[2022-08-16 23:16:15.0645] | Debug | 数据库服务器心跳包响应 
[2022-08-16 23:16:25.0560] | Debug | 清理超时会话开始工作... 
[2022-08-16 23:16:25.0560] | Debug | 清理超时会话工作完成... 
[2022-08-16 23:16:25.0659] | Debug | 发送数据库服务器心跳包 
[2022-08-16 23:16:25.0659] | Debug | 数据库服务器心跳包响应 
[2022-08-16 23:16:35.0662] | Debug | 发送数据库服务器心跳包 
[2022-08-16 23:16:35.0662] | Debug | 数据库服务器心跳包响应 
[2022-08-16 23:16:45.0570] | Debug | 清理超时会话开始工作... 
[2022-08-16 23:16:45.0570] | Debug | 清理超时会话工作完成... 
[2022-08-16 23:16:45.0677] | Debug | 发送数据库服务器心跳包 
[2022-08-16 23:16:45.0678] | Debug | 数据库服务器心跳包响应 
[2022-08-16 23:16:55.0683] | Debug | 发送数据库服务器心跳包 
[2022-08-16 23:16:55.0683] | Debug | 数据库服务器心跳包响应 
[2022-08-16 23:17:05.0581] | Debug | 清理超时会话开始工作... 
[2022-08-16 23:17:05.4122] | Debug | 清理超时会话工作完成... 
[2022-08-16 23:17:05.4136] | Debug | 发送数据库服务器心跳包 
[2022-08-16 23:17:05.4136] | Debug | 数据库服务器心跳包响应 
[2022-08-16 23:17:15.4142] | Debug | 发送数据库服务器心跳包 
[2022-08-16 23:17:15.4142] | Debug | 数据库服务器心跳包响应 
[2022-08-16 23:17:25.0601] | Debug | 清理超时会话开始工作... 
[2022-08-16 23:17:25.0601] | Debug | 清理超时会话工作完成... 
[2022-08-16 23:17:25.4154] | Debug | 发送数据库服务器心跳包 
[2022-08-16 23:17:25.4154] | Debug | 数据库服务器心跳包响应 
[2022-08-16 23:17:35.4171] | Debug | 发送数据库服务器心跳包 
[2022-08-16 23:17:35.4171] | Debug | 数据库服务器心跳包响应 
[2022-08-16 23:17:45.0616] | Debug | 清理超时会话开始工作... 
[2022-08-16 23:17:45.0618] | Debug | 清理超时会话工作完成... 
[2022-08-16 23:17:45.4181] | Debug | 发送数据库服务器心跳包 
[2022-08-16 23:17:45.4181] | Debug | 数据库服务器心跳包响应 
[2022-08-16 23:17:55.4196] | Debug | 发送数据库服务器心跳包 
[2022-08-16 23:17:55.4198] | Debug | 数据库服务器心跳包响应 
[2022-08-16 23:18:05.0636] | Debug | 清理超时会话开始工作... 
[2022-08-16 23:18:05.0638] | Debug | 清理超时会话工作完成... 
[2022-08-16 23:18:05.4201] | Debug | 发送数据库服务器心跳包 
[2022-08-16 23:18:05.4201] | Debug | 数据库服务器心跳包响应 
[2022-08-16 23:18:15.4209] | Debug | 发送数据库服务器心跳包 
[2022-08-16 23:18:15.4209] | Debug | 数据库服务器心跳包响应 
[2022-08-16 23:18:25.0650] | Debug | 清理超时会话开始工作... 
[2022-08-16 23:18:25.0650] | Debug | 清理超时会话工作完成... 
[2022-08-16 23:18:25.4227] | Debug | 发送数据库服务器心跳包 
[2022-08-16 23:18:25.4228] | Debug | 数据库服务器心跳包响应 
[2022-08-16 23:18:35.4242] | Debug | 发送数据库服务器心跳包 
[2022-08-16 23:18:35.4242] | Debug | 数据库服务器心跳包响应 
[2022-08-16 23:18:45.0668] | Debug | 清理超时会话开始工作... 
[2022-08-16 23:18:45.0668] | Debug | 清理超时会话工作完成... 
[2022-08-16 23:18:45.4262] | Debug | 发送数据库服务器心跳包 
[2022-08-16 23:18:45.4262] | Debug | 数据库服务器心跳包响应 
[2022-08-16 23:18:55.4268] | Debug | 发送数据库服务器心跳包 
[2022-08-16 23:18:55.4268] | Debug | 数据库服务器心跳包响应 
[2022-08-16 23:19:05.0673] | Debug | 清理超时会话开始工作... 
[2022-08-16 23:19:05.0673] | Debug | 清理超时会话工作完成... 
[2022-08-16 23:19:05.4280] | Debug | 发送数据库服务器心跳包 
[2022-08-16 23:19:05.4280] | Debug | 数据库服务器心跳包响应 
[2022-08-16 23:19:15.4287] | Debug | 发送数据库服务器心跳包 
[2022-08-16 23:19:15.4288] | Debug | 数据库服务器心跳包响应 
[2022-08-16 23:19:25.0685] | Debug | 清理超时会话开始工作... 
[2022-08-16 23:19:25.0685] | Debug | 清理超时会话工作完成... 
[2022-08-16 23:19:25.4301] | Debug | 发送数据库服务器心跳包 
[2022-08-16 23:19:25.4301] | Debug | 数据库服务器心跳包响应 
[2022-08-16 23:19:35.4318] | Debug | 发送数据库服务器心跳包 
[2022-08-16 23:19:35.4318] | Debug | 数据库服务器心跳包响应 
[2022-08-16 23:19:45.0704] | Debug | 清理超时会话开始工作... 
[2022-08-16 23:19:45.0704] | Debug | 清理超时会话工作完成... 
[2022-08-16 23:19:45.4332] | Debug | 发送数据库服务器心跳包 
[2022-08-16 23:19:45.4332] | Debug | 数据库服务器心跳包响应 
[2022-08-16 23:19:55.4350] | Debug | 发送数据库服务器心跳包 
[2022-08-16 23:19:55.4350] | Debug | 数据库服务器心跳包响应 
[2022-08-16 23:20:05.0711] | Debug | 清理超时会话开始工作... 
[2022-08-16 23:20:05.0711] | Debug | 清理超时会话工作完成... 
[2022-08-16 23:20:05.4351] | Debug | 发送数据库服务器心跳包 
[2022-08-16 23:20:05.4358] | Debug | 数据库服务器心跳包响应 
[2022-08-16 23:20:15.4365] | Debug | 发送数据库服务器心跳包 
[2022-08-16 23:20:15.4371] | Debug | 数据库服务器心跳包响应 
[2022-08-16 23:20:25.0725] | Debug | 清理超时会话开始工作... 
[2022-08-16 23:20:25.0729] | Debug | 清理超时会话工作完成... 
[2022-08-16 23:20:25.4377] | Debug | 发送数据库服务器心跳包 
[2022-08-16 23:20:25.4378] | Debug | 数据库服务器心跳包响应 
[2022-08-16 23:20:35.4386] | Debug | 发送数据库服务器心跳包 
[2022-08-16 23:20:35.4388] | Debug | 数据库服务器心跳包响应 
[2022-08-16 23:20:45.0731] | Debug | 清理超时会话开始工作... 
[2022-08-16 23:20:45.0731] | Debug | 清理超时会话工作完成... 
[2022-08-16 23:20:45.4392] | Debug | 发送数据库服务器心跳包 
[2022-08-16 23:20:45.4392] | Debug | 数据库服务器心跳包响应 
[2022-08-16 23:20:55.4406] | Debug | 发送数据库服务器心跳包 
[2022-08-16 23:20:55.4406] | Debug | 数据库服务器心跳包响应 
[2022-08-16 23:21:05.0751] | Debug | 清理超时会话开始工作... 
[2022-08-16 23:21:05.0751] | Debug | 清理超时会话工作完成... 
[2022-08-16 23:21:05.4415] | Debug | 发送数据库服务器心跳包 
[2022-08-16 23:21:05.4415] | Debug | 数据库服务器心跳包响应 
[2022-08-16 23:21:15.4429] | Debug | 发送数据库服务器心跳包 
[2022-08-16 23:21:15.4429] | Debug | 数据库服务器心跳包响应 
[2022-08-16 23:21:27.9819] | Info | 正在启动服务... 
[2022-08-16 23:21:28.0028] | Info | 欢迎使用翎风系列游戏软件... 
[2022-08-16 23:21:28.0028] | Info | 网站:http://www.gameofmir.com 
[2022-08-16 23:21:28.0028] | Info | 论坛:http://bbs.gameofmir.com 
[2022-08-16 23:21:28.0028] | Info | 数据库服务器[10.10.0.102:5100]链接成功. 
[2022-08-16 23:21:28.0028] | Debug | 线程[5a8106e6829348a7aa70406a895d9141]连接 10.10.0.102:5100 成功... 
[2022-08-16 23:21:28.0088] | Debug | 清理超时会话开始工作... 
[2022-08-16 23:21:28.0088] | Debug | 清理超时会话工作完成... 
[2022-08-16 23:21:28.0088] | Debug | 发送数据库服务器心跳包 
[2022-08-16 23:21:28.0088] | Debug | 数据库服务器心跳包响应 
[2022-08-16 23:21:38.0071] | Debug | 发送数据库服务器心跳包 
[2022-08-16 23:21:38.0071] | Debug | 数据库服务器心跳包响应 
[2022-08-16 23:21:49.9302] | Debug | 清理超时会话开始工作... 
[2022-08-16 23:21:50.2450] | Debug | 清理超时会话工作完成... 
[2022-08-16 23:21:50.2450] | Debug | 发送数据库服务器心跳包 
[2022-08-16 23:21:50.2450] | Debug | 数据库服务器心跳包响应 
[2022-08-16 23:23:19.0211] | Info | 正在启动服务... 
[2022-08-16 23:23:19.0366] | Info | 欢迎使用翎风系列游戏软件... 
[2022-08-16 23:23:19.0370] | Info | 网站:http://www.gameofmir.com 
[2022-08-16 23:23:19.0370] | Info | 论坛:http://bbs.gameofmir.com 
[2022-08-16 23:23:19.0370] | Info | 数据库服务器[10.10.0.102:5100]链接成功. 
[2022-08-16 23:23:19.0370] | Debug | 线程[1a784639dbdf405b8c09b59962f537ec]连接 10.10.0.102:5100 成功... 
[2022-08-16 23:23:19.0409] | Debug | 清理超时会话开始工作... 
[2022-08-16 23:23:19.0409] | Debug | 清理超时会话工作完成... 
[2022-08-16 23:23:19.0409] | Debug | 发送数据库服务器心跳包 
[2022-08-16 23:23:19.0409] | Debug | 数据库服务器心跳包响应 
[2022-08-16 23:24:37.0551] | Info | 正在启动服务... 
[2022-08-16 23:24:37.0706] | Info | 欢迎使用翎风系列游戏软件... 
[2022-08-16 23:24:37.0710] | Info | 网站:http://www.gameofmir.com 
[2022-08-16 23:24:37.0710] | Info | 论坛:http://bbs.gameofmir.com 
[2022-08-16 23:24:37.0710] | Info | 数据库服务器[10.10.0.102:5100]链接成功. 
[2022-08-16 23:24:37.0710] | Debug | 线程[16bb92d980034a148a49c148de15b344]连接 10.10.0.102:5100 成功... 
[2022-08-16 23:24:37.0747] | Debug | 清理超时会话开始工作... 
[2022-08-16 23:24:37.0749] | Debug | 清理超时会话工作完成... 
[2022-08-16 23:24:37.0749] | Debug | 发送数据库服务器心跳包 
[2022-08-16 23:24:37.0749] | Debug | 数据库服务器心跳包响应 
[2022-08-16 23:24:37.9972] | Info | 重新读取配置文件完成... 
[2022-08-16 23:24:38.8364] | Info | 重新读取配置文件完成... 
[2022-08-16 23:24:39.5333] | Info | 重新读取配置文件完成... 
[2022-08-16 23:24:40.5780] | Info | 重新读取配置文件完成... 
[2022-08-16 23:24:41.2165] | Info | 重新读取配置文件完成... 
[2022-08-16 23:24:46.4360] | Info | 重新读取配置文件完成... 
[2022-08-16 23:24:47.0755] | Debug | 发送数据库服务器心跳包 
[2022-08-16 23:24:47.0755] | Debug | 数据库服务器心跳包响应 
[2022-08-16 23:24:50.5797] | Info | 重新读取配置文件完成... 
[2022-08-16 23:24:51.2752] | Info | 重新读取配置文件完成... 
[2022-08-16 23:24:51.9312] | Info | 重新读取配置文件完成... 
[2022-08-16 23:24:52.5042] | Info | 重新读取配置文件完成... 
[2022-08-16 23:24:53.0779] | Info | 重新读取配置文件完成... 
[2022-08-16 23:24:53.6558] | Info | 重新读取配置文件完成... 
[2022-08-16 23:24:54.2125] | Info | 重新读取配置文件完成... 
[2022-08-16 23:24:54.7363] | Info | 重新读取配置文件完成... 
[2022-08-16 23:24:55.2527] | Info | 重新读取配置文件完成... 
[2022-08-16 23:24:55.7776] | Info | 重新读取配置文件完成... 
[2022-08-16 23:24:56.3017] | Info | 重新读取配置文件完成... 
[2022-08-16 23:24:56.8052] | Info | 重新读取配置文件完成... 
[2022-08-16 23:24:57.0740] | Debug | 清理超时会话开始工作... 
[2022-08-16 23:24:57.0740] | Debug | 清理超时会话工作完成... 
[2022-08-16 23:24:57.0772] | Debug | 发送数据库服务器心跳包 
[2022-08-16 23:24:57.0772] | Debug | 数据库服务器心跳包响应 
[2022-08-16 23:24:57.6363] | Info | 重新读取配置文件完成... 
[2022-08-16 23:24:58.2514] | Info | 重新读取配置文件完成... 
[2022-08-16 23:24:58.8242] | Info | 重新读取配置文件完成... 
[2022-08-16 23:24:59.5124] | Info | 重新读取配置文件完成... 
[2022-08-16 23:25:00.1910] | Info | 重新读取配置文件完成... 
[2022-08-16 23:25:00.7743] | Info | 重新读取配置文件完成... 
[2022-08-16 23:25:01.3148] | Info | 重新读取配置文件完成... 
[2022-08-16 23:25:02.1133] | Info | 重新读取配置文件完成... 
[2022-08-16 23:25:02.6824] | Info | 重新读取配置文件完成... 
[2022-08-16 23:26:32.6274] | Info | 正在启动服务... 
[2022-08-16 23:26:32.6451] | Info | 欢迎使用翎风系列游戏软件... 
[2022-08-16 23:26:32.6451] | Info | 网站:http://www.gameofmir.com 
[2022-08-16 23:26:32.6451] | Info | 论坛:http://bbs.gameofmir.com 
[2022-08-16 23:26:32.6458] | Info | 数据库服务器[10.10.0.102:5100]链接成功. 
[2022-08-16 23:26:32.6458] | Debug | 线程[546d32bd8a544bf1b173462c1b6d4103]连接 10.10.0.102:5100 成功... 
[2022-08-16 23:26:32.6495] | Debug | 清理超时会话开始工作... 
[2022-08-16 23:26:32.6495] | Debug | 清理超时会话工作完成... 
[2022-08-16 23:26:32.6495] | Debug | 发送数据库服务器心跳包 
[2022-08-16 23:26:32.6498] | Debug | 数据库服务器心跳包响应 
[2022-08-16 23:26:42.6493] | Debug | 发送数据库服务器心跳包 
[2022-08-16 23:26:42.6493] | Debug | 数据库服务器心跳包响应 
[2022-08-16 23:26:52.6482] | Debug | 清理超时会话开始工作... 
[2022-08-16 23:26:52.6482] | Debug | 清理超时会话工作完成... 
[2022-08-16 23:26:52.6512] | Debug | 发送数据库服务器心跳包 
[2022-08-16 23:26:52.6512] | Debug | 数据库服务器心跳包响应 
[2022-08-16 23:27:02.6523] | Debug | 发送数据库服务器心跳包 
[2022-08-16 23:27:02.6523] | Debug | 数据库服务器心跳包响应 
[2022-08-16 23:27:12.6496] | Debug | 清理超时会话开始工作... 
[2022-08-16 23:27:12.6498] | Debug | 清理超时会话工作完成... 
[2022-08-16 23:27:12.6540] | Debug | 发送数据库服务器心跳包 
[2022-08-16 23:27:12.6540] | Debug | 数据库服务器心跳包响应 
[2022-08-16 23:27:22.6550] | Debug | 发送数据库服务器心跳包 
[2022-08-16 23:27:22.6550] | Debug | 数据库服务器心跳包响应 
[2022-08-16 23:41:25.9815] | Info | 正在启动服务... 
[2022-08-16 23:41:26.0139] | Info | 欢迎使用翎风系列游戏软件... 
[2022-08-16 23:41:26.0139] | Info | 网站:http://www.gameofmir.com 
[2022-08-16 23:41:26.0139] | Info | 论坛:http://bbs.gameofmir.com 
[2022-08-16 23:41:26.0139] | Info | 数据库服务器[10.10.0.102:5100]链接成功. 
[2022-08-16 23:41:26.0139] | Debug | 线程[2218fe64093244909da2ed410fd73285]连接 10.10.0.102:5100 成功... 
[2022-08-16 23:41:26.0181] | Debug | 清理超时会话开始工作... 
[2022-08-16 23:41:26.0181] | Debug | 清理超时会话工作完成... 
[2022-08-16 23:41:26.0181] | Debug | 发送数据库服务器心跳包 
[2022-08-16 23:41:26.0239] | Debug | 数据库服务器心跳包响应 
[2022-08-16 23:41:36.0176] | Debug | 发送数据库服务器心跳包 
[2022-08-16 23:41:36.0179] | Debug | 数据库服务器心跳包响应 
[2022-08-16 23:44:39.1041] | Info | 正在启动服务... 
[2022-08-16 23:44:39.2008] | Info | 欢迎使用翎风系列游戏软件... 
[2022-08-16 23:44:39.2012] | Info | 网站:http://www.gameofmir.com 
[2022-08-16 23:44:39.2012] | Info | 论坛:http://bbs.gameofmir.com 
[2022-08-16 23:44:39.2046] | Debug | 清理超时会话开始工作... 
[2022-08-16 23:44:39.2046] | Debug | 清理超时会话工作完成... 
[2022-08-16 23:44:39.2094] | Debug | 服务器[10.10.0.102:5100]链接超时.失败次数:[1] 
[2022-08-16 23:44:39.2094] | Info | 数据库服务器[:0]断开链接. 
[2022-08-16 23:44:49.2066] | Debug | 重新与服务器[10.10.0.102:5100]建立链接.失败次数:[2] 
[2022-08-16 23:44:59.2054] | Debug | 清理超时会话开始工作... 
[2022-08-16 23:44:59.2054] | Debug | 清理超时会话工作完成... 
[2022-08-16 23:44:59.2081] | Debug | 重新与服务器[10.10.0.102:5100]建立链接.失败次数:[3] 
[2022-08-16 23:45:09.2091] | Debug | 重新与服务器[10.10.0.102:5100]建立链接.失败次数:[4] 
[2022-08-16 23:45:19.2066] | Debug | 清理超时会话开始工作... 
[2022-08-16 23:45:19.2066] | Debug | 清理超时会话工作完成... 
[2022-08-16 23:45:19.2105] | Debug | 重新与服务器[10.10.0.102:5100]建立链接.失败次数:[5] 
[2022-08-16 23:45:24.1301] | Info | 正在启动服务... 
[2022-08-16 23:45:24.2153] | Info | 欢迎使用翎风系列游戏软件... 
[2022-08-16 23:45:24.2153] | Info | 网站:http://www.gameofmir.com 
[2022-08-16 23:45:24.2153] | Info | 论坛:http://bbs.gameofmir.com 
[2022-08-16 23:45:24.2192] | Debug | 清理超时会话开始工作... 
[2022-08-16 23:45:24.2192] | Debug | 清理超时会话工作完成... 
[2022-08-16 23:45:24.2239] | Debug | 服务器[10.10.0.102:5100]链接超时.失败次数:[1] 
[2022-08-16 23:45:24.2241] | Info | 数据库服务器[:0]断开链接. 
[2022-08-16 23:45:34.2213] | Debug | 服务器[10.10.0.102:5100]建立链接.失败次数:[2] 
[2022-08-16 23:45:44.2208] | Debug | 清理超时会话开始工作... 
[2022-08-16 23:45:44.2211] | Debug | 清理超时会话工作完成... 
[2022-08-16 23:45:44.2226] | Debug | 服务器[10.10.0.102:5100]建立链接.失败次数:[3] 
[2022-08-16 23:45:54.2236] | Debug | 服务器[10.10.0.102:5100]建立链接.失败次数:[4] 
[2022-08-16 23:46:04.2221] | Debug | 清理超时会话开始工作... 
[2022-08-16 23:46:04.2221] | Debug | 清理超时会话工作完成... 
[2022-08-16 23:46:04.2252] | Debug | 服务器[10.10.0.102:5100]建立链接.失败次数:[5] 
[2022-08-16 23:46:14.2265] | Debug | 服务器[10.10.0.102:5100]建立链接.失败次数:[6] 
[2022-08-16 23:46:24.2232] | Debug | 清理超时会话开始工作... 
[2022-08-16 23:46:24.2232] | Debug | 清理超时会话工作完成... 
[2022-08-16 23:46:24.2272] | Debug | 服务器[10.10.0.102:5100]建立链接.失败次数:[7] 
[2022-08-16 23:46:34.2281] | Debug | 服务器[10.10.0.102:5100]建立链接.失败次数:[8] 
[2022-08-16 23:46:44.2242] | Debug | 清理超时会话开始工作... 
[2022-08-16 23:46:44.2242] | Debug | 清理超时会话工作完成... 
[2022-08-16 23:46:44.2300] | Debug | 服务器[10.10.0.102:5100]建立链接.失败次数:[9] 
[2022-08-16 23:46:54.2309] | Debug | 服务器[10.10.0.102:5100]建立链接.失败次数:[10] 
[2022-08-16 23:47:04.2255] | Debug | 清理超时会话开始工作... 
[2022-08-16 23:47:04.2255] | Debug | 清理超时会话工作完成... 
[2022-08-16 23:47:04.2312] | Debug | 服务器[10.10.0.102:5100]建立链接.失败次数:[11] 
[2022-08-16 23:47:14.2333] | Debug | 服务器[10.10.0.102:5100]建立链接.失败次数:[12] 
[2022-08-16 23:47:24.2267] | Debug | 清理超时会话开始工作... 
[2022-08-16 23:47:24.2269] | Debug | 清理超时会话工作完成... 
[2022-08-16 23:47:24.2346] | Debug | 服务器[10.10.0.102:5100]建立链接.失败次数:[13] 
[2022-08-16 23:47:34.2358] | Debug | 服务器[10.10.0.102:5100]建立链接.失败次数:[14] 
[2022-08-16 23:47:44.2280] | Debug | 清理超时会话开始工作... 
[2022-08-16 23:47:44.2280] | Debug | 清理超时会话工作完成... 
[2022-08-16 23:47:44.2365] | Debug | 服务器[10.10.0.102:5100]建立链接.失败次数:[15] 
[2022-08-16 23:47:54.2382] | Debug | 服务器[10.10.0.102:5100]建立链接.失败次数:[16] 
[2022-08-16 23:48:00.9456] | Info | 数据库服务器[10.10.0.102:5100]链接成功. 
[2022-08-16 23:48:00.9462] | Debug | 线程[5835444aa85e46cb84625345cc89bb7c]连接 10.10.0.102:5100 成功... 
[2022-08-16 23:48:03.7428] | Info | 数据库服务器[10.10.0.102:5100]链接成功. 
[2022-08-16 23:48:03.7431] | Debug | 线程[758111d559dd4cbf80d2e72b766741a0]连接 10.10.0.102:5100 成功... 
[2022-08-16 23:48:04.2297] | Debug | 清理超时会话开始工作... 
[2022-08-16 23:48:04.2297] | Debug | 清理超时会话工作完成... 
[2022-08-16 23:48:04.2703] | Debug | 发送数据库服务器心跳包 
[2022-08-16 23:48:04.2740] | Debug | 数据库服务器心跳包响应 
[2022-08-16 23:48:14.2408] | Debug | 发送数据库服务器心跳包 
[2022-08-16 23:48:14.2413] | Debug | 数据库服务器心跳包响应 
[2022-08-16 23:48:24.2306] | Debug | 清理超时会话开始工作... 
[2022-08-16 23:48:24.2306] | Debug | 清理超时会话工作完成... 
[2022-08-16 23:48:24.2419] | Debug | 发送数据库服务器心跳包 
[2022-08-16 23:48:24.2421] | Debug | 数据库服务器心跳包响应 
[2022-08-16 23:48:34.2424] | Debug | 发送数据库服务器心跳包 
[2022-08-16 23:48:34.2424] | Debug | 数据库服务器心跳包响应 
[2022-08-16 23:48:37.9628] | Info | 数据库服务器[10.10.0.102:5100]断开链接. 
[2022-08-16 23:48:37.9628] | Info | 数据库服务器[10.10.0.102:5100]断开链接. 
[2022-08-16 23:48:44.2310] | Debug | 清理超时会话开始工作... 
[2022-08-16 23:48:44.2310] | Debug | 清理超时会话工作完成... 
[2022-08-16 23:48:44.2433] | Debug | 服务器[10.10.0.102:5100]建立链接.失败次数:[1] 
[2022-08-16 23:48:54.2443] | Debug | 服务器[10.10.0.102:5100]建立链接.失败次数:[2] 
[2022-08-16 23:48:54.3463] | Info | 数据库服务器[10.10.0.102:5100]链接成功. 
[2022-08-16 23:48:54.3463] | Debug | 线程[8166348615504c518b02172f4c9835f9]连接 10.10.0.102:5100 成功... 
[2022-08-16 23:48:54.3481] | Info | 数据库服务器[10.10.0.102:5100]断开链接. 
[2022-08-16 23:48:57.3469] | Info | 数据库服务器[10.10.0.102:5100]链接成功. 
[2022-08-16 23:48:57.3471] | Debug | 线程[b175244894b849649ed7fcf9fe3fc62c]连接 10.10.0.102:5100 成功... 
[2022-08-16 23:48:57.3471] | Info | 数据库服务器[10.10.0.102:5100]断开链接. 
[2022-08-16 23:49:04.2325] | Debug | 清理超时会话开始工作... 
[2022-08-16 23:49:04.2325] | Debug | 清理超时会话工作完成... 
[2022-08-16 23:49:14.2468] | Debug | 服务器[10.10.0.102:5100]建立链接.失败次数:[3] 
[2022-08-16 23:49:14.2468] | Info | 数据库服务器[10.10.0.102:5100]链接成功. 
[2022-08-16 23:49:14.2470] | Debug | 线程[dec35f0b20c645f7bb59721ad8eae26f]连接 10.10.0.102:5100 成功... 
[2022-08-16 23:49:14.2480] | Info | 数据库服务器[10.10.0.102:5100]断开链接. 
[2022-08-16 23:49:24.2336] | Debug | 清理超时会话开始工作... 
[2022-08-16 23:49:24.2336] | Debug | 清理超时会话工作完成... 
[2022-08-16 23:49:24.2477] | Debug | 服务器[10.10.0.102:5100]建立链接.失败次数:[4] 
[2022-08-16 23:49:24.2477] | Info | 数据库服务器[10.10.0.102:5100]链接成功. 
[2022-08-16 23:49:24.2480] | Debug | 线程[6c537fdca7994922b74aaa66559cc190]连接 10.10.0.102:5100 成功... 
[2022-08-16 23:49:24.2480] | Info | 数据库服务器[10.10.0.102:5100]断开链接. 
[2022-08-16 23:49:34.2493] | Debug | 服务器[10.10.0.102:5100]建立链接.失败次数:[5] 
[2022-08-16 23:49:34.2493] | Info | 数据库服务器[10.10.0.102:5100]链接成功. 
[2022-08-16 23:49:34.2493] | Debug | 线程[110cb24083f94c06bf233ee15d1df54a]连接 10.10.0.102:5100 成功... 
[2022-08-16 23:49:34.2493] | Info | 数据库服务器[10.10.0.102:5100]断开链接. 
[2022-08-16 23:49:44.2342] | Debug | 清理超时会话开始工作... 
[2022-08-16 23:49:44.2342] | Debug | 清理超时会话工作完成... 
[2022-08-16 23:49:44.2511] | Debug | 服务器[10.10.0.102:5100]建立链接.失败次数:[6] 
[2022-08-16 23:49:44.2511] | Info | 数据库服务器[10.10.0.102:5100]链接成功. 
[2022-08-16 23:49:44.2511] | Debug | 线程[c834f316844b45e189ac265be6361701]连接 10.10.0.102:5100 成功... 
[2022-08-16 23:49:44.2511] | Info | 数据库服务器[10.10.0.102:5100]断开链接. 
