[2022-08-30 17:26:57.2840] | Info | 正在启动服务... 
[2022-08-30 17:26:57.4199] | Info | 欢迎使用翎风系列游戏软件... 
[2022-08-30 17:26:57.4205] | Info | 网站:http://www.gameofmir.com 
[2022-08-30 17:26:57.4205] | Info | 论坛:http://bbs.gameofmir.com 
[2022-08-30 17:26:57.4235] | Debug | Cleanup timeout session... 
[2022-08-30 17:26:57.4235] | Info | 数据库服务器[10.10.0.102:5100]链接成功. 
[2022-08-30 17:26:57.4235] | Debug | 线程[39a98c7024254e49b1b3cd01e975591d]连接 10.10.0.102:5100 成功... 
[2022-08-30 17:26:57.4264] | Debug | Send DBSvr Heartbeat. 
[2022-08-30 17:26:57.4324] | Debug | DBSvr Heartbeat Response 
[2022-08-30 17:27:07.4256] | Debug | Send DBSvr Heartbeat. 
[2022-08-30 17:27:07.4265] | Debug | DBSvr Heartbeat Response 
[2022-08-30 17:27:17.4252] | Debug | Cleanup timeout session... 
[2022-08-30 17:27:17.4272] | Debug | Send DBSvr Heartbeat. 
[2022-08-30 17:27:17.4276] | Debug | DBSvr Heartbeat Response 
[2022-08-30 17:27:27.4278] | Debug | Send DBSvr Heartbeat. 
[2022-08-30 17:27:27.4278] | Debug | DBSvr Heartbeat Response 
[2022-08-30 17:27:37.4255] | Debug | Cleanup timeout session... 
[2022-08-30 17:27:37.4294] | Debug | Send DBSvr Heartbeat. 
[2022-08-30 17:27:37.4294] | Debug | DBSvr Heartbeat Response 
[2022-08-30 17:27:47.4306] | Debug | Send DBSvr Heartbeat. 
[2022-08-30 17:27:47.4306] | Debug | DBSvr Heartbeat Response 
[2022-08-30 17:27:57.4264] | Debug | Cleanup timeout session... 
[2022-08-30 17:27:57.4325] | Debug | Send DBSvr Heartbeat. 
[2022-08-30 17:27:57.4325] | Debug | DBSvr Heartbeat Response 
[2022-08-30 17:28:03.9780] | Debug | 用户[10.10.0.109]分配到数据库服务器[0] Server:10.10.0.102:5100 
[2022-08-30 17:28:03.9794] | Debug | [UserEnter] %K47cbaf2de7954ab5a96eb1b64c1e4ad6/10.10.0.109/10.10.0.109$ 
[2022-08-30 17:28:07.4344] | Debug | Send DBSvr Heartbeat. 
[2022-08-30 17:28:07.4344] | Debug | DBSvr Heartbeat Response 
[2022-08-30 17:28:10.8921] | Debug | [UserLeave] %L47cbaf2de7954ab5a96eb1b64c1e4ad6$ 
[2022-08-30 17:28:17.4285] | Debug | Cleanup timeout session... 
[2022-08-30 17:28:17.4362] | Debug | Send DBSvr Heartbeat. 
[2022-08-30 17:28:17.4368] | Debug | DBSvr Heartbeat Response 
[2022-08-30 17:28:27.4369] | Debug | Send DBSvr Heartbeat. 
[2022-08-30 17:28:27.4374] | Debug | DBSvr Heartbeat Response 
[2022-08-30 17:28:37.4294] | Debug | Cleanup timeout session... 
[2022-08-30 17:28:37.4382] | Debug | Send DBSvr Heartbeat. 
[2022-08-30 17:28:37.4386] | Debug | DBSvr Heartbeat Response 
[2022-08-30 17:28:47.4390] | Debug | Send DBSvr Heartbeat. 
[2022-08-30 17:28:47.4396] | Debug | DBSvr Heartbeat Response 
[2022-08-30 17:28:57.4305] | Debug | Cleanup timeout session... 
[2022-08-30 17:28:57.4395] | Debug | Send DBSvr Heartbeat. 
[2022-08-30 17:28:57.4395] | Debug | DBSvr Heartbeat Response 
[2022-08-30 17:29:07.4412] | Debug | Send DBSvr Heartbeat. 
[2022-08-30 17:29:07.4418] | Debug | DBSvr Heartbeat Response 
[2022-08-30 17:29:17.4316] | Debug | Cleanup timeout session... 
[2022-08-30 17:29:17.4418] | Debug | Send DBSvr Heartbeat. 
[2022-08-30 17:29:17.4423] | Debug | DBSvr Heartbeat Response 
[2022-08-30 17:29:27.4427] | Debug | Send DBSvr Heartbeat. 
[2022-08-30 17:29:27.4427] | Debug | DBSvr Heartbeat Response 
[2022-08-30 17:29:37.4332] | Debug | Cleanup timeout session... 
[2022-08-30 17:29:37.4438] | Debug | Send DBSvr Heartbeat. 
[2022-08-30 17:29:37.4438] | Debug | DBSvr Heartbeat Response 
[2022-08-30 17:29:47.4457] | Debug | Send DBSvr Heartbeat. 
[2022-08-30 17:29:47.4463] | Debug | DBSvr Heartbeat Response 
[2022-08-30 17:29:57.4344] | Debug | Cleanup timeout session... 
[2022-08-30 17:29:57.4467] | Debug | Send DBSvr Heartbeat. 
[2022-08-30 17:29:57.4467] | Debug | DBSvr Heartbeat Response 
[2022-08-30 17:30:07.4477] | Debug | Send DBSvr Heartbeat. 
[2022-08-30 17:30:07.4477] | Debug | DBSvr Heartbeat Response 
[2022-08-30 17:30:17.4353] | Debug | Cleanup timeout session... 
[2022-08-30 17:30:17.4495] | Debug | Send DBSvr Heartbeat. 
[2022-08-30 17:30:17.4506] | Debug | DBSvr Heartbeat Response 
[2022-08-30 17:30:27.4512] | Debug | Send DBSvr Heartbeat. 
[2022-08-30 17:30:27.4518] | Debug | DBSvr Heartbeat Response 
[2022-08-30 17:30:37.4371] | Debug | Cleanup timeout session... 
[2022-08-30 17:30:37.4519] | Debug | Send DBSvr Heartbeat. 
[2022-08-30 17:30:37.4524] | Debug | DBSvr Heartbeat Response 
[2022-08-30 17:30:47.4533] | Debug | Send DBSvr Heartbeat. 
[2022-08-30 17:30:47.4533] | Debug | DBSvr Heartbeat Response 
[2022-08-30 17:30:57.4381] | Debug | Cleanup timeout session... 
[2022-08-30 17:30:57.4543] | Debug | Send DBSvr Heartbeat. 
[2022-08-30 17:30:57.4543] | Debug | DBSvr Heartbeat Response 
[2022-08-30 17:31:07.4548] | Debug | Send DBSvr Heartbeat. 
[2022-08-30 17:31:07.4554] | Debug | DBSvr Heartbeat Response 
[2022-08-30 17:31:17.4393] | Debug | Cleanup timeout session... 
[2022-08-30 17:31:17.4562] | Debug | Send DBSvr Heartbeat. 
[2022-08-30 17:31:17.4568] | Debug | DBSvr Heartbeat Response 
[2022-08-30 17:31:27.4571] | Debug | Send DBSvr Heartbeat. 
[2022-08-30 17:31:27.4576] | Debug | DBSvr Heartbeat Response 
[2022-08-30 17:31:37.4397] | Debug | Cleanup timeout session... 
[2022-08-30 17:31:37.4582] | Debug | Send DBSvr Heartbeat. 
[2022-08-30 17:31:37.4588] | Debug | DBSvr Heartbeat Response 
[2022-08-30 17:31:47.4588] | Debug | Send DBSvr Heartbeat. 
[2022-08-30 17:31:47.4588] | Debug | DBSvr Heartbeat Response 
[2022-08-30 17:31:57.4407] | Debug | Cleanup timeout session... 
[2022-08-30 17:31:57.4596] | Debug | Send DBSvr Heartbeat. 
[2022-08-30 17:31:57.4596] | Debug | DBSvr Heartbeat Response 
[2022-08-30 17:32:07.4604] | Debug | Send DBSvr Heartbeat. 
[2022-08-30 17:32:07.4604] | Debug | DBSvr Heartbeat Response 
[2022-08-30 17:32:17.4414] | Debug | Cleanup timeout session... 
[2022-08-30 17:32:17.4616] | Debug | Send DBSvr Heartbeat. 
[2022-08-30 17:32:17.4616] | Debug | DBSvr Heartbeat Response 
[2022-08-30 17:32:27.4626] | Debug | Send DBSvr Heartbeat. 
[2022-08-30 17:32:27.4626] | Debug | DBSvr Heartbeat Response 
[2022-08-30 17:32:37.4428] | Debug | Cleanup timeout session... 
[2022-08-30 17:32:37.4646] | Debug | Send DBSvr Heartbeat. 
[2022-08-30 17:32:37.4646] | Debug | DBSvr Heartbeat Response 
[2022-08-30 17:32:47.4665] | Debug | Send DBSvr Heartbeat. 
[2022-08-30 17:32:47.4665] | Debug | DBSvr Heartbeat Response 
[2022-08-30 17:32:57.4438] | Debug | Cleanup timeout session... 
[2022-08-30 17:32:57.4677] | Debug | Send DBSvr Heartbeat. 
[2022-08-30 17:32:57.4677] | Debug | DBSvr Heartbeat Response 
[2022-08-30 17:33:07.4688] | Debug | Send DBSvr Heartbeat. 
[2022-08-30 17:33:07.4688] | Debug | DBSvr Heartbeat Response 
[2022-08-30 17:33:17.4449] | Debug | Cleanup timeout session... 
[2022-08-30 17:33:17.4696] | Debug | Send DBSvr Heartbeat. 
[2022-08-30 17:33:17.4696] | Debug | DBSvr Heartbeat Response 
[2022-08-30 17:33:27.4709] | Debug | Send DBSvr Heartbeat. 
[2022-08-30 17:33:27.4709] | Debug | DBSvr Heartbeat Response 
[2022-08-30 17:33:37.4454] | Debug | Cleanup timeout session... 
[2022-08-30 17:33:37.4720] | Debug | Send DBSvr Heartbeat. 
[2022-08-30 17:33:37.4724] | Debug | DBSvr Heartbeat Response 
[2022-08-30 17:33:47.4731] | Debug | Send DBSvr Heartbeat. 
[2022-08-30 17:33:47.4735] | Debug | DBSvr Heartbeat Response 
[2022-08-30 17:33:57.4463] | Debug | Cleanup timeout session... 
[2022-08-30 17:33:57.4735] | Debug | Send DBSvr Heartbeat. 
[2022-08-30 17:33:57.4735] | Debug | DBSvr Heartbeat Response 
[2022-08-30 17:34:07.4747] | Debug | Send DBSvr Heartbeat. 
[2022-08-30 17:34:07.4747] | Debug | DBSvr Heartbeat Response 
[2022-08-30 17:34:17.4475] | Debug | Cleanup timeout session... 
[2022-08-30 17:34:17.4761] | Debug | Send DBSvr Heartbeat. 
[2022-08-30 17:34:17.4764] | Debug | DBSvr Heartbeat Response 
[2022-08-30 17:34:20.2276] | Debug | 用户[10.10.0.109]分配到数据库服务器[0] Server:10.10.0.102:5100 
[2022-08-30 17:34:20.2276] | Debug | [UserEnter] %K2e20f7ca962d4f71b044f894a464f070/10.10.0.109/10.10.0.109$ 
[2022-08-30 17:34:27.4773] | Debug | Send DBSvr Heartbeat. 
[2022-08-30 17:34:27.4777] | Debug | DBSvr Heartbeat Response 
[2022-08-30 17:34:35.2590] | Debug | [UserLeave] %L2e20f7ca962d4f71b044f894a464f070$ 
[2022-08-30 17:34:37.4490] | Debug | Cleanup timeout session... 
[2022-08-30 17:34:37.4784] | Debug | Send DBSvr Heartbeat. 
[2022-08-30 17:34:37.4784] | Debug | DBSvr Heartbeat Response 
[2022-08-30 17:34:47.4799] | Debug | Send DBSvr Heartbeat. 
[2022-08-30 17:34:47.4799] | Debug | DBSvr Heartbeat Response 
[2022-08-30 17:34:57.4497] | Debug | Cleanup timeout session... 
[2022-08-30 17:34:57.4808] | Debug | Send DBSvr Heartbeat. 
[2022-08-30 17:34:57.4808] | Debug | DBSvr Heartbeat Response 
[2022-08-30 17:35:07.4822] | Debug | Send DBSvr Heartbeat. 
[2022-08-30 17:35:07.4828] | Debug | DBSvr Heartbeat Response 
[2022-08-30 17:35:17.4514] | Debug | Cleanup timeout session... 
[2022-08-30 17:35:17.4825] | Debug | Send DBSvr Heartbeat. 
[2022-08-30 17:35:17.4825] | Debug | DBSvr Heartbeat Response 
[2022-08-30 17:35:27.4836] | Debug | Send DBSvr Heartbeat. 
[2022-08-30 17:35:27.4836] | Debug | DBSvr Heartbeat Response 
[2022-08-30 17:35:37.4525] | Debug | Cleanup timeout session... 
[2022-08-30 17:35:37.4847] | Debug | Send DBSvr Heartbeat. 
[2022-08-30 17:35:37.4847] | Debug | DBSvr Heartbeat Response 
[2022-08-30 17:35:47.4862] | Debug | Send DBSvr Heartbeat. 
[2022-08-30 17:35:47.4866] | Debug | DBSvr Heartbeat Response 
[2022-08-30 17:35:57.4537] | Debug | Cleanup timeout session... 
[2022-08-30 17:35:57.4865] | Debug | Send DBSvr Heartbeat. 
[2022-08-30 17:35:57.4865] | Debug | DBSvr Heartbeat Response 
[2022-08-30 17:36:07.4875] | Debug | Send DBSvr Heartbeat. 
[2022-08-30 17:36:07.4875] | Debug | DBSvr Heartbeat Response 
[2022-08-30 17:36:17.4544] | Debug | Cleanup timeout session... 
[2022-08-30 17:36:17.4895] | Debug | Send DBSvr Heartbeat. 
[2022-08-30 17:36:17.4895] | Debug | DBSvr Heartbeat Response 
[2022-08-30 17:36:27.4912] | Debug | Send DBSvr Heartbeat. 
[2022-08-30 17:36:27.4915] | Debug | DBSvr Heartbeat Response 
[2022-08-30 17:36:37.4561] | Debug | Cleanup timeout session... 
[2022-08-30 17:36:37.4914] | Debug | Send DBSvr Heartbeat. 
[2022-08-30 17:36:37.4914] | Debug | DBSvr Heartbeat Response 
[2022-08-30 17:36:47.4933] | Debug | Send DBSvr Heartbeat. 
[2022-08-30 17:36:47.4937] | Debug | DBSvr Heartbeat Response 
[2022-08-30 17:36:57.4570] | Debug | Cleanup timeout session... 
[2022-08-30 17:36:57.4943] | Debug | Send DBSvr Heartbeat. 
[2022-08-30 17:36:57.4943] | Debug | DBSvr Heartbeat Response 
[2022-08-30 17:37:07.4945] | Debug | Send DBSvr Heartbeat. 
[2022-08-30 17:37:07.4945] | Debug | DBSvr Heartbeat Response 
[2022-08-30 17:37:17.4577] | Debug | Cleanup timeout session... 
[2022-08-30 17:37:17.4961] | Debug | Send DBSvr Heartbeat. 
[2022-08-30 17:37:17.4964] | Debug | DBSvr Heartbeat Response 
[2022-08-30 17:37:27.4971] | Debug | Send DBSvr Heartbeat. 
[2022-08-30 17:37:27.4974] | Debug | DBSvr Heartbeat Response 
[2022-08-30 17:37:37.4586] | Debug | Cleanup timeout session... 
[2022-08-30 17:37:37.4976] | Debug | Send DBSvr Heartbeat. 
[2022-08-30 17:37:37.4976] | Debug | DBSvr Heartbeat Response 
[2022-08-30 17:37:47.4988] | Debug | Send DBSvr Heartbeat. 
[2022-08-30 17:37:47.4988] | Debug | DBSvr Heartbeat Response 
[2022-08-30 17:37:57.4601] | Debug | Cleanup timeout session... 
[2022-08-30 17:37:57.5000] | Debug | Send DBSvr Heartbeat. 
[2022-08-30 17:37:57.5005] | Debug | DBSvr Heartbeat Response 
[2022-08-30 17:38:07.5011] | Debug | Send DBSvr Heartbeat. 
[2022-08-30 17:38:07.5016] | Debug | DBSvr Heartbeat Response 
[2022-08-30 17:38:17.4613] | Debug | Cleanup timeout session... 
[2022-08-30 17:38:17.5016] | Debug | Send DBSvr Heartbeat. 
[2022-08-30 17:38:17.5016] | Debug | DBSvr Heartbeat Response 
[2022-08-30 17:38:27.5032] | Debug | Send DBSvr Heartbeat. 
[2022-08-30 17:38:27.5035] | Debug | DBSvr Heartbeat Response 
[2022-08-30 17:38:37.4622] | Debug | Cleanup timeout session... 
[2022-08-30 17:38:37.5037] | Debug | Send DBSvr Heartbeat. 
[2022-08-30 17:38:37.5037] | Debug | DBSvr Heartbeat Response 
[2022-08-30 17:38:47.5050] | Debug | Send DBSvr Heartbeat. 
[2022-08-30 17:38:47.5053] | Debug | DBSvr Heartbeat Response 
[2022-08-30 17:38:57.4625] | Debug | Cleanup timeout session... 
[2022-08-30 17:38:57.5063] | Debug | Send DBSvr Heartbeat. 
[2022-08-30 17:38:57.5063] | Debug | DBSvr Heartbeat Response 
[2022-08-30 17:39:07.5066] | Debug | Send DBSvr Heartbeat. 
[2022-08-30 17:39:07.5066] | Debug | DBSvr Heartbeat Response 
[2022-08-30 17:39:17.4635] | Debug | Cleanup timeout session... 
[2022-08-30 17:39:17.5075] | Debug | Send DBSvr Heartbeat. 
[2022-08-30 17:39:17.5075] | Debug | DBSvr Heartbeat Response 
[2022-08-30 17:39:27.5085] | Debug | Send DBSvr Heartbeat. 
[2022-08-30 17:39:27.5085] | Debug | DBSvr Heartbeat Response 
[2022-08-30 17:39:37.4647] | Debug | Cleanup timeout session... 
[2022-08-30 17:39:37.5102] | Debug | Send DBSvr Heartbeat. 
[2022-08-30 17:39:37.5105] | Debug | DBSvr Heartbeat Response 
[2022-08-30 17:39:47.5111] | Debug | Send DBSvr Heartbeat. 
[2022-08-30 17:39:47.5115] | Debug | DBSvr Heartbeat Response 
[2022-08-30 17:39:57.4656] | Debug | Cleanup timeout session... 
[2022-08-30 17:39:57.5119] | Debug | Send DBSvr Heartbeat. 
[2022-08-30 17:39:57.5119] | Debug | DBSvr Heartbeat Response 
[2022-08-30 17:40:07.5127] | Debug | Send DBSvr Heartbeat. 
[2022-08-30 17:40:07.5127] | Debug | DBSvr Heartbeat Response 
[2022-08-30 17:40:17.4664] | Debug | Cleanup timeout session... 
[2022-08-30 17:40:17.5134] | Debug | Send DBSvr Heartbeat. 
[2022-08-30 17:40:17.5134] | Debug | DBSvr Heartbeat Response 
[2022-08-30 17:40:27.5150] | Debug | Send DBSvr Heartbeat. 
[2022-08-30 17:40:27.5154] | Debug | DBSvr Heartbeat Response 
[2022-08-30 17:40:37.4676] | Debug | Cleanup timeout session... 
[2022-08-30 17:40:37.5154] | Debug | Send DBSvr Heartbeat. 
[2022-08-30 17:40:37.5154] | Debug | DBSvr Heartbeat Response 
[2022-08-30 17:40:47.5169] | Debug | Send DBSvr Heartbeat. 
[2022-08-30 17:40:47.5169] | Debug | DBSvr Heartbeat Response 
[2022-08-30 17:40:57.4694] | Debug | Cleanup timeout session... 
[2022-08-30 17:40:57.5176] | Debug | Send DBSvr Heartbeat. 
[2022-08-30 17:40:57.5176] | Debug | DBSvr Heartbeat Response 
[2022-08-30 17:41:07.5184] | Debug | Send DBSvr Heartbeat. 
[2022-08-30 17:41:07.5184] | Debug | DBSvr Heartbeat Response 
[2022-08-30 17:41:17.4710] | Debug | Cleanup timeout session... 
[2022-08-30 17:41:17.5200] | Debug | Send DBSvr Heartbeat. 
[2022-08-30 17:41:17.5204] | Debug | DBSvr Heartbeat Response 
[2022-08-30 17:41:27.5214] | Debug | Send DBSvr Heartbeat. 
[2022-08-30 17:41:27.5214] | Debug | DBSvr Heartbeat Response 
[2022-08-30 17:41:37.4714] | Debug | Cleanup timeout session... 
[2022-08-30 17:41:37.5232] | Debug | Send DBSvr Heartbeat. 
[2022-08-30 17:41:37.5236] | Debug | DBSvr Heartbeat Response 
[2022-08-30 17:41:47.5237] | Debug | Send DBSvr Heartbeat. 
[2022-08-30 17:41:47.5237] | Debug | DBSvr Heartbeat Response 
[2022-08-30 17:41:57.4728] | Debug | Cleanup timeout session... 
[2022-08-30 17:41:57.5252] | Debug | Send DBSvr Heartbeat. 
[2022-08-30 17:41:57.5256] | Debug | DBSvr Heartbeat Response 
[2022-08-30 17:42:07.5253] | Debug | Send DBSvr Heartbeat. 
[2022-08-30 17:42:07.5253] | Debug | DBSvr Heartbeat Response 
[2022-08-30 17:42:17.4734] | Debug | Cleanup timeout session... 
[2022-08-30 17:42:17.5275] | Debug | Send DBSvr Heartbeat. 
[2022-08-30 17:42:17.5275] | Debug | DBSvr Heartbeat Response 
[2022-08-30 17:42:27.5294] | Debug | Send DBSvr Heartbeat. 
[2022-08-30 17:42:27.5294] | Debug | DBSvr Heartbeat Response 
[2022-08-30 17:42:37.4745] | Debug | Cleanup timeout session... 
[2022-08-30 17:42:37.5309] | Debug | Send DBSvr Heartbeat. 
[2022-08-30 17:42:37.5314] | Debug | DBSvr Heartbeat Response 
[2022-08-30 17:42:47.5319] | Debug | Send DBSvr Heartbeat. 
[2022-08-30 17:42:47.5323] | Debug | DBSvr Heartbeat Response 
[2022-08-30 17:42:57.4759] | Debug | Cleanup timeout session... 
[2022-08-30 17:42:57.5330] | Debug | Send DBSvr Heartbeat. 
[2022-08-30 17:42:57.5333] | Debug | DBSvr Heartbeat Response 
[2022-08-30 17:43:07.5337] | Debug | Send DBSvr Heartbeat. 
[2022-08-30 17:43:07.5337] | Debug | DBSvr Heartbeat Response 
[2022-08-30 17:43:17.4764] | Debug | Cleanup timeout session... 
[2022-08-30 17:43:17.5355] | Debug | Send DBSvr Heartbeat. 
[2022-08-30 17:43:17.5355] | Debug | DBSvr Heartbeat Response 
[2022-08-30 17:43:27.5372] | Debug | Send DBSvr Heartbeat. 
[2022-08-30 17:43:27.5376] | Debug | DBSvr Heartbeat Response 
[2022-08-30 17:43:37.4777] | Debug | Cleanup timeout session... 
[2022-08-30 17:43:37.5377] | Debug | Send DBSvr Heartbeat. 
[2022-08-30 17:43:37.5377] | Debug | DBSvr Heartbeat Response 
[2022-08-30 17:43:47.5397] | Debug | Send DBSvr Heartbeat. 
[2022-08-30 17:43:47.5405] | Debug | DBSvr Heartbeat Response 
[2022-08-30 17:43:57.4786] | Debug | Cleanup timeout session... 
[2022-08-30 17:43:57.5410] | Debug | Send DBSvr Heartbeat. 
[2022-08-30 17:43:57.5414] | Debug | DBSvr Heartbeat Response 
[2022-08-30 17:44:07.5424] | Debug | Send DBSvr Heartbeat. 
[2022-08-30 17:44:07.5424] | Debug | DBSvr Heartbeat Response 
[2022-08-30 17:44:17.4797] | Debug | Cleanup timeout session... 
[2022-08-30 17:44:17.5439] | Debug | Send DBSvr Heartbeat. 
[2022-08-30 17:44:17.5439] | Debug | DBSvr Heartbeat Response 
[2022-08-30 17:44:27.5455] | Debug | Send DBSvr Heartbeat. 
[2022-08-30 17:44:27.5455] | Debug | DBSvr Heartbeat Response 
[2022-08-30 17:44:37.4811] | Debug | Cleanup timeout session... 
[2022-08-30 17:44:37.5469] | Debug | Send DBSvr Heartbeat. 
[2022-08-30 17:44:37.5474] | Debug | DBSvr Heartbeat Response 
[2022-08-30 17:44:47.5485] | Debug | Send DBSvr Heartbeat. 
[2022-08-30 17:44:47.5485] | Debug | DBSvr Heartbeat Response 
[2022-08-30 17:44:57.4824] | Debug | Cleanup timeout session... 
[2022-08-30 17:44:57.5506] | Debug | Send DBSvr Heartbeat. 
[2022-08-30 17:44:57.5506] | Debug | DBSvr Heartbeat Response 
[2022-08-30 17:45:07.5518] | Debug | Send DBSvr Heartbeat. 
[2022-08-30 17:45:07.5518] | Debug | DBSvr Heartbeat Response 
[2022-08-30 17:45:17.4834] | Debug | Cleanup timeout session... 
[2022-08-30 17:45:17.5529] | Debug | Send DBSvr Heartbeat. 
[2022-08-30 17:45:17.5533] | Debug | DBSvr Heartbeat Response 
[2022-08-30 17:45:27.5535] | Debug | Send DBSvr Heartbeat. 
[2022-08-30 17:45:27.5535] | Debug | DBSvr Heartbeat Response 
[2022-08-30 17:45:37.4857] | Debug | Cleanup timeout session... 
[2022-08-30 17:45:37.5554] | Debug | Send DBSvr Heartbeat. 
[2022-08-30 17:45:37.5554] | Debug | DBSvr Heartbeat Response 
[2022-08-30 17:45:47.5566] | Debug | Send DBSvr Heartbeat. 
[2022-08-30 17:45:47.5566] | Debug | DBSvr Heartbeat Response 
[2022-08-30 17:45:57.4874] | Debug | Cleanup timeout session... 
[2022-08-30 17:45:57.5577] | Debug | Send DBSvr Heartbeat. 
[2022-08-30 17:45:57.5577] | Debug | DBSvr Heartbeat Response 
[2022-08-30 17:46:07.5584] | Debug | Send DBSvr Heartbeat. 
[2022-08-30 17:46:07.5584] | Debug | DBSvr Heartbeat Response 
[2022-08-30 17:46:17.4893] | Debug | Cleanup timeout session... 
[2022-08-30 17:46:17.5595] | Debug | Send DBSvr Heartbeat. 
[2022-08-30 17:46:17.5595] | Debug | DBSvr Heartbeat Response 
[2022-08-30 17:46:27.5612] | Debug | Send DBSvr Heartbeat. 
[2022-08-30 17:46:27.5616] | Debug | DBSvr Heartbeat Response 
[2022-08-30 17:46:33.9238] | Debug | 用户[10.10.0.109]分配到数据库服务器[0] Server:10.10.0.102:5100 
[2022-08-30 17:46:33.9238] | Debug | [UserEnter] %K1079ed96a16c40afbbf68b67cc278b17/10.10.0.109/10.10.0.109$ 
[2022-08-30 17:46:37.4904] | Debug | Cleanup timeout session... 
[2022-08-30 17:46:37.5616] | Debug | Send DBSvr Heartbeat. 
[2022-08-30 17:46:37.5616] | Debug | DBSvr Heartbeat Response 
[2022-08-30 17:46:40.1641] | Debug | [UserLeave] %L1079ed96a16c40afbbf68b67cc278b17$ 
[2022-08-30 17:46:47.5632] | Debug | Send DBSvr Heartbeat. 
[2022-08-30 17:46:47.5637] | Debug | DBSvr Heartbeat Response 
[2022-08-30 17:46:57.4915] | Debug | Cleanup timeout session... 
[2022-08-30 17:46:57.5642] | Debug | Send DBSvr Heartbeat. 
[2022-08-30 17:46:57.5646] | Debug | DBSvr Heartbeat Response 
[2022-08-30 17:47:07.5647] | Debug | Send DBSvr Heartbeat. 
[2022-08-30 17:47:07.5647] | Debug | DBSvr Heartbeat Response 
[2022-08-30 17:47:17.4929] | Debug | Cleanup timeout session... 
[2022-08-30 17:47:17.5657] | Debug | Send DBSvr Heartbeat. 
[2022-08-30 17:47:17.5657] | Debug | DBSvr Heartbeat Response 
[2022-08-30 17:47:27.5667] | Debug | Send DBSvr Heartbeat. 
[2022-08-30 17:47:27.5667] | Debug | DBSvr Heartbeat Response 
[2022-08-30 17:47:37.4939] | Debug | Cleanup timeout session... 
[2022-08-30 17:47:37.5685] | Debug | Send DBSvr Heartbeat. 
[2022-08-30 17:47:37.5685] | Debug | DBSvr Heartbeat Response 
[2022-08-30 17:47:47.5694] | Debug | Send DBSvr Heartbeat. 
[2022-08-30 17:47:47.5694] | Debug | DBSvr Heartbeat Response 
[2022-08-30 17:47:57.4946] | Debug | Cleanup timeout session... 
[2022-08-30 17:47:57.5713] | Debug | Send DBSvr Heartbeat. 
[2022-08-30 17:47:57.5713] | Debug | DBSvr Heartbeat Response 
[2022-08-30 17:48:07.5716] | Debug | Send DBSvr Heartbeat. 
[2022-08-30 17:48:07.5716] | Debug | DBSvr Heartbeat Response 
[2022-08-30 17:48:17.4959] | Debug | Cleanup timeout session... 
[2022-08-30 17:48:17.5727] | Debug | Send DBSvr Heartbeat. 
[2022-08-30 17:48:17.5727] | Debug | DBSvr Heartbeat Response 
[2022-08-30 17:48:27.5744] | Debug | Send DBSvr Heartbeat. 
[2022-08-30 17:48:27.5744] | Debug | DBSvr Heartbeat Response 
[2022-08-30 17:48:37.4971] | Debug | Cleanup timeout session... 
[2022-08-30 17:48:37.5759] | Debug | Send DBSvr Heartbeat. 
[2022-08-30 17:48:37.5763] | Debug | DBSvr Heartbeat Response 
[2022-08-30 17:48:47.5773] | Debug | Send DBSvr Heartbeat. 
[2022-08-30 17:48:47.5773] | Debug | DBSvr Heartbeat Response 
[2022-08-30 17:48:57.4977] | Debug | Cleanup timeout session... 
[2022-08-30 17:48:57.5784] | Debug | Send DBSvr Heartbeat. 
[2022-08-30 17:48:57.5784] | Debug | DBSvr Heartbeat Response 
[2022-08-30 17:49:07.5795] | Debug | Send DBSvr Heartbeat. 
[2022-08-30 17:49:07.5795] | Debug | DBSvr Heartbeat Response 
[2022-08-30 17:49:17.4994] | Debug | Cleanup timeout session... 
[2022-08-30 17:49:17.5807] | Debug | Send DBSvr Heartbeat. 
[2022-08-30 17:49:17.5807] | Debug | DBSvr Heartbeat Response 
[2022-08-30 17:49:27.5818] | Debug | Send DBSvr Heartbeat. 
[2022-08-30 17:49:27.5818] | Debug | DBSvr Heartbeat Response 
[2022-08-30 17:49:37.5014] | Debug | Cleanup timeout session... 
[2022-08-30 17:49:37.5826] | Debug | Send DBSvr Heartbeat. 
[2022-08-30 17:49:37.5826] | Debug | DBSvr Heartbeat Response 
[2022-08-30 17:49:47.5835] | Debug | Send DBSvr Heartbeat. 
[2022-08-30 17:49:47.5835] | Debug | DBSvr Heartbeat Response 
[2022-08-30 17:49:57.5025] | Debug | Cleanup timeout session... 
[2022-08-30 17:49:57.5853] | Debug | Send DBSvr Heartbeat. 
[2022-08-30 17:49:57.5853] | Debug | DBSvr Heartbeat Response 
[2022-08-30 17:50:07.5854] | Debug | Send DBSvr Heartbeat. 
[2022-08-30 17:50:07.5854] | Debug | DBSvr Heartbeat Response 
[2022-08-30 17:50:17.5034] | Debug | Cleanup timeout session... 
[2022-08-30 17:50:17.5868] | Debug | Send DBSvr Heartbeat. 
[2022-08-30 17:50:17.5868] | Debug | DBSvr Heartbeat Response 
[2022-08-30 17:50:27.5886] | Debug | Send DBSvr Heartbeat. 
[2022-08-30 17:50:27.5886] | Debug | DBSvr Heartbeat Response 
[2022-08-30 17:50:37.5052] | Debug | Cleanup timeout session... 
[2022-08-30 17:50:37.5899] | Debug | Send DBSvr Heartbeat. 
[2022-08-30 17:50:37.5899] | Debug | DBSvr Heartbeat Response 
[2022-08-30 17:50:47.5913] | Debug | Send DBSvr Heartbeat. 
[2022-08-30 17:50:47.5918] | Debug | DBSvr Heartbeat Response 
[2022-08-30 17:50:57.5060] | Debug | Cleanup timeout session... 
[2022-08-30 17:50:57.5915] | Debug | Send DBSvr Heartbeat. 
[2022-08-30 17:50:57.5915] | Debug | DBSvr Heartbeat Response 
[2022-08-30 17:51:07.5935] | Debug | Send DBSvr Heartbeat. 
[2022-08-30 17:51:07.5935] | Debug | DBSvr Heartbeat Response 
[2022-08-30 17:51:17.5066] | Debug | Cleanup timeout session... 
[2022-08-30 17:51:17.5949] | Debug | Send DBSvr Heartbeat. 
[2022-08-30 17:51:17.5953] | Debug | DBSvr Heartbeat Response 
[2022-08-30 17:51:27.5961] | Debug | Send DBSvr Heartbeat. 
[2022-08-30 17:51:27.5965] | Debug | DBSvr Heartbeat Response 
[2022-08-30 17:51:37.5084] | Debug | Cleanup timeout session... 
[2022-08-30 17:51:37.5971] | Debug | Send DBSvr Heartbeat. 
[2022-08-30 17:51:37.5975] | Debug | DBSvr Heartbeat Response 
[2022-08-30 17:51:47.5974] | Debug | Send DBSvr Heartbeat. 
[2022-08-30 17:51:47.5974] | Debug | DBSvr Heartbeat Response 
[2022-08-30 17:51:57.5097] | Debug | Cleanup timeout session... 
[2022-08-30 17:51:57.5987] | Debug | Send DBSvr Heartbeat. 
[2022-08-30 17:51:57.5987] | Debug | DBSvr Heartbeat Response 
[2022-08-30 17:52:07.5999] | Debug | Send DBSvr Heartbeat. 
[2022-08-30 17:52:07.6003] | Debug | DBSvr Heartbeat Response 
[2022-08-30 17:52:17.5116] | Debug | Cleanup timeout session... 
[2022-08-30 17:52:17.6009] | Debug | Send DBSvr Heartbeat. 
[2022-08-30 17:52:17.6009] | Debug | DBSvr Heartbeat Response 
[2022-08-30 17:52:27.6018] | Debug | Send DBSvr Heartbeat. 
[2022-08-30 17:52:27.6018] | Debug | DBSvr Heartbeat Response 
[2022-08-30 17:52:37.5128] | Debug | Cleanup timeout session... 
[2022-08-30 17:52:37.6024] | Debug | Send DBSvr Heartbeat. 
[2022-08-30 17:52:37.6024] | Debug | DBSvr Heartbeat Response 
[2022-08-30 17:52:47.6039] | Debug | Send DBSvr Heartbeat. 
[2022-08-30 17:52:47.6044] | Debug | DBSvr Heartbeat Response 
[2022-08-30 17:52:57.5133] | Debug | Cleanup timeout session... 
[2022-08-30 17:52:57.6046] | Debug | Send DBSvr Heartbeat. 
[2022-08-30 17:52:57.6046] | Debug | DBSvr Heartbeat Response 
[2022-08-30 17:53:07.6055] | Debug | Send DBSvr Heartbeat. 
[2022-08-30 17:53:07.6055] | Debug | DBSvr Heartbeat Response 
[2022-08-30 17:53:17.5148] | Debug | Cleanup timeout session... 
[2022-08-30 17:53:17.6073] | Debug | Send DBSvr Heartbeat. 
[2022-08-30 17:53:17.6073] | Debug | DBSvr Heartbeat Response 
[2022-08-30 17:53:18.7198] | Debug | 用户[10.10.0.109]分配到数据库服务器[0] Server:10.10.0.102:5100 
[2022-08-30 17:53:18.7198] | Debug | [UserEnter] %Kbeb43a02c864499a9d355fbb448fc3b2/10.10.0.109/10.10.0.109$ 
[2022-08-30 17:53:24.0633] | Debug | [UserLeave] %Lbeb43a02c864499a9d355fbb448fc3b2$ 
[2022-08-30 17:53:27.6077] | Debug | Send DBSvr Heartbeat. 
[2022-08-30 17:53:27.6077] | Debug | DBSvr Heartbeat Response 
[2022-08-30 17:53:37.5158] | Debug | Cleanup timeout session... 
[2022-08-30 17:53:37.6091] | Debug | Send DBSvr Heartbeat. 
[2022-08-30 17:53:37.6096] | Debug | DBSvr Heartbeat Response 
[2022-08-30 17:53:47.6102] | Debug | Send DBSvr Heartbeat. 
[2022-08-30 17:53:47.6105] | Debug | DBSvr Heartbeat Response 
[2022-08-30 17:53:57.5169] | Debug | Cleanup timeout session... 
[2022-08-30 17:53:57.6113] | Debug | Send DBSvr Heartbeat. 
[2022-08-30 17:53:57.6116] | Debug | DBSvr Heartbeat Response 
[2022-08-30 17:54:07.6120] | Debug | Send DBSvr Heartbeat. 
[2022-08-30 17:54:07.6125] | Debug | DBSvr Heartbeat Response 
[2022-08-30 17:54:17.5182] | Debug | Cleanup timeout session... 
[2022-08-30 17:54:17.6131] | Debug | Send DBSvr Heartbeat. 
[2022-08-30 17:54:17.6135] | Debug | DBSvr Heartbeat Response 
[2022-08-30 17:54:27.6138] | Debug | Send DBSvr Heartbeat. 
[2022-08-30 17:54:27.6138] | Debug | DBSvr Heartbeat Response 
[2022-08-30 17:54:37.5195] | Debug | Cleanup timeout session... 
[2022-08-30 17:54:37.6154] | Debug | Send DBSvr Heartbeat. 
[2022-08-30 17:54:37.6154] | Debug | DBSvr Heartbeat Response 
[2022-08-30 17:54:47.6163] | Debug | Send DBSvr Heartbeat. 
[2022-08-30 17:54:47.6167] | Debug | DBSvr Heartbeat Response 
[2022-08-30 17:54:57.5203] | Debug | Cleanup timeout session... 
[2022-08-30 17:54:57.6174] | Debug | Send DBSvr Heartbeat. 
[2022-08-30 17:54:57.6174] | Debug | DBSvr Heartbeat Response 
[2022-08-30 17:55:07.6190] | Debug | Send DBSvr Heartbeat. 
[2022-08-30 17:55:07.6193] | Debug | DBSvr Heartbeat Response 
[2022-08-30 18:07:38.5653] | Info | 正在启动服务... 
[2022-08-30 18:07:38.6614] | Info | 欢迎使用翎风系列游戏软件... 
[2022-08-30 18:07:38.6614] | Info | 网站:http://www.gameofmir.com 
[2022-08-30 18:07:38.6614] | Info | 论坛:http://bbs.gameofmir.com 
[2022-08-30 18:07:38.6648] | Debug | Cleanup timeout session... 
[2022-08-30 18:07:38.6648] | Info | 数据库服务器[10.10.0.102:5100]链接成功. 
[2022-08-30 18:07:38.6654] | Debug | 线程[c036fa13379245da8c79f803bf9a916d]连接 10.10.0.102:5100 成功... 
[2022-08-30 18:07:38.6675] | Debug | Send DBSvr Heartbeat. 
[2022-08-30 18:07:38.6735] | Debug | DBSvr Heartbeat Response 
[2022-08-30 18:07:47.0551] | Info | 正在启动服务... 
[2022-08-30 18:07:47.1641] | Info | 欢迎使用翎风系列游戏软件... 
[2022-08-30 18:07:47.1646] | Info | 网站:http://www.gameofmir.com 
[2022-08-30 18:07:47.1646] | Info | 论坛:http://bbs.gameofmir.com 
[2022-08-30 18:07:47.1672] | Debug | Cleanup timeout session... 
[2022-08-30 18:07:47.1674] | Info | 数据库服务器[10.10.0.102:5100]链接成功. 
[2022-08-30 18:07:47.1674] | Debug | 线程[bbb8838dd4164ea2b1d50e9eed876b10]连接 10.10.0.102:5100 成功... 
[2022-08-30 18:07:47.1698] | Debug | Send DBSvr Heartbeat. 
[2022-08-30 18:07:47.1752] | Debug | DBSvr Heartbeat Response 
[2022-08-30 18:07:57.1693] | Debug | Send DBSvr Heartbeat. 
[2022-08-30 18:07:57.2072] | Debug | DBSvr Heartbeat Response 
[2022-08-30 18:08:07.1678] | Debug | Cleanup timeout session... 
[2022-08-30 18:08:07.1871] | Debug | Send DBSvr Heartbeat. 
[2022-08-30 18:08:07.1964] | Debug | DBSvr Heartbeat Response 
[2022-08-30 18:08:17.1880] | Debug | Send DBSvr Heartbeat. 
[2022-08-30 18:08:17.1914] | Debug | DBSvr Heartbeat Response 
[2022-08-30 18:08:23.0007] | Debug | 用户[10.10.0.109]分配到数据库服务器[0] Server:10.10.0.102:5100 
[2022-08-30 18:08:23.0022] | Debug | [UserEnter] %K95702e7d324048fdb656b607f74ebe7a/10.10.0.109/10.10.0.109$ 
[2022-08-30 18:08:27.1688] | Debug | Cleanup timeout session... 
[2022-08-30 18:08:27.1886] | Debug | Send DBSvr Heartbeat. 
[2022-08-30 18:08:27.1886] | Debug | DBSvr Heartbeat Response 
[2022-08-30 18:08:27.8714] | Debug | [UserLeave] %L95702e7d324048fdb656b607f74ebe7a$ 
[2022-08-30 18:08:37.1895] | Debug | Send DBSvr Heartbeat. 
[2022-08-30 18:08:37.1895] | Debug | DBSvr Heartbeat Response 
[2022-08-30 18:08:47.1698] | Debug | Cleanup timeout session... 
[2022-08-30 18:08:47.1907] | Debug | Send DBSvr Heartbeat. 
[2022-08-30 18:08:47.1915] | Debug | DBSvr Heartbeat Response 
[2022-08-30 18:08:57.1921] | Debug | Send DBSvr Heartbeat. 
[2022-08-30 18:08:57.1928] | Debug | DBSvr Heartbeat Response 
[2022-08-30 18:09:07.1709] | Debug | Cleanup timeout session... 
[2022-08-30 18:09:07.1934] | Debug | Send DBSvr Heartbeat. 
[2022-08-30 18:09:07.1934] | Debug | DBSvr Heartbeat Response 
[2022-08-30 18:09:17.1951] | Debug | Send DBSvr Heartbeat. 
[2022-08-30 18:09:17.1957] | Debug | DBSvr Heartbeat Response 
[2022-08-30 18:09:27.1725] | Debug | Cleanup timeout session... 
[2022-08-30 18:09:27.1966] | Debug | Send DBSvr Heartbeat. 
[2022-08-30 18:09:27.1966] | Debug | DBSvr Heartbeat Response 
[2022-08-30 18:09:37.1981] | Debug | Send DBSvr Heartbeat. 
[2022-08-30 18:09:37.1985] | Debug | DBSvr Heartbeat Response 
[2022-08-30 18:09:47.1735] | Debug | Cleanup timeout session... 
[2022-08-30 18:09:47.1992] | Debug | Send DBSvr Heartbeat. 
[2022-08-30 18:09:47.1997] | Debug | DBSvr Heartbeat Response 
[2022-08-30 18:09:57.1995] | Debug | Send DBSvr Heartbeat. 
[2022-08-30 18:09:57.1995] | Debug | DBSvr Heartbeat Response 
[2022-08-30 18:10:07.1745] | Debug | Cleanup timeout session... 
[2022-08-30 18:10:07.2007] | Debug | Send DBSvr Heartbeat. 
[2022-08-30 18:10:07.2007] | Debug | DBSvr Heartbeat Response 
[2022-08-30 18:10:17.2022] | Debug | Send DBSvr Heartbeat. 
[2022-08-30 18:10:17.2025] | Debug | DBSvr Heartbeat Response 
[2022-08-30 18:10:27.1760] | Debug | Cleanup timeout session... 
[2022-08-30 18:10:27.2036] | Debug | Send DBSvr Heartbeat. 
[2022-08-30 18:10:27.2036] | Debug | DBSvr Heartbeat Response 
[2022-08-30 18:10:37.2057] | Debug | Send DBSvr Heartbeat. 
[2022-08-30 18:10:37.2057] | Debug | DBSvr Heartbeat Response 
[2022-08-30 18:10:47.1766] | Debug | Cleanup timeout session... 
[2022-08-30 18:10:47.2067] | Debug | Send DBSvr Heartbeat. 
[2022-08-30 18:10:47.2067] | Debug | DBSvr Heartbeat Response 
[2022-08-30 18:10:57.2077] | Debug | Send DBSvr Heartbeat. 
[2022-08-30 18:10:57.2077] | Debug | DBSvr Heartbeat Response 
[2022-08-30 18:11:07.1783] | Debug | Cleanup timeout session... 
[2022-08-30 18:11:07.2095] | Debug | Send DBSvr Heartbeat. 
[2022-08-30 18:11:07.2095] | Debug | DBSvr Heartbeat Response 
[2022-08-30 18:11:17.2105] | Debug | Send DBSvr Heartbeat. 
[2022-08-30 18:11:17.2105] | Debug | DBSvr Heartbeat Response 
[2022-08-30 18:11:27.1801] | Debug | Cleanup timeout session... 
[2022-08-30 18:11:27.2121] | Debug | Send DBSvr Heartbeat. 
[2022-08-30 18:11:27.2126] | Debug | DBSvr Heartbeat Response 
[2022-08-30 18:11:37.2130] | Debug | Send DBSvr Heartbeat. 
[2022-08-30 18:11:37.2136] | Debug | DBSvr Heartbeat Response 
[2022-08-30 18:11:47.1808] | Debug | Cleanup timeout session... 
[2022-08-30 18:11:47.2147] | Debug | Send DBSvr Heartbeat. 
[2022-08-30 18:11:47.2147] | Debug | DBSvr Heartbeat Response 
[2022-08-30 18:11:57.2159] | Debug | Send DBSvr Heartbeat. 
[2022-08-30 18:11:57.2171] | Debug | DBSvr Heartbeat Response 
[2022-08-30 18:12:07.1817] | Debug | Cleanup timeout session... 
[2022-08-30 18:12:07.2177] | Debug | Send DBSvr Heartbeat. 
[2022-08-30 18:12:07.2177] | Debug | DBSvr Heartbeat Response 
[2022-08-30 18:12:17.2194] | Debug | Send DBSvr Heartbeat. 
[2022-08-30 18:12:17.2194] | Debug | DBSvr Heartbeat Response 
[2022-08-30 18:12:27.1833] | Debug | Cleanup timeout session... 
[2022-08-30 18:12:27.2207] | Debug | Send DBSvr Heartbeat. 
[2022-08-30 18:12:27.2207] | Debug | DBSvr Heartbeat Response 
[2022-08-30 18:12:37.2220] | Debug | Send DBSvr Heartbeat. 
[2022-08-30 18:12:37.2223] | Debug | DBSvr Heartbeat Response 
[2022-08-30 18:12:47.1840] | Debug | Cleanup timeout session... 
[2022-08-30 18:12:47.2226] | Debug | Send DBSvr Heartbeat. 
[2022-08-30 18:12:47.2226] | Debug | DBSvr Heartbeat Response 
[2022-08-30 18:12:57.2239] | Debug | Send DBSvr Heartbeat. 
[2022-08-30 18:12:57.2244] | Debug | DBSvr Heartbeat Response 
[2022-08-30 18:13:07.1844] | Debug | Cleanup timeout session... 
[2022-08-30 18:13:07.2246] | Debug | Send DBSvr Heartbeat. 
[2022-08-30 18:13:07.2305] | Debug | DBSvr Heartbeat Response 
[2022-08-30 18:13:17.2262] | Debug | Send DBSvr Heartbeat. 
[2022-08-30 18:13:17.2269] | Debug | DBSvr Heartbeat Response 
[2022-08-30 18:13:20.4168] | Debug | 用户[10.10.0.109]分配到数据库服务器[0] Server:10.10.0.102:5100 
[2022-08-30 18:13:20.4168] | Debug | [UserEnter] %K0311f301560746989137d6a0e6850b47/10.10.0.109/10.10.0.109$ 
[2022-08-30 18:13:25.9663] | Debug | [UserLeave] %L0311f301560746989137d6a0e6850b47$ 
[2022-08-30 18:13:27.1864] | Debug | Cleanup timeout session... 
[2022-08-30 18:13:27.2267] | Debug | Send DBSvr Heartbeat. 
[2022-08-30 18:13:27.2267] | Debug | DBSvr Heartbeat Response 
[2022-08-30 18:13:37.2283] | Debug | Send DBSvr Heartbeat. 
[2022-08-30 18:13:37.2287] | Debug | DBSvr Heartbeat Response 
[2022-08-30 18:13:47.1878] | Debug | Cleanup timeout session... 
[2022-08-30 18:13:47.2287] | Debug | Send DBSvr Heartbeat. 
[2022-08-30 18:13:47.2287] | Debug | DBSvr Heartbeat Response 
[2022-08-30 18:13:57.2304] | Debug | Send DBSvr Heartbeat. 
[2022-08-30 18:13:57.2304] | Debug | DBSvr Heartbeat Response 
[2022-08-30 18:14:07.1890] | Debug | Cleanup timeout session... 
[2022-08-30 18:14:07.2304] | Debug | Send DBSvr Heartbeat. 
[2022-08-30 18:14:07.2304] | Debug | DBSvr Heartbeat Response 
[2022-08-30 18:14:17.2320] | Debug | Send DBSvr Heartbeat. 
[2022-08-30 18:14:17.2325] | Debug | DBSvr Heartbeat Response 
[2022-08-30 18:14:27.1900] | Debug | Cleanup timeout session... 
[2022-08-30 18:14:27.2326] | Debug | Send DBSvr Heartbeat. 
[2022-08-30 18:14:27.2333] | Debug | DBSvr Heartbeat Response 
[2022-08-30 18:14:37.2339] | Debug | Send DBSvr Heartbeat. 
[2022-08-30 18:14:37.2339] | Debug | DBSvr Heartbeat Response 
[2022-08-30 18:14:47.1904] | Debug | Cleanup timeout session... 
[2022-08-30 18:14:47.2350] | Debug | Send DBSvr Heartbeat. 
[2022-08-30 18:14:47.2355] | Debug | DBSvr Heartbeat Response 
[2022-08-30 18:14:57.2360] | Debug | Send DBSvr Heartbeat. 
[2022-08-30 18:14:57.2360] | Debug | DBSvr Heartbeat Response 
[2022-08-30 18:15:07.1922] | Debug | Cleanup timeout session... 
[2022-08-30 18:15:07.2368] | Debug | Send DBSvr Heartbeat. 
[2022-08-30 18:15:07.2368] | Debug | DBSvr Heartbeat Response 
[2022-08-30 18:15:17.2379] | Debug | Send DBSvr Heartbeat. 
[2022-08-30 18:15:17.2379] | Debug | DBSvr Heartbeat Response 
[2022-08-30 18:15:27.1926] | Debug | Cleanup timeout session... 
[2022-08-30 18:15:27.2389] | Debug | Send DBSvr Heartbeat. 
[2022-08-30 18:15:27.2393] | Debug | DBSvr Heartbeat Response 
[2022-08-30 18:15:37.2394] | Debug | Send DBSvr Heartbeat. 
[2022-08-30 18:15:37.2394] | Debug | DBSvr Heartbeat Response 
[2022-08-30 18:15:47.1934] | Debug | Cleanup timeout session... 
[2022-08-30 18:15:47.2406] | Debug | Send DBSvr Heartbeat. 
[2022-08-30 18:15:47.2406] | Debug | DBSvr Heartbeat Response 
[2022-08-30 18:15:57.2419] | Debug | Send DBSvr Heartbeat. 
[2022-08-30 18:15:57.2419] | Debug | DBSvr Heartbeat Response 
[2022-08-30 18:16:08.4447] | Info | 正在启动服务... 
[2022-08-30 18:16:08.5388] | Info | 欢迎使用翎风系列游戏软件... 
[2022-08-30 18:16:08.5394] | Info | 网站:http://www.gameofmir.com 
[2022-08-30 18:16:08.5394] | Info | 论坛:http://bbs.gameofmir.com 
[2022-08-30 18:16:08.5418] | Debug | Cleanup timeout session... 
[2022-08-30 18:16:08.5418] | Info | 数据库服务器[10.10.0.102:5100]链接成功. 
[2022-08-30 18:16:08.5418] | Debug | 线程[962e4e24fa02422196bf0a62ca8cb87c]连接 10.10.0.102:5100 成功... 
[2022-08-30 18:16:08.5443] | Debug | Send DBSvr Heartbeat. 
[2022-08-30 18:16:08.5496] | Debug | DBSvr Heartbeat Response 
[2022-08-30 18:16:18.5445] | Debug | Send DBSvr Heartbeat. 
[2022-08-30 18:16:18.5454] | Debug | DBSvr Heartbeat Response 
[2022-08-30 18:16:28.5432] | Debug | Cleanup timeout session... 
[2022-08-30 18:16:28.5462] | Debug | Send DBSvr Heartbeat. 
[2022-08-30 18:16:28.5469] | Debug | DBSvr Heartbeat Response 
[2022-08-30 18:16:31.3346] | Debug | 用户[10.10.0.109]分配到数据库服务器[0] Server:10.10.0.102:5100 
[2022-08-30 18:16:31.3356] | Debug | [UserEnter] %Kec31ef05425c43d0b7d07bb079078b1e/10.10.0.109/10.10.0.109$ 
[2022-08-30 18:16:36.8552] | Debug | [UserLeave] %Lec31ef05425c43d0b7d07bb079078b1e$ 
[2022-08-30 18:16:38.5472] | Debug | Send DBSvr Heartbeat. 
[2022-08-30 18:16:38.5476] | Debug | DBSvr Heartbeat Response 
[2022-08-30 18:16:48.5442] | Debug | Cleanup timeout session... 
[2022-08-30 18:16:48.5480] | Debug | Send DBSvr Heartbeat. 
[2022-08-30 18:16:48.5485] | Debug | DBSvr Heartbeat Response 
[2022-08-30 18:16:58.5489] | Debug | Send DBSvr Heartbeat. 
[2022-08-30 18:16:58.5494] | Debug | DBSvr Heartbeat Response 
[2022-08-30 18:17:08.5450] | Debug | Cleanup timeout session... 
[2022-08-30 18:17:08.5499] | Debug | Send DBSvr Heartbeat. 
[2022-08-30 18:17:08.5499] | Debug | DBSvr Heartbeat Response 
[2022-08-30 18:17:18.5511] | Debug | Send DBSvr Heartbeat. 
[2022-08-30 18:17:18.5517] | Debug | DBSvr Heartbeat Response 
[2022-08-30 18:17:28.5454] | Debug | Cleanup timeout session... 
[2022-08-30 18:17:28.5523] | Debug | Send DBSvr Heartbeat. 
[2022-08-30 18:17:28.5528] | Debug | DBSvr Heartbeat Response 
[2022-08-30 18:17:38.5531] | Debug | Send DBSvr Heartbeat. 
[2022-08-30 18:17:38.5538] | Debug | DBSvr Heartbeat Response 
[2022-08-30 18:17:48.5466] | Debug | Cleanup timeout session... 
[2022-08-30 18:17:48.5537] | Debug | Send DBSvr Heartbeat. 
[2022-08-30 18:17:48.5543] | Debug | DBSvr Heartbeat Response 
[2022-08-30 18:17:58.5550] | Debug | Send DBSvr Heartbeat. 
[2022-08-30 18:17:58.5555] | Debug | DBSvr Heartbeat Response 
[2022-08-30 18:18:08.5475] | Debug | Cleanup timeout session... 
[2022-08-30 18:18:08.5554] | Debug | Send DBSvr Heartbeat. 
[2022-08-30 18:18:08.5554] | Debug | DBSvr Heartbeat Response 
[2022-08-30 18:18:18.5574] | Debug | Send DBSvr Heartbeat. 
[2022-08-30 18:18:18.5574] | Debug | DBSvr Heartbeat Response 
[2022-08-30 18:18:28.5495] | Debug | Cleanup timeout session... 
[2022-08-30 18:18:28.5578] | Debug | Send DBSvr Heartbeat. 
[2022-08-30 18:18:28.5584] | Debug | DBSvr Heartbeat Response 
[2022-08-30 18:18:30.7963] | Debug | 用户[10.10.0.109]分配到数据库服务器[0] Server:10.10.0.102:5100 
[2022-08-30 18:18:30.7967] | Debug | [UserEnter] %Ka6ed4e7b18884454925abd648c2a8926/10.10.0.109/10.10.0.109$ 
[2022-08-30 18:18:38.4149] | Debug | [UserLeave] %La6ed4e7b18884454925abd648c2a8926$ 
[2022-08-30 18:18:38.5587] | Debug | Send DBSvr Heartbeat. 
[2022-08-30 18:18:38.5587] | Debug | DBSvr Heartbeat Response 
[2022-08-30 18:18:48.5506] | Debug | Cleanup timeout session... 
[2022-08-30 18:18:48.5603] | Debug | Send DBSvr Heartbeat. 
[2022-08-30 18:18:48.5607] | Debug | DBSvr Heartbeat Response 
[2022-08-30 18:18:58.5606] | Debug | Send DBSvr Heartbeat. 
[2022-08-30 18:18:58.5606] | Debug | DBSvr Heartbeat Response 
[2022-08-30 18:19:08.5522] | Debug | Cleanup timeout session... 
[2022-08-30 18:19:08.5621] | Debug | Send DBSvr Heartbeat. 
[2022-08-30 18:19:08.5625] | Debug | DBSvr Heartbeat Response 
[2022-08-30 18:19:18.5633] | Debug | Send DBSvr Heartbeat. 
[2022-08-30 18:19:18.5633] | Debug | DBSvr Heartbeat Response 
[2022-08-30 18:19:28.5535] | Debug | Cleanup timeout session... 
[2022-08-30 18:19:28.5644] | Debug | Send DBSvr Heartbeat. 
[2022-08-30 18:19:28.5644] | Debug | DBSvr Heartbeat Response 
[2022-08-30 18:19:38.5661] | Debug | Send DBSvr Heartbeat. 
[2022-08-30 18:19:38.5667] | Debug | DBSvr Heartbeat Response 
[2022-08-30 18:19:48.5545] | Debug | Cleanup timeout session... 
[2022-08-30 18:19:48.5674] | Debug | Send DBSvr Heartbeat. 
[2022-08-30 18:19:48.5674] | Debug | DBSvr Heartbeat Response 
[2022-08-30 18:19:58.5680] | Debug | Send DBSvr Heartbeat. 
[2022-08-30 18:19:58.5685] | Debug | DBSvr Heartbeat Response 
[2022-08-30 18:20:08.5561] | Debug | Cleanup timeout session... 
[2022-08-30 18:20:08.5690] | Debug | Send DBSvr Heartbeat. 
[2022-08-30 18:20:08.5694] | Debug | DBSvr Heartbeat Response 
[2022-08-30 18:20:18.5699] | Debug | Send DBSvr Heartbeat. 
[2022-08-30 18:20:18.5704] | Debug | DBSvr Heartbeat Response 
[2022-08-30 18:20:28.5568] | Debug | Cleanup timeout session... 
[2022-08-30 18:20:28.5708] | Debug | Send DBSvr Heartbeat. 
[2022-08-30 18:20:28.5714] | Debug | DBSvr Heartbeat Response 
[2022-08-30 18:20:38.5714] | Debug | Send DBSvr Heartbeat. 
[2022-08-30 18:20:38.5714] | Debug | DBSvr Heartbeat Response 
[2022-08-30 18:20:48.5584] | Debug | Cleanup timeout session... 
[2022-08-30 18:20:48.5735] | Debug | Send DBSvr Heartbeat. 
[2022-08-30 18:20:48.5735] | Debug | DBSvr Heartbeat Response 
[2022-08-30 18:20:58.5751] | Debug | Send DBSvr Heartbeat. 
[2022-08-30 18:20:58.5755] | Debug | DBSvr Heartbeat Response 
[2022-08-30 18:21:08.5597] | Debug | Cleanup timeout session... 
[2022-08-30 18:21:08.5755] | Debug | Send DBSvr Heartbeat. 
[2022-08-30 18:21:08.5755] | Debug | DBSvr Heartbeat Response 
[2022-08-30 18:21:18.5775] | Debug | Send DBSvr Heartbeat. 
[2022-08-30 18:21:18.5775] | Debug | DBSvr Heartbeat Response 
[2022-08-30 18:21:28.5614] | Debug | Cleanup timeout session... 
[2022-08-30 18:21:28.5790] | Debug | Send DBSvr Heartbeat. 
[2022-08-30 18:21:28.5794] | Debug | DBSvr Heartbeat Response 
[2022-08-30 18:21:38.5795] | Debug | Send DBSvr Heartbeat. 
[2022-08-30 18:21:38.5795] | Debug | DBSvr Heartbeat Response 
[2022-08-30 18:21:48.5628] | Debug | Cleanup timeout session... 
[2022-08-30 18:21:48.5811] | Debug | Send DBSvr Heartbeat. 
[2022-08-30 18:21:48.5814] | Debug | DBSvr Heartbeat Response 
[2022-08-30 18:21:58.5814] | Debug | Send DBSvr Heartbeat. 
[2022-08-30 18:21:58.5814] | Debug | DBSvr Heartbeat Response 
[2022-08-30 18:22:08.5646] | Debug | Cleanup timeout session... 
[2022-08-30 18:22:08.5832] | Debug | Send DBSvr Heartbeat. 
[2022-08-30 18:22:08.5836] | Debug | DBSvr Heartbeat Response 
[2022-08-30 18:22:18.5839] | Debug | Send DBSvr Heartbeat. 
[2022-08-30 18:22:18.5839] | Debug | DBSvr Heartbeat Response 
[2022-08-30 18:22:28.5658] | Debug | Cleanup timeout session... 
[2022-08-30 18:22:28.5852] | Debug | Send DBSvr Heartbeat. 
[2022-08-30 18:22:28.5856] | Debug | DBSvr Heartbeat Response 
[2022-08-30 18:22:38.5855] | Debug | Send DBSvr Heartbeat. 
[2022-08-30 18:22:38.5855] | Debug | DBSvr Heartbeat Response 
[2022-08-30 18:22:48.5665] | Debug | Cleanup timeout session... 
[2022-08-30 18:22:48.5866] | Debug | Send DBSvr Heartbeat. 
[2022-08-30 18:22:48.5866] | Debug | DBSvr Heartbeat Response 
[2022-08-30 18:22:58.5884] | Debug | Send DBSvr Heartbeat. 
[2022-08-30 18:22:58.5884] | Debug | DBSvr Heartbeat Response 
[2022-08-30 18:23:08.5676] | Debug | Cleanup timeout session... 
[2022-08-30 18:23:08.5896] | Debug | Send DBSvr Heartbeat. 
[2022-08-30 18:23:08.5896] | Debug | DBSvr Heartbeat Response 
[2022-08-30 18:23:18.5906] | Debug | Send DBSvr Heartbeat. 
[2022-08-30 18:23:18.5906] | Debug | DBSvr Heartbeat Response 
[2022-08-30 18:23:28.5686] | Debug | Cleanup timeout session... 
[2022-08-30 18:23:28.5921] | Debug | Send DBSvr Heartbeat. 
[2022-08-30 18:23:28.5925] | Debug | DBSvr Heartbeat Response 
[2022-08-30 18:23:38.5928] | Debug | Send DBSvr Heartbeat. 
[2022-08-30 18:23:38.5928] | Debug | DBSvr Heartbeat Response 
[2022-08-30 18:23:48.5699] | Debug | Cleanup timeout session... 
[2022-08-30 18:23:48.5938] | Debug | Send DBSvr Heartbeat. 
[2022-08-30 18:23:48.5975] | Debug | DBSvr Heartbeat Response 
[2022-08-30 18:27:59.8828] | Info | 正在启动服务... 
[2022-08-30 18:27:59.9824] | Info | 欢迎使用翎风系列游戏软件... 
[2022-08-30 18:27:59.9824] | Info | 网站:http://www.gameofmir.com 
[2022-08-30 18:27:59.9824] | Info | 论坛:http://bbs.gameofmir.com 
[2022-08-30 18:27:59.9853] | Debug | Cleanup timeout session... 
[2022-08-30 18:27:59.9853] | Info | 数据库服务器[10.10.0.102:5100]链接成功. 
[2022-08-30 18:27:59.9853] | Debug | 线程[d3b999cc74d4416785d80eae78c07cb1]连接 10.10.0.102:5100 成功... 
[2022-08-30 18:27:59.9879] | Debug | Send DBSvr Heartbeat. 
[2022-08-30 18:27:59.9937] | Debug | DBSvr Heartbeat Response 
[2022-08-30 18:28:09.9868] | Debug | Send DBSvr Heartbeat. 
[2022-08-30 18:28:09.9874] | Debug | DBSvr Heartbeat Response 
[2022-08-30 18:28:19.9856] | Debug | Cleanup timeout session... 
[2022-08-30 18:28:19.9883] | Debug | Send DBSvr Heartbeat. 
[2022-08-30 18:28:19.9888] | Debug | DBSvr Heartbeat Response 
[2022-08-30 18:28:29.9891] | Debug | Send DBSvr Heartbeat. 
[2022-08-30 18:28:29.9897] | Debug | DBSvr Heartbeat Response 
[2022-08-30 18:28:39.9872] | Debug | Cleanup timeout session... 
[2022-08-30 18:28:39.9899] | Debug | Send DBSvr Heartbeat. 
[2022-08-30 18:28:39.9905] | Debug | DBSvr Heartbeat Response 
[2022-08-30 18:28:49.9910] | Debug | Send DBSvr Heartbeat. 
[2022-08-30 18:28:49.9915] | Debug | DBSvr Heartbeat Response 
[2022-08-30 18:28:59.9884] | Debug | Cleanup timeout session... 
[2022-08-30 18:28:59.9917] | Debug | Send DBSvr Heartbeat. 
[2022-08-30 18:28:59.9926] | Debug | DBSvr Heartbeat Response 
[2022-08-30 18:29:05.0995] | Debug | 用户[10.10.0.109]分配到数据库服务器[0] Server:10.10.0.102:5100 
[2022-08-30 18:29:05.1007] | Debug | [UserEnter] %K2a1ec5cc7d814deb92056fdba95939bc/10.10.0.109/10.10.0.109$ 
[2022-08-30 18:29:09.9935] | Debug | Send DBSvr Heartbeat. 
[2022-08-30 18:29:09.9935] | Debug | DBSvr Heartbeat Response 
[2022-08-30 18:29:10.1386] | Debug | [UserLeave] %L2a1ec5cc7d814deb92056fdba95939bc$ 
[2022-08-30 18:29:19.9898] | Debug | Cleanup timeout session... 
[2022-08-30 18:29:19.9939] | Debug | Send DBSvr Heartbeat. 
[2022-08-30 18:29:19.9946] | Debug | DBSvr Heartbeat Response 
[2022-08-30 18:29:29.9948] | Debug | Send DBSvr Heartbeat. 
[2022-08-30 18:29:29.9948] | Debug | DBSvr Heartbeat Response 
[2022-08-30 18:29:39.9905] | Debug | Cleanup timeout session... 
[2022-08-30 18:29:39.9955] | Debug | Send DBSvr Heartbeat. 
[2022-08-30 18:29:39.9955] | Debug | DBSvr Heartbeat Response 
[2022-08-30 18:29:49.9976] | Debug | Send DBSvr Heartbeat. 
[2022-08-30 18:29:49.9976] | Debug | DBSvr Heartbeat Response 
[2022-08-30 18:29:59.9923] | Debug | Cleanup timeout session... 
[2022-08-30 18:29:59.9982] | Debug | Send DBSvr Heartbeat. 
[2022-08-30 18:29:59.9994] | Debug | DBSvr Heartbeat Response 
[2022-08-30 18:30:09.9986] | Debug | Send DBSvr Heartbeat. 
[2022-08-30 18:30:09.9986] | Debug | DBSvr Heartbeat Response 
[2022-08-30 18:30:19.9924] | Debug | Cleanup timeout session... 
[2022-08-30 18:30:20.0002] | Debug | Send DBSvr Heartbeat. 
[2022-08-30 18:30:20.0006] | Debug | DBSvr Heartbeat Response 
[2022-08-30 18:30:27.1130] | Debug | 用户[10.10.0.109]分配到数据库服务器[0] Server:10.10.0.102:5100 
[2022-08-30 18:30:27.1134] | Debug | [UserEnter] %K6a10903a83a74956a8acc5186c1d1059/10.10.0.109/10.10.0.109$ 
[2022-08-30 18:30:30.0005] | Debug | Send DBSvr Heartbeat. 
[2022-08-30 18:30:30.0005] | Debug | DBSvr Heartbeat Response 
[2022-08-30 18:30:31.4254] | Debug | [UserLeave] %L6a10903a83a74956a8acc5186c1d1059$ 
[2022-08-30 18:30:39.9939] | Debug | Cleanup timeout session... 
[2022-08-30 18:30:40.0021] | Debug | Send DBSvr Heartbeat. 
[2022-08-30 18:30:40.0026] | Debug | DBSvr Heartbeat Response 
[2022-08-30 18:30:50.0027] | Debug | Send DBSvr Heartbeat. 
[2022-08-30 18:30:50.0027] | Debug | DBSvr Heartbeat Response 
[2022-08-30 18:30:59.9948] | Debug | Cleanup timeout session... 
[2022-08-30 18:31:00.0037] | Debug | Send DBSvr Heartbeat. 
[2022-08-30 18:31:00.0045] | Debug | DBSvr Heartbeat Response 
[2022-08-30 18:31:10.0054] | Debug | Send DBSvr Heartbeat. 
[2022-08-30 18:31:10.0054] | Debug | DBSvr Heartbeat Response 
[2022-08-30 18:31:19.9963] | Debug | Cleanup timeout session... 
[2022-08-30 18:31:20.0065] | Debug | Send DBSvr Heartbeat. 
[2022-08-30 18:31:20.0065] | Debug | DBSvr Heartbeat Response 
[2022-08-30 18:31:30.0081] | Debug | Send DBSvr Heartbeat. 
[2022-08-30 18:31:30.0086] | Debug | DBSvr Heartbeat Response 
[2022-08-30 18:31:39.9965] | Debug | Cleanup timeout session... 
[2022-08-30 18:31:40.0093] | Debug | Send DBSvr Heartbeat. 
[2022-08-30 18:31:40.0100] | Debug | DBSvr Heartbeat Response 
[2022-08-30 18:31:50.0098] | Debug | Send DBSvr Heartbeat. 
[2022-08-30 18:31:50.0098] | Debug | DBSvr Heartbeat Response 
[2022-08-30 18:31:59.9984] | Debug | Cleanup timeout session... 
[2022-08-30 18:32:00.0106] | Debug | Send DBSvr Heartbeat. 
[2022-08-30 18:32:00.0106] | Debug | DBSvr Heartbeat Response 
[2022-08-30 18:32:10.0117] | Debug | Send DBSvr Heartbeat. 
[2022-08-30 18:32:10.0117] | Debug | DBSvr Heartbeat Response 
[2022-08-30 18:32:20.0002] | Debug | Cleanup timeout session... 
[2022-08-30 18:32:20.0131] | Debug | Send DBSvr Heartbeat. 
[2022-08-30 18:32:20.0136] | Debug | DBSvr Heartbeat Response 
[2022-08-30 18:32:30.0141] | Debug | Send DBSvr Heartbeat. 
[2022-08-30 18:32:30.0145] | Debug | DBSvr Heartbeat Response 
[2022-08-30 18:32:40.0007] | Debug | Cleanup timeout session... 
[2022-08-30 18:32:40.0146] | Debug | Send DBSvr Heartbeat. 
[2022-08-30 18:32:40.0146] | Debug | DBSvr Heartbeat Response 
[2022-08-30 18:32:50.0166] | Debug | Send DBSvr Heartbeat. 
[2022-08-30 18:32:50.0166] | Debug | DBSvr Heartbeat Response 
[2022-08-30 18:33:00.0014] | Debug | Cleanup timeout session... 
[2022-08-30 18:33:00.0179] | Debug | Send DBSvr Heartbeat. 
[2022-08-30 18:33:00.0179] | Debug | DBSvr Heartbeat Response 
[2022-08-30 18:33:10.0187] | Debug | Send DBSvr Heartbeat. 
[2022-08-30 18:33:10.0187] | Debug | DBSvr Heartbeat Response 
[2022-08-30 18:33:20.0033] | Debug | Cleanup timeout session... 
[2022-08-30 18:33:20.0204] | Debug | Send DBSvr Heartbeat. 
[2022-08-30 18:33:20.0204] | Debug | DBSvr Heartbeat Response 
[2022-08-30 18:33:30.0215] | Debug | Send DBSvr Heartbeat. 
[2022-08-30 18:33:30.0215] | Debug | DBSvr Heartbeat Response 
[2022-08-30 18:48:05.2225] | Info | 正在启动服务... 
[2022-08-30 18:48:05.3172] | Info | 欢迎使用翎风系列游戏软件... 
[2022-08-30 18:48:05.3178] | Info | 网站:http://www.gameofmir.com 
[2022-08-30 18:48:05.3178] | Info | 论坛:http://bbs.gameofmir.com 
[2022-08-30 18:48:05.3202] | Debug | Cleanup timeout session... 
[2022-08-30 18:48:05.3202] | Info | 数据库服务器[10.10.0.102:5100]链接成功. 
[2022-08-30 18:48:05.3206] | Debug | 线程[2081ec79c9bc4254b4cc5f3f1f9a3fd4]连接 10.10.0.102:5100 成功... 
[2022-08-30 18:48:05.3227] | Debug | Send DBSvr Heartbeat. 
[2022-08-30 18:48:05.3280] | Debug | DBSvr Heartbeat Response 
[2022-08-30 18:48:15.3217] | Debug | Send DBSvr Heartbeat. 
[2022-08-30 18:48:15.3226] | Debug | DBSvr Heartbeat Response 
[2022-08-30 18:48:25.3215] | Debug | Cleanup timeout session... 
[2022-08-30 18:48:25.3231] | Debug | Send DBSvr Heartbeat. 
[2022-08-30 18:48:25.3236] | Debug | DBSvr Heartbeat Response 
[2022-08-30 18:48:35.3236] | Debug | Send DBSvr Heartbeat. 
[2022-08-30 18:48:35.3245] | Debug | DBSvr Heartbeat Response 
[2022-08-30 18:48:39.0899] | Debug | 用户[10.10.0.109]分配到数据库服务器[0] Server:10.10.0.102:5100 
[2022-08-30 18:48:39.0966] | Debug | [UserEnter] %K1fea89591d6e4e568bb62cffbe6f0bf5/10.10.0.109/10.10.0.109$ 
[2022-08-30 18:48:41.9169] | Debug | [UserLeave] %L1fea89591d6e4e568bb62cffbe6f0bf5$ 
[2022-08-30 18:48:45.3231] | Debug | Cleanup timeout session... 
[2022-08-30 18:48:45.3246] | Debug | Send DBSvr Heartbeat. 
[2022-08-30 18:48:45.3246] | Debug | DBSvr Heartbeat Response 
[2022-08-30 18:48:55.3258] | Debug | Send DBSvr Heartbeat. 
[2022-08-30 18:48:55.3258] | Debug | DBSvr Heartbeat Response 
[2022-08-30 18:49:05.3236] | Debug | Cleanup timeout session... 
[2022-08-30 18:49:05.3273] | Debug | Send DBSvr Heartbeat. 
[2022-08-30 18:49:05.3278] | Debug | DBSvr Heartbeat Response 
[2022-08-30 18:49:15.3289] | Debug | Send DBSvr Heartbeat. 
[2022-08-30 18:49:15.3296] | Debug | DBSvr Heartbeat Response 
[2022-08-30 18:49:25.3246] | Debug | Cleanup timeout session... 
[2022-08-30 18:49:25.3306] | Debug | Send DBSvr Heartbeat. 
[2022-08-30 18:49:25.3306] | Debug | DBSvr Heartbeat Response 
[2022-08-30 18:49:35.3324] | Debug | Send DBSvr Heartbeat. 
[2022-08-30 18:49:35.3324] | Debug | DBSvr Heartbeat Response 
[2022-08-30 18:49:45.3258] | Debug | Cleanup timeout session... 
[2022-08-30 18:49:45.3326] | Debug | Send DBSvr Heartbeat. 
[2022-08-30 18:49:45.3326] | Debug | DBSvr Heartbeat Response 
[2022-08-30 18:49:55.3339] | Debug | Send DBSvr Heartbeat. 
[2022-08-30 18:49:55.3345] | Debug | DBSvr Heartbeat Response 
[2022-08-30 18:50:05.3269] | Debug | Cleanup timeout session... 
[2022-08-30 18:50:05.3350] | Debug | Send DBSvr Heartbeat. 
[2022-08-30 18:50:05.3355] | Debug | DBSvr Heartbeat Response 
[2022-08-30 18:50:15.3364] | Debug | Send DBSvr Heartbeat. 
[2022-08-30 18:50:15.3364] | Debug | DBSvr Heartbeat Response 
[2022-08-30 18:50:25.3286] | Debug | Cleanup timeout session... 
[2022-08-30 18:50:25.3370] | Debug | Send DBSvr Heartbeat. 
[2022-08-30 18:50:25.3376] | Debug | DBSvr Heartbeat Response 
[2022-08-30 18:50:35.3382] | Debug | Send DBSvr Heartbeat. 
[2022-08-30 18:50:35.3385] | Debug | DBSvr Heartbeat Response 
[2022-08-30 18:50:45.3297] | Debug | Cleanup timeout session... 
[2022-08-30 18:50:45.3388] | Debug | Send DBSvr Heartbeat. 
[2022-08-30 18:50:45.3395] | Debug | DBSvr Heartbeat Response 
[2022-08-30 18:50:55.3407] | Debug | Send DBSvr Heartbeat. 
[2022-08-30 18:50:55.3407] | Debug | DBSvr Heartbeat Response 
[2022-08-30 18:51:05.3314] | Debug | Cleanup timeout session... 
[2022-08-30 18:51:05.3427] | Debug | Send DBSvr Heartbeat. 
[2022-08-30 18:51:05.3427] | Debug | DBSvr Heartbeat Response 
[2022-08-30 18:51:15.3441] | Debug | Send DBSvr Heartbeat. 
[2022-08-30 18:51:15.3445] | Debug | DBSvr Heartbeat Response 
[2022-08-30 18:51:25.3330] | Debug | Cleanup timeout session... 
[2022-08-30 18:51:25.3454] | Debug | Send DBSvr Heartbeat. 
[2022-08-30 18:51:25.3454] | Debug | DBSvr Heartbeat Response 
[2022-08-30 18:51:35.3471] | Debug | Send DBSvr Heartbeat. 
[2022-08-30 18:51:35.3476] | Debug | DBSvr Heartbeat Response 
[2022-08-30 18:51:45.3335] | Debug | Cleanup timeout session... 
[2022-08-30 18:51:45.3482] | Debug | Send DBSvr Heartbeat. 
[2022-08-30 18:51:45.3488] | Debug | DBSvr Heartbeat Response 
[2022-08-30 18:51:55.3487] | Debug | Send DBSvr Heartbeat. 
[2022-08-30 18:51:55.3487] | Debug | DBSvr Heartbeat Response 
[2022-08-30 18:52:05.3348] | Debug | Cleanup timeout session... 
[2022-08-30 18:52:05.3505] | Debug | Send DBSvr Heartbeat. 
[2022-08-30 18:52:05.3505] | Debug | DBSvr Heartbeat Response 
[2022-08-30 19:02:16.4764] | Info | 正在启动服务... 
[2022-08-30 19:02:16.5758] | Info | 欢迎使用翎风系列游戏软件... 
[2022-08-30 19:02:16.5765] | Info | 网站:http://www.gameofmir.com 
[2022-08-30 19:02:16.5765] | Info | 论坛:http://bbs.gameofmir.com 
[2022-08-30 19:02:16.5798] | Debug | Cleanup timeout session... 
[2022-08-30 19:02:16.5798] | Info | 数据库服务器[10.10.0.102:5100]链接成功. 
[2022-08-30 19:02:16.5798] | Debug | 线程[51d0155b4ed24dd3b1abe08464ba42df]连接 10.10.0.102:5100 成功... 
[2022-08-30 19:02:16.5827] | Debug | Send DBSvr Heartbeat. 
[2022-08-30 19:02:16.5883] | Debug | DBSvr Heartbeat Response 
[2022-08-30 19:02:26.5819] | Debug | Send DBSvr Heartbeat. 
[2022-08-30 19:02:26.5825] | Debug | DBSvr Heartbeat Response 
[2022-08-30 19:02:36.5812] | Debug | Cleanup timeout session... 
[2022-08-30 19:02:36.5829] | Debug | Send DBSvr Heartbeat. 
[2022-08-30 19:02:36.5834] | Debug | DBSvr Heartbeat Response 
[2022-08-30 19:02:46.5847] | Debug | Send DBSvr Heartbeat. 
[2022-08-30 19:02:46.5855] | Debug | DBSvr Heartbeat Response 
[2022-08-30 19:02:55.4408] | Debug | 用户[10.10.0.109]分配到数据库服务器[0] Server:10.10.0.102:5100 
[2022-08-30 19:02:55.4420] | Debug | [UserEnter] %Kafef7855352a45a7b8ec09d3360c5db0/10.10.0.109/10.10.0.109$ 
[2022-08-30 19:02:56.5820] | Debug | Cleanup timeout session... 
[2022-08-30 19:02:56.5857] | Debug | Send DBSvr Heartbeat. 
[2022-08-30 19:02:56.5857] | Debug | DBSvr Heartbeat Response 
[2022-08-30 19:02:58.5066] | Debug | [UserLeave] %Lafef7855352a45a7b8ec09d3360c5db0$ 
[2022-08-30 19:03:06.5873] | Debug | Send DBSvr Heartbeat. 
[2022-08-30 19:03:06.5879] | Debug | DBSvr Heartbeat Response 
[2022-08-30 19:03:16.5830] | Debug | Cleanup timeout session... 
[2022-08-30 19:03:16.5882] | Debug | Send DBSvr Heartbeat. 
[2022-08-30 19:03:16.5888] | Debug | DBSvr Heartbeat Response 
[2022-08-30 19:03:26.5892] | Debug | Send DBSvr Heartbeat. 
[2022-08-30 19:03:26.5899] | Debug | DBSvr Heartbeat Response 
[2022-08-30 19:03:36.5835] | Debug | Cleanup timeout session... 
[2022-08-30 19:03:36.5895] | Debug | Send DBSvr Heartbeat. 
[2022-08-30 19:03:36.5895] | Debug | DBSvr Heartbeat Response 
[2022-08-30 19:03:46.5905] | Debug | Send DBSvr Heartbeat. 
[2022-08-30 19:03:46.5905] | Debug | DBSvr Heartbeat Response 
[2022-08-30 19:03:56.5851] | Debug | Cleanup timeout session... 
[2022-08-30 19:03:56.5922] | Debug | Send DBSvr Heartbeat. 
[2022-08-30 19:03:56.5927] | Debug | DBSvr Heartbeat Response 
[2022-08-30 19:04:06.5929] | Debug | Send DBSvr Heartbeat. 
[2022-08-30 19:04:06.5937] | Debug | DBSvr Heartbeat Response 
[2022-08-30 19:04:16.5858] | Debug | Cleanup timeout session... 
[2022-08-30 19:04:16.5940] | Debug | Send DBSvr Heartbeat. 
[2022-08-30 19:04:16.5946] | Debug | DBSvr Heartbeat Response 
[2022-08-30 19:04:26.5960] | Debug | Send DBSvr Heartbeat. 
[2022-08-30 19:04:26.5967] | Debug | DBSvr Heartbeat Response 
[2022-08-30 19:04:36.5872] | Debug | Cleanup timeout session... 
[2022-08-30 19:04:36.5973] | Debug | Send DBSvr Heartbeat. 
[2022-08-30 19:04:36.5977] | Debug | DBSvr Heartbeat Response 
[2022-08-30 19:04:46.5983] | Debug | Send DBSvr Heartbeat. 
[2022-08-30 19:04:46.5989] | Debug | DBSvr Heartbeat Response 
[2022-08-30 19:04:56.5875] | Debug | Cleanup timeout session... 
[2022-08-30 19:04:56.5993] | Debug | Send DBSvr Heartbeat. 
[2022-08-30 19:04:56.6000] | Debug | DBSvr Heartbeat Response 
[2022-08-30 19:05:06.6000] | Debug | Send DBSvr Heartbeat. 
[2022-08-30 19:05:06.6005] | Debug | DBSvr Heartbeat Response 
[2022-08-30 19:05:16.5889] | Debug | Cleanup timeout session... 
[2022-08-30 19:05:16.6007] | Debug | Send DBSvr Heartbeat. 
[2022-08-30 19:05:16.6014] | Debug | DBSvr Heartbeat Response 
[2022-08-30 19:05:26.6025] | Debug | Send DBSvr Heartbeat. 
[2022-08-30 19:05:26.6025] | Debug | DBSvr Heartbeat Response 
[2022-08-30 19:05:36.5903] | Debug | Cleanup timeout session... 
[2022-08-30 19:05:36.6045] | Debug | Send DBSvr Heartbeat. 
[2022-08-30 19:05:36.6045] | Debug | DBSvr Heartbeat Response 
[2022-08-30 19:05:46.6065] | Debug | Send DBSvr Heartbeat. 
[2022-08-30 19:05:46.6065] | Debug | DBSvr Heartbeat Response 
[2022-08-30 19:05:56.5906] | Debug | Cleanup timeout session... 
[2022-08-30 19:05:56.6080] | Debug | Send DBSvr Heartbeat. 
[2022-08-30 19:05:56.6086] | Debug | DBSvr Heartbeat Response 
[2022-08-30 19:06:06.6085] | Debug | Send DBSvr Heartbeat. 
[2022-08-30 19:06:06.6085] | Debug | DBSvr Heartbeat Response 
[2022-08-30 19:06:16.5924] | Debug | Cleanup timeout session... 
[2022-08-30 19:06:16.6102] | Debug | Send DBSvr Heartbeat. 
[2022-08-30 19:06:16.6108] | Debug | DBSvr Heartbeat Response 
[2022-08-30 19:06:26.6104] | Debug | Send DBSvr Heartbeat. 
[2022-08-30 19:06:26.6104] | Debug | DBSvr Heartbeat Response 
[2022-08-30 19:06:36.5943] | Debug | Cleanup timeout session... 
[2022-08-30 19:06:36.6125] | Debug | Send DBSvr Heartbeat. 
[2022-08-30 19:06:36.6125] | Debug | DBSvr Heartbeat Response 
[2022-08-30 19:06:46.6130] | Debug | Send DBSvr Heartbeat. 
[2022-08-30 19:06:46.6137] | Debug | DBSvr Heartbeat Response 
[2022-08-30 19:06:56.5955] | Debug | Cleanup timeout session... 
[2022-08-30 19:06:56.6143] | Debug | Send DBSvr Heartbeat. 
[2022-08-30 19:06:56.6147] | Debug | DBSvr Heartbeat Response 
